[ 2016-04-30T16:35:12+08:00 ] 127.0.0.1 /index.php?m=Home&c=Index&a=is_login
INFO: [ app_init ] --START--
INFO: Run Behavior\BuildLiteBehavior [ RunTime:0.000027s ]
INFO: [ app_init ] --END-- [ RunTime:0.002096s ]
INFO: [ app_begin ] --START--
INFO: Run Behavior\ReadHtmlCacheBehavior [ RunTime:0.000671s ]
INFO: [ app_begin ] --END-- [ RunTime:0.000778s ]
NOTIC: [2] session_start(): open(/tmp\sess_tskkua6kbbb628cpu1eg4sr337, O_RDWR) failed: No such file or directory (2) C:\Users\Administrator\Desktop\party\ThinkPHP\Common\functions.php 第 1263 行.

[ 2016-04-30T16:35:12+08:00 ] 127.0.0.1 /index.php?m=Home&c=Index&a=news
INFO: [ app_init ] --START--
INFO: Run Behavior\BuildLiteBehavior [ RunTime:0.000039s ]
INFO: [ app_init ] --END-- [ RunTime:0.001023s ]
INFO: [ app_begin ] --START--
INFO: Run Behavior\ReadHtmlCacheBehavior [ RunTime:0.001022s ]
INFO: [ app_begin ] --END-- [ RunTime:0.001247s ]
NOTIC: [2] session_start(): open(/tmp\sess_tskkua6kbbb628cpu1eg4sr337, O_RDWR) failed: No such file or directory (2) C:\Users\Administrator\Desktop\party\ThinkPHP\Common\functions.php 第 1263 行.
SQL: SHOW COLUMNS FROM `party_news` [ RunTime:0.0124s ]
SQL: SELECT * FROM `party_news` WHERE ( publishtime<now() and type=2 ) LIMIT 0,10   [ RunTime:0.0034s ]
SQL: SHOW COLUMNS FROM `party_picture` [ RunTime:0.0109s ]
SQL: SELECT * FROM `party_picture` WHERE `id` = 0 LIMIT 1   [ RunTime:0.0019s ]
SQL: SELECT * FROM `party_picture` WHERE `id` = 2 LIMIT 1   [ RunTime:0.0007s ]

[ 2016-04-30T16:35:13+08:00 ] 127.0.0.1 /index.php?m=Home&c=Index&a=news
INFO: [ app_init ] --START--
INFO: Run Behavior\BuildLiteBehavior [ RunTime:0.000044s ]
INFO: [ app_init ] --END-- [ RunTime:0.000853s ]
INFO: [ app_begin ] --START--
INFO: Run Behavior\ReadHtmlCacheBehavior [ RunTime:0.000725s ]
INFO: [ app_begin ] --END-- [ RunTime:0.000844s ]
NOTIC: [2] session_start(): open(/tmp\sess_tskkua6kbbb628cpu1eg4sr337, O_RDWR) failed: No such file or directory (2) C:\Users\Administrator\Desktop\party\ThinkPHP\Common\functions.php 第 1263 行.
SQL: SHOW COLUMNS FROM `party_news` [ RunTime:0.0047s ]
SQL: SELECT * FROM `party_news` WHERE ( publishtime<now() and type=2 ) LIMIT 10,10   [ RunTime:0.0004s ]

[ 2016-04-30T16:35:13+08:00 ] 127.0.0.1 /index.php?m=Home&c=Index&a=newdetail
INFO: [ app_init ] --START--
INFO: Run Behavior\BuildLiteBehavior [ RunTime:0.000039s ]
INFO: [ app_init ] --END-- [ RunTime:0.000697s ]
INFO: [ app_begin ] --START--
INFO: Run Behavior\ReadHtmlCacheBehavior [ RunTime:0.000594s ]
INFO: [ app_begin ] --END-- [ RunTime:0.000706s ]
NOTIC: [2] session_start(): open(/tmp\sess_tskkua6kbbb628cpu1eg4sr337, O_RDWR) failed: No such file or directory (2) C:\Users\Administrator\Desktop\party\ThinkPHP\Common\functions.php 第 1263 行.
SQL: SHOW COLUMNS FROM `party_news` [ RunTime:0.0088s ]
SQL: SELECT * FROM `party_news` WHERE `id` = 3 LIMIT 1   [ RunTime:0.0012s ]
SQL: SHOW COLUMNS FROM `party_picture` [ RunTime:0.0147s ]
SQL: SELECT * FROM `party_picture` WHERE `id` = 2 LIMIT 1   [ RunTime:0.0014s ]

[ 2016-04-30T16:35:18+08:00 ] 127.0.0.1 /index.php?m=Home&c=Index&a=is_login
INFO: [ app_init ] --START--
INFO: Run Behavior\BuildLiteBehavior [ RunTime:0.000051s ]
INFO: [ app_init ] --END-- [ RunTime:0.001193s ]
INFO: [ app_begin ] --START--
INFO: Run Behavior\ReadHtmlCacheBehavior [ RunTime:0.001358s ]
INFO: [ app_begin ] --END-- [ RunTime:0.001635s ]
NOTIC: [2] session_start(): open(/tmp\sess_tskkua6kbbb628cpu1eg4sr337, O_RDWR) failed: No such file or directory (2) C:\Users\Administrator\Desktop\party\ThinkPHP\Common\functions.php 第 1263 行.

[ 2016-04-30T16:35:18+08:00 ] 127.0.0.1 /index.php?m=Home&c=Index&a=newdetail
INFO: [ app_init ] --START--
INFO: Run Behavior\BuildLiteBehavior [ RunTime:0.000081s ]
INFO: [ app_init ] --END-- [ RunTime:0.001293s ]
INFO: [ app_begin ] --START--
INFO: Run Behavior\ReadHtmlCacheBehavior [ RunTime:0.001149s ]
INFO: [ app_begin ] --END-- [ RunTime:0.001401s ]
NOTIC: [2] session_start(): open(/tmp\sess_tskkua6kbbb628cpu1eg4sr337, O_RDWR) failed: No such file or directory (2) C:\Users\Administrator\Desktop\party\ThinkPHP\Common\functions.php 第 1263 行.
SQL: SHOW COLUMNS FROM `party_news` [ RunTime:0.0057s ]
SQL: SELECT * FROM `party_news` WHERE `id` = 3 LIMIT 1   [ RunTime:0.0003s ]
SQL: SHOW COLUMNS FROM `party_picture` [ RunTime:0.0041s ]
SQL: SELECT * FROM `party_picture` WHERE `id` = 2 LIMIT 1   [ RunTime:0.0003s ]

[ 2016-04-30T16:50:01+08:00 ] 127.0.0.1 /index.php?m=home&c=index&a=qrcode&md5=36fb58aeb7dec26f4a4571b8080153de
INFO: [ app_init ] --START--
INFO: Run Behavior\BuildLiteBehavior [ RunTime:0.000026s ]
INFO: [ app_init ] --END-- [ RunTime:0.000589s ]
INFO: [ app_begin ] --START--
INFO: Run Behavior\ReadHtmlCacheBehavior [ RunTime:0.000704s ]
INFO: [ app_begin ] --END-- [ RunTime:0.000809s ]
NOTIC: [2] session_start(): open(/tmp\sess_tskkua6kbbb628cpu1eg4sr337, O_RDWR) failed: No such file or directory (2) C:\Users\Administrator\Desktop\party\ThinkPHP\Common\functions.php 第 1263 行.
SQL: SHOW COLUMNS FROM `party_config` [ RunTime:0.0070s ]
SQL: SELECT * FROM `party_config` WHERE `name` = 'QRCODE_BASE_HOST' LIMIT 1   [ RunTime:0.0005s ]
INFO: [ app_end ] --START--
INFO: Run Behavior\ShowPageTraceBehavior [ RunTime:0.001513s ]
INFO: [ app_end ] --END-- [ RunTime:0.001721s ]

