[ 2016-04-02T07:30:29+08:00 ] 112.64.61.214 /party/index.php?m=Home&c=Index&a=is_login
INFO: [ app_init ] --START--
INFO: Run Behavior\BuildLiteBehavior [ RunTime:0.000010s ]
INFO: [ app_init ] --END-- [ RunTime:0.000242s ]
INFO: [ app_begin ] --START--
INFO: Run Behavior\ReadHtmlCacheBehavior [ RunTime:0.000344s ]
INFO: [ app_begin ] --END-- [ RunTime:0.000373s ]
SQL: SHOW COLUMNS FROM `party_member2` [ RunTime:0.0007s ]
SQL: SELECT * FROM `party_member2` WHERE `id` = 1 LIMIT 1   [ RunTime:0.0002s ]

[ 2016-04-02T07:30:30+08:00 ] 112.64.61.214 /party/index.php?m=Home&c=Index&a=member
INFO: [ app_init ] --START--
INFO: Run Behavior\BuildLiteBehavior [ RunTime:0.000016s ]
INFO: [ app_init ] --END-- [ RunTime:0.000310s ]
INFO: [ app_begin ] --START--
INFO: Run Behavior\ReadHtmlCacheBehavior [ RunTime:0.000443s ]
INFO: [ app_begin ] --END-- [ RunTime:0.000482s ]
SQL: SHOW COLUMNS FROM `party_member2` [ RunTime:0.0007s ]
SQL: SELECT * FROM `party_member2` WHERE `md5` = 'd9c4af185da5d5bf17bd21370828551e' LIMIT 1   [ RunTime:0.0001s ]
SQL: SHOW COLUMNS FROM `party_picture` [ RunTime:0.0005s ]
SQL: SELECT * FROM `party_picture` WHERE `id` = 1 LIMIT 1   [ RunTime:0.0001s ]
SQL: SELECT * FROM `party_member2` WHERE `id` = 1 LIMIT 1   [ RunTime:0.0001s ]

