[ 2016-04-10T23:13:33+08:00 ] 101.245.184.19 /party/index.php?m=home&c=index&a=qrcode&md5=36fb58aeb7dec26f4a4571b8080153de
INFO: [ app_init ] --START--
INFO: Run Behavior\BuildLiteBehavior [ RunTime:0.000011s ]
INFO: [ app_init ] --END-- [ RunTime:0.000279s ]
INFO: [ app_begin ] --START--
INFO: Run Behavior\ReadHtmlCacheBehavior [ RunTime:0.000282s ]
INFO: [ app_begin ] --END-- [ RunTime:0.000309s ]
ERR: 非法操作:qrcode

[ 2016-04-10T23:14:23+08:00 ] 101.245.184.19 /party/index.php?m=home&c=index&a=qrcode&md5=36fb58aeb7dec26f4a4571b8080153de
INFO: [ app_init ] --START--
INFO: Run Behavior\BuildLiteBehavior [ RunTime:0.000013s ]
INFO: [ app_init ] --END-- [ RunTime:0.000351s ]
INFO: [ app_begin ] --START--
INFO: Run Behavior\ReadHtmlCacheBehavior [ RunTime:0.000509s ]
INFO: [ app_begin ] --END-- [ RunTime:0.000551s ]
SQL: SHOW COLUMNS FROM `party_config` [ RunTime:0.0007s ]
SQL: SELECT * FROM `party_config` WHERE `name` = 'QRCODE_BASE_HOST' LIMIT 1   [ RunTime:0.0001s ]
INFO: [ app_end ] --START--
INFO: Run Behavior\ShowPageTraceBehavior [ RunTime:0.000527s ]
INFO: [ app_end ] --END-- [ RunTime:0.000578s ]

[ 2016-04-10T23:15:20+08:00 ] 101.245.184.19 /party/index.php?m=home&c=index&a=qrcode&md5=36fb58aeb7dec26f4a4571b8080153de
INFO: [ app_init ] --START--
INFO: Run Behavior\BuildLiteBehavior [ RunTime:0.000012s ]
INFO: [ app_init ] --END-- [ RunTime:0.000261s ]
INFO: [ app_begin ] --START--
INFO: Run Behavior\ReadHtmlCacheBehavior [ RunTime:0.000300s ]
INFO: [ app_begin ] --END-- [ RunTime:0.000326s ]
SQL: SHOW COLUMNS FROM `party_config` [ RunTime:0.0008s ]
SQL: SELECT * FROM `party_config` WHERE `name` = 'QRCODE_BASE_HOST' LIMIT 1   [ RunTime:0.0001s ]
INFO: [ app_end ] --START--
INFO: Run Behavior\ShowPageTraceBehavior [ RunTime:0.000450s ]
INFO: [ app_end ] --END-- [ RunTime:0.000522s ]

[ 2016-04-10T23:18:09+08:00 ] 101.245.184.19 /party/index.php?m=home&c=index&a=qrcode&md5=d9c4af185da5d5bf17bd21370828551e
INFO: [ app_init ] --START--
INFO: Run Behavior\BuildLiteBehavior [ RunTime:0.000011s ]
INFO: [ app_init ] --END-- [ RunTime:0.000244s ]
INFO: [ app_begin ] --START--
INFO: Run Behavior\ReadHtmlCacheBehavior [ RunTime:0.000372s ]
INFO: [ app_begin ] --END-- [ RunTime:0.000406s ]
SQL: SHOW COLUMNS FROM `party_config` [ RunTime:0.0007s ]
SQL: SELECT * FROM `party_config` WHERE `name` = 'QRCODE_BASE_HOST' LIMIT 1   [ RunTime:0.0001s ]
INFO: [ app_end ] --START--
INFO: Run Behavior\ShowPageTraceBehavior [ RunTime:0.000687s ]
INFO: [ app_end ] --END-- [ RunTime:0.000749s ]

[ 2016-04-10T23:18:29+08:00 ] 101.226.125.18 /party/index.php?m=Home&c=Index&a=is_login
INFO: [ app_init ] --START--
INFO: Run Behavior\BuildLiteBehavior [ RunTime:0.000016s ]
INFO: [ app_init ] --END-- [ RunTime:0.000314s ]
INFO: [ app_begin ] --START--
INFO: Run Behavior\ReadHtmlCacheBehavior [ RunTime:0.000423s ]
INFO: [ app_begin ] --END-- [ RunTime:0.000462s ]

[ 2016-04-10T23:18:29+08:00 ] 101.226.61.189 /party/index.php?m=Home&c=Index&a=member
INFO: [ app_init ] --START--
INFO: Run Behavior\BuildLiteBehavior [ RunTime:0.000015s ]
INFO: [ app_init ] --END-- [ RunTime:0.000339s ]
INFO: [ app_begin ] --START--
INFO: Run Behavior\ReadHtmlCacheBehavior [ RunTime:0.000463s ]
INFO: [ app_begin ] --END-- [ RunTime:0.000502s ]
SQL: SHOW COLUMNS FROM `party_member2` [ RunTime:0.0007s ]
SQL: SELECT * FROM `party_member2` WHERE `md5` = 'd9c4af185da5d5bf17bd21370828551e' LIMIT 1   [ RunTime:0.0003s ]
SQL: SHOW COLUMNS FROM `party_picture` [ RunTime:0.0004s ]
SQL: SELECT * FROM `party_picture` WHERE `id` = 1 LIMIT 1   [ RunTime:0.0002s ]
SQL: SHOW COLUMNS FROM `party_config` [ RunTime:0.0005s ]
SQL: SELECT * FROM `party_config` WHERE `name` = 'QRCODE_BASE_HOST' LIMIT 1   [ RunTime:0.0001s ]

[ 2016-04-10T23:18:29+08:00 ] 101.226.102.237 /party/index.php?m=home&c=index&a=qrcode&md5=d9c4af185da5d5bf17bd21370828551e
INFO: [ app_init ] --START--
INFO: Run Behavior\BuildLiteBehavior [ RunTime:0.000009s ]
INFO: [ app_init ] --END-- [ RunTime:0.000224s ]
INFO: [ app_begin ] --START--
INFO: Run Behavior\ReadHtmlCacheBehavior [ RunTime:0.000346s ]
INFO: [ app_begin ] --END-- [ RunTime:0.000374s ]
SQL: SHOW COLUMNS FROM `party_config` [ RunTime:0.0006s ]
SQL: SELECT * FROM `party_config` WHERE `name` = 'QRCODE_BASE_HOST' LIMIT 1   [ RunTime:0.0002s ]
INFO: [ app_end ] --START--
INFO: Run Behavior\ShowPageTraceBehavior [ RunTime:0.000477s ]
INFO: [ app_end ] --END-- [ RunTime:0.000528s ]

[ 2016-04-10T23:18:35+08:00 ] 101.245.184.19 /party/index.php?m=Home&c=Index&a=is_login
INFO: [ app_init ] --START--
INFO: Run Behavior\BuildLiteBehavior [ RunTime:0.000012s ]
INFO: [ app_init ] --END-- [ RunTime:0.000261s ]
INFO: [ app_begin ] --START--
INFO: Run Behavior\ReadHtmlCacheBehavior [ RunTime:0.000290s ]
INFO: [ app_begin ] --END-- [ RunTime:0.000319s ]

[ 2016-04-10T23:18:36+08:00 ] 101.245.184.19 /party/index.php?m=Home&c=Index&a=member
INFO: [ app_init ] --START--
INFO: Run Behavior\BuildLiteBehavior [ RunTime:0.000009s ]
INFO: [ app_init ] --END-- [ RunTime:0.000222s ]
INFO: [ app_begin ] --START--
INFO: Run Behavior\ReadHtmlCacheBehavior [ RunTime:0.000331s ]
INFO: [ app_begin ] --END-- [ RunTime:0.000360s ]
SQL: SHOW COLUMNS FROM `party_member2` [ RunTime:0.0007s ]
SQL: SELECT * FROM `party_member2` WHERE `md5` = 'd9c4af185da5d5bf17bd21370828551e' LIMIT 1   [ RunTime:0.0001s ]
SQL: SHOW COLUMNS FROM `party_picture` [ RunTime:0.0005s ]
SQL: SELECT * FROM `party_picture` WHERE `id` = 1 LIMIT 1   [ RunTime:0.0001s ]
SQL: SHOW COLUMNS FROM `party_config` [ RunTime:0.0004s ]
SQL: SELECT * FROM `party_config` WHERE `name` = 'QRCODE_BASE_HOST' LIMIT 1   [ RunTime:0.0001s ]

[ 2016-04-10T23:18:37+08:00 ] 101.245.184.19 /party/index.php?m=home&c=index&a=qrcode&md5=d9c4af185da5d5bf17bd21370828551e
INFO: [ app_init ] --START--
INFO: Run Behavior\BuildLiteBehavior [ RunTime:0.000013s ]
INFO: [ app_init ] --END-- [ RunTime:0.000264s ]
INFO: [ app_begin ] --START--
INFO: Run Behavior\ReadHtmlCacheBehavior [ RunTime:0.000364s ]
INFO: [ app_begin ] --END-- [ RunTime:0.000399s ]
SQL: SHOW COLUMNS FROM `party_config` [ RunTime:0.0006s ]
SQL: SELECT * FROM `party_config` WHERE `name` = 'QRCODE_BASE_HOST' LIMIT 1   [ RunTime:0.0001s ]
INFO: [ app_end ] --START--
INFO: Run Behavior\ShowPageTraceBehavior [ RunTime:0.000483s ]
INFO: [ app_end ] --END-- [ RunTime:0.000524s ]

[ 2016-04-10T23:18:44+08:00 ] 101.245.184.19 /party/index.php?m=Home&c=Index&a=login
INFO: [ app_init ] --START--
INFO: Run Behavior\BuildLiteBehavior [ RunTime:0.000009s ]
INFO: [ app_init ] --END-- [ RunTime:0.000224s ]
INFO: [ app_begin ] --START--
INFO: Run Behavior\ReadHtmlCacheBehavior [ RunTime:0.000348s ]
INFO: [ app_begin ] --END-- [ RunTime:0.000378s ]
SQL: SHOW COLUMNS FROM `party_member2` [ RunTime:0.0007s ]
SQL: SELECT * FROM `party_member2` WHERE `phone` = '15652307765' LIMIT 1   [ RunTime:0.0003s ]
SQL: SELECT * FROM `party_member2` WHERE `phone` = '15652307765' AND `password` = 'e10adc3949ba59abbe56e057f20f883e' LIMIT 1   [ RunTime:0.0002s ]

[ 2016-04-10T23:18:44+08:00 ] 101.245.184.19 /party/index.php?m=Home&c=Index&a=member
INFO: [ app_init ] --START--
INFO: Run Behavior\BuildLiteBehavior [ RunTime:0.000008s ]
INFO: [ app_init ] --END-- [ RunTime:0.000225s ]
INFO: [ app_begin ] --START--
INFO: Run Behavior\ReadHtmlCacheBehavior [ RunTime:0.000283s ]
INFO: [ app_begin ] --END-- [ RunTime:0.000316s ]
SQL: SHOW COLUMNS FROM `party_member2` [ RunTime:0.0006s ]
SQL: SELECT * FROM `party_member2` WHERE `md5` = 'd9c4af185da5d5bf17bd21370828551e' LIMIT 1   [ RunTime:0.0001s ]
SQL: SHOW COLUMNS FROM `party_picture` [ RunTime:0.0004s ]
SQL: SELECT * FROM `party_picture` WHERE `id` = 1 LIMIT 1   [ RunTime:0.0001s ]
SQL: SHOW COLUMNS FROM `party_config` [ RunTime:0.0004s ]
SQL: SELECT * FROM `party_config` WHERE `name` = 'QRCODE_BASE_HOST' LIMIT 1   [ RunTime:0.0001s ]
SQL: SELECT * FROM `party_member2` WHERE `id` = 1 LIMIT 1   [ RunTime:0.0003s ]

[ 2016-04-10T23:19:12+08:00 ] 101.226.89.14 /party/index.php?m=Home&c=Index&a=is_login
INFO: [ app_init ] --START--
INFO: Run Behavior\BuildLiteBehavior [ RunTime:0.000009s ]
INFO: [ app_init ] --END-- [ RunTime:0.000227s ]
INFO: [ app_begin ] --START--
INFO: Run Behavior\ReadHtmlCacheBehavior [ RunTime:0.000347s ]
INFO: [ app_begin ] --END-- [ RunTime:0.000375s ]

[ 2016-04-10T23:19:12+08:00 ] 101.226.125.121 /party/index.php?m=Home&c=Index&a=member
INFO: [ app_init ] --START--
INFO: Run Behavior\BuildLiteBehavior [ RunTime:0.000012s ]
INFO: [ app_init ] --END-- [ RunTime:0.000281s ]
INFO: [ app_begin ] --START--
INFO: Run Behavior\ReadHtmlCacheBehavior [ RunTime:0.000288s ]
INFO: [ app_begin ] --END-- [ RunTime:0.000317s ]
SQL: SHOW COLUMNS FROM `party_member2` [ RunTime:0.0007s ]
SQL: SELECT * FROM `party_member2` WHERE `md5` = 'd9c4af185da5d5bf17bd21370828551e' LIMIT 1   [ RunTime:0.0001s ]
SQL: SHOW COLUMNS FROM `party_picture` [ RunTime:0.0004s ]
SQL: SELECT * FROM `party_picture` WHERE `id` = 1 LIMIT 1   [ RunTime:0.0001s ]
SQL: SHOW COLUMNS FROM `party_config` [ RunTime:0.0005s ]
SQL: SELECT * FROM `party_config` WHERE `name` = 'QRCODE_BASE_HOST' LIMIT 1   [ RunTime:0.0001s ]

[ 2016-04-10T23:19:13+08:00 ] 101.226.114.166 /party/index.php?m=home&c=index&a=qrcode&md5=d9c4af185da5d5bf17bd21370828551e
INFO: [ app_init ] --START--
INFO: Run Behavior\BuildLiteBehavior [ RunTime:0.000009s ]
INFO: [ app_init ] --END-- [ RunTime:0.000237s ]
INFO: [ app_begin ] --START--
INFO: Run Behavior\ReadHtmlCacheBehavior [ RunTime:0.000475s ]
INFO: [ app_begin ] --END-- [ RunTime:0.000524s ]
SQL: SHOW COLUMNS FROM `party_config` [ RunTime:0.0006s ]
SQL: SELECT * FROM `party_config` WHERE `name` = 'QRCODE_BASE_HOST' LIMIT 1   [ RunTime:0.0001s ]
INFO: [ app_end ] --START--
INFO: Run Behavior\ShowPageTraceBehavior [ RunTime:0.000418s ]
INFO: [ app_end ] --END-- [ RunTime:0.000459s ]

[ 2016-04-10T23:19:16+08:00 ] 101.245.184.19 /party/index.php?m=Home&c=Index&a=is_login
INFO: [ app_init ] --START--
INFO: Run Behavior\BuildLiteBehavior [ RunTime:0.000012s ]
INFO: [ app_init ] --END-- [ RunTime:0.000254s ]
INFO: [ app_begin ] --START--
INFO: Run Behavior\ReadHtmlCacheBehavior [ RunTime:0.000446s ]
INFO: [ app_begin ] --END-- [ RunTime:0.000485s ]
SQL: SHOW COLUMNS FROM `party_member2` [ RunTime:0.0009s ]
SQL: SELECT * FROM `party_member2` WHERE `id` = 1 LIMIT 1   [ RunTime:0.0001s ]

[ 2016-04-10T23:19:17+08:00 ] 101.245.184.19 /party/index.php?m=Home&c=Index&a=member
INFO: [ app_init ] --START--
INFO: Run Behavior\BuildLiteBehavior [ RunTime:0.000016s ]
INFO: [ app_init ] --END-- [ RunTime:0.000381s ]
INFO: [ app_begin ] --START--
INFO: Run Behavior\ReadHtmlCacheBehavior [ RunTime:0.000591s ]
INFO: [ app_begin ] --END-- [ RunTime:0.000637s ]
SQL: SHOW COLUMNS FROM `party_member2` [ RunTime:0.0006s ]
SQL: SELECT * FROM `party_member2` WHERE `md5` = 'd9c4af185da5d5bf17bd21370828551e' LIMIT 1   [ RunTime:0.0002s ]
SQL: SHOW COLUMNS FROM `party_picture` [ RunTime:0.0004s ]
SQL: SELECT * FROM `party_picture` WHERE `id` = 1 LIMIT 1   [ RunTime:0.0001s ]
SQL: SHOW COLUMNS FROM `party_config` [ RunTime:0.0005s ]
SQL: SELECT * FROM `party_config` WHERE `name` = 'QRCODE_BASE_HOST' LIMIT 1   [ RunTime:0.0001s ]
SQL: SELECT * FROM `party_member2` WHERE `id` = 1 LIMIT 1   [ RunTime:0.0001s ]

[ 2016-04-10T23:19:17+08:00 ] 101.245.184.19 /party/index.php?m=home&c=index&a=qrcode&md5=d9c4af185da5d5bf17bd21370828551e
INFO: [ app_init ] --START--
INFO: Run Behavior\BuildLiteBehavior [ RunTime:0.000011s ]
INFO: [ app_init ] --END-- [ RunTime:0.000302s ]
INFO: [ app_begin ] --START--
INFO: Run Behavior\ReadHtmlCacheBehavior [ RunTime:0.000439s ]
INFO: [ app_begin ] --END-- [ RunTime:0.000542s ]
SQL: SHOW COLUMNS FROM `party_config` [ RunTime:0.0007s ]
SQL: SELECT * FROM `party_config` WHERE `name` = 'QRCODE_BASE_HOST' LIMIT 1   [ RunTime:0.0001s ]
INFO: [ app_end ] --START--
INFO: Run Behavior\ShowPageTraceBehavior [ RunTime:0.000508s ]
INFO: [ app_end ] --END-- [ RunTime:0.000575s ]

[ 2016-04-10T23:19:17+08:00 ] 101.226.125.108 /party/index.php?m=Home&c=Index&a=is_login
INFO: [ app_init ] --START--
INFO: Run Behavior\BuildLiteBehavior [ RunTime:0.000008s ]
INFO: [ app_init ] --END-- [ RunTime:0.000274s ]
INFO: [ app_begin ] --START--
INFO: Run Behavior\ReadHtmlCacheBehavior [ RunTime:0.000281s ]
INFO: [ app_begin ] --END-- [ RunTime:0.000309s ]

[ 2016-04-10T23:19:17+08:00 ] 101.226.125.116 /party/index.php?m=Home&c=Index&a=member
INFO: [ app_init ] --START--
INFO: Run Behavior\BuildLiteBehavior [ RunTime:0.000009s ]
INFO: [ app_init ] --END-- [ RunTime:0.000220s ]
INFO: [ app_begin ] --START--
INFO: Run Behavior\ReadHtmlCacheBehavior [ RunTime:0.000332s ]
INFO: [ app_begin ] --END-- [ RunTime:0.000362s ]
SQL: SHOW COLUMNS FROM `party_member2` [ RunTime:0.0007s ]
SQL: SELECT * FROM `party_member2` WHERE `md5` = 'd9c4af185da5d5bf17bd21370828551e' LIMIT 1   [ RunTime:0.0001s ]
SQL: SHOW COLUMNS FROM `party_picture` [ RunTime:0.0005s ]
SQL: SELECT * FROM `party_picture` WHERE `id` = 1 LIMIT 1   [ RunTime:0.0001s ]
SQL: SHOW COLUMNS FROM `party_config` [ RunTime:0.0006s ]
SQL: SELECT * FROM `party_config` WHERE `name` = 'QRCODE_BASE_HOST' LIMIT 1   [ RunTime:0.0001s ]

[ 2016-04-10T23:19:18+08:00 ] 101.226.68.141 /party/index.php?m=Home&c=Index&a=is_login
INFO: [ app_init ] --START--
INFO: Run Behavior\BuildLiteBehavior [ RunTime:0.000014s ]
INFO: [ app_init ] --END-- [ RunTime:0.000410s ]
INFO: [ app_begin ] --START--
INFO: Run Behavior\ReadHtmlCacheBehavior [ RunTime:0.000608s ]
INFO: [ app_begin ] --END-- [ RunTime:0.000648s ]

[ 2016-04-10T23:19:18+08:00 ] 101.226.125.15 /party/index.php?m=home&c=index&a=qrcode&md5=d9c4af185da5d5bf17bd21370828551e
INFO: [ app_init ] --START--
INFO: Run Behavior\BuildLiteBehavior [ RunTime:0.000009s ]
INFO: [ app_init ] --END-- [ RunTime:0.000250s ]
INFO: [ app_begin ] --START--
INFO: Run Behavior\ReadHtmlCacheBehavior [ RunTime:0.000324s ]
INFO: [ app_begin ] --END-- [ RunTime:0.000356s ]
SQL: SHOW COLUMNS FROM `party_config` [ RunTime:0.0006s ]
SQL: SELECT * FROM `party_config` WHERE `name` = 'QRCODE_BASE_HOST' LIMIT 1   [ RunTime:0.0001s ]
INFO: [ app_end ] --START--
INFO: Run Behavior\ShowPageTraceBehavior [ RunTime:0.000506s ]
INFO: [ app_end ] --END-- [ RunTime:0.000559s ]

[ 2016-04-10T23:19:18+08:00 ] 101.226.61.189 /party/index.php?m=Home&c=Index&a=member
INFO: [ app_init ] --START--
INFO: Run Behavior\BuildLiteBehavior [ RunTime:0.000009s ]
INFO: [ app_init ] --END-- [ RunTime:0.000280s ]
INFO: [ app_begin ] --START--
INFO: Run Behavior\ReadHtmlCacheBehavior [ RunTime:0.000283s ]
INFO: [ app_begin ] --END-- [ RunTime:0.000312s ]
SQL: SHOW COLUMNS FROM `party_member2` [ RunTime:0.0007s ]
SQL: SELECT * FROM `party_member2` WHERE `md5` = 'd9c4af185da5d5bf17bd21370828551e' LIMIT 1   [ RunTime:0.0001s ]
SQL: SHOW COLUMNS FROM `party_picture` [ RunTime:0.0005s ]
SQL: SELECT * FROM `party_picture` WHERE `id` = 1 LIMIT 1   [ RunTime:0.0001s ]
SQL: SHOW COLUMNS FROM `party_config` [ RunTime:0.0004s ]
SQL: SELECT * FROM `party_config` WHERE `name` = 'QRCODE_BASE_HOST' LIMIT 1   [ RunTime:0.0001s ]

[ 2016-04-10T23:19:18+08:00 ] 101.226.69.109 /party/index.php?m=home&c=index&a=qrcode&md5=d9c4af185da5d5bf17bd21370828551e
INFO: [ app_init ] --START--
INFO: Run Behavior\BuildLiteBehavior [ RunTime:0.000009s ]
INFO: [ app_init ] --END-- [ RunTime:0.000274s ]
INFO: [ app_begin ] --START--
INFO: Run Behavior\ReadHtmlCacheBehavior [ RunTime:0.000297s ]
INFO: [ app_begin ] --END-- [ RunTime:0.000325s ]
SQL: SHOW COLUMNS FROM `party_config` [ RunTime:0.0009s ]
SQL: SELECT * FROM `party_config` WHERE `name` = 'QRCODE_BASE_HOST' LIMIT 1   [ RunTime:0.0001s ]
INFO: [ app_end ] --START--
INFO: Run Behavior\ShowPageTraceBehavior [ RunTime:0.000416s ]
INFO: [ app_end ] --END-- [ RunTime:0.000460s ]

[ 2016-04-10T23:19:19+08:00 ] 101.245.184.19 /party/index.php?m=Home&c=Index&a=score
INFO: [ app_init ] --START--
INFO: Run Behavior\BuildLiteBehavior [ RunTime:0.000016s ]
INFO: [ app_init ] --END-- [ RunTime:0.000328s ]
INFO: [ app_begin ] --START--
INFO: Run Behavior\ReadHtmlCacheBehavior [ RunTime:0.000469s ]
INFO: [ app_begin ] --END-- [ RunTime:0.000507s ]
SQL: SHOW COLUMNS FROM `party_event` [ RunTime:0.0006s ]
SQL: SELECT * FROM `party_event` WHERE `type` = 1  [ RunTime:0.0003s ]
SQL: SELECT * FROM `party_event` WHERE `type` = 2  [ RunTime:0.0002s ]
SQL: SELECT * FROM `party_event` WHERE `type` = 3  [ RunTime:0.0002s ]

[ 2016-04-10T23:19:22+08:00 ] 101.226.61.193 /party/index.php?m=Home&c=Index&a=is_login
INFO: [ app_init ] --START--
INFO: Run Behavior\BuildLiteBehavior [ RunTime:0.000017s ]
INFO: [ app_init ] --END-- [ RunTime:0.000400s ]
INFO: [ app_begin ] --START--
INFO: Run Behavior\ReadHtmlCacheBehavior [ RunTime:0.000387s ]
INFO: [ app_begin ] --END-- [ RunTime:0.000417s ]

[ 2016-04-10T23:19:22+08:00 ] 101.226.69.109 /party/index.php?m=Home&c=Index&a=member
INFO: [ app_init ] --START--
INFO: Run Behavior\BuildLiteBehavior [ RunTime:0.000009s ]
INFO: [ app_init ] --END-- [ RunTime:0.000227s ]
INFO: [ app_begin ] --START--
INFO: Run Behavior\ReadHtmlCacheBehavior [ RunTime:0.000282s ]
INFO: [ app_begin ] --END-- [ RunTime:0.000310s ]
SQL: SHOW COLUMNS FROM `party_member2` [ RunTime:0.0006s ]
SQL: SELECT * FROM `party_member2` WHERE `md5` = 'd9c4af185da5d5bf17bd21370828551e' LIMIT 1   [ RunTime:0.0001s ]
SQL: SHOW COLUMNS FROM `party_picture` [ RunTime:0.0004s ]
SQL: SELECT * FROM `party_picture` WHERE `id` = 1 LIMIT 1   [ RunTime:0.0001s ]
SQL: SHOW COLUMNS FROM `party_config` [ RunTime:0.0005s ]
SQL: SELECT * FROM `party_config` WHERE `name` = 'QRCODE_BASE_HOST' LIMIT 1   [ RunTime:0.0001s ]

[ 2016-04-10T23:19:22+08:00 ] 101.226.61.181 /party/index.php?m=home&c=index&a=qrcode&md5=d9c4af185da5d5bf17bd21370828551e
INFO: [ app_init ] --START--
INFO: Run Behavior\BuildLiteBehavior [ RunTime:0.000011s ]
INFO: [ app_init ] --END-- [ RunTime:0.000281s ]
INFO: [ app_begin ] --START--
INFO: Run Behavior\ReadHtmlCacheBehavior [ RunTime:0.000326s ]
INFO: [ app_begin ] --END-- [ RunTime:0.000360s ]
SQL: SHOW COLUMNS FROM `party_config` [ RunTime:0.0006s ]
SQL: SELECT * FROM `party_config` WHERE `name` = 'QRCODE_BASE_HOST' LIMIT 1   [ RunTime:0.0001s ]
INFO: [ app_end ] --START--
INFO: Run Behavior\ShowPageTraceBehavior [ RunTime:0.002330s ]
INFO: [ app_end ] --END-- [ RunTime:0.002376s ]

[ 2016-04-10T23:19:22+08:00 ] 101.245.184.19 /party/index.php?m=Home&c=Index&a=member
INFO: [ app_init ] --START--
INFO: Run Behavior\BuildLiteBehavior [ RunTime:0.000008s ]
INFO: [ app_init ] --END-- [ RunTime:0.001332s ]
INFO: [ app_begin ] --START--
INFO: Run Behavior\ReadHtmlCacheBehavior [ RunTime:0.000354s ]
INFO: [ app_begin ] --END-- [ RunTime:0.000389s ]
SQL: SHOW COLUMNS FROM `party_member2` [ RunTime:0.0006s ]
SQL: SELECT * FROM `party_member2` WHERE `md5` = 'd9c4af185da5d5bf17bd21370828551e' LIMIT 1   [ RunTime:0.0001s ]
SQL: SHOW COLUMNS FROM `party_picture` [ RunTime:0.0007s ]
SQL: SELECT * FROM `party_picture` WHERE `id` = 1 LIMIT 1   [ RunTime:0.0001s ]
SQL: SHOW COLUMNS FROM `party_config` [ RunTime:0.0006s ]
SQL: SELECT * FROM `party_config` WHERE `name` = 'QRCODE_BASE_HOST' LIMIT 1   [ RunTime:0.0001s ]
SQL: SELECT * FROM `party_member2` WHERE `id` = 1 LIMIT 1   [ RunTime:0.0004s ]

[ 2016-04-10T23:19:22+08:00 ] 101.245.184.19 /party/index.php?m=home&c=index&a=qrcode&md5=d9c4af185da5d5bf17bd21370828551e
INFO: [ app_init ] --START--
INFO: Run Behavior\BuildLiteBehavior [ RunTime:0.000010s ]
INFO: [ app_init ] --END-- [ RunTime:0.000260s ]
INFO: [ app_begin ] --START--
INFO: Run Behavior\ReadHtmlCacheBehavior [ RunTime:0.000301s ]
INFO: [ app_begin ] --END-- [ RunTime:0.000383s ]
SQL: SHOW COLUMNS FROM `party_config` [ RunTime:0.0007s ]
SQL: SELECT * FROM `party_config` WHERE `name` = 'QRCODE_BASE_HOST' LIMIT 1   [ RunTime:0.0001s ]
INFO: [ app_end ] --START--
INFO: Run Behavior\ShowPageTraceBehavior [ RunTime:0.000419s ]
INFO: [ app_end ] --END-- [ RunTime:0.000459s ]

[ 2016-04-10T23:19:23+08:00 ] 101.226.69.112 /party/index.php?m=Home&c=Index&a=is_login
INFO: [ app_init ] --START--
INFO: Run Behavior\BuildLiteBehavior [ RunTime:0.000009s ]
INFO: [ app_init ] --END-- [ RunTime:0.000273s ]
INFO: [ app_begin ] --START--
INFO: Run Behavior\ReadHtmlCacheBehavior [ RunTime:0.000278s ]
INFO: [ app_begin ] --END-- [ RunTime:0.000306s ]

[ 2016-04-10T23:19:24+08:00 ] 101.226.61.190 /party/index.php?m=Home&c=Index&a=member
INFO: [ app_init ] --START--
INFO: Run Behavior\BuildLiteBehavior [ RunTime:0.000012s ]
INFO: [ app_init ] --END-- [ RunTime:0.000307s ]
INFO: [ app_begin ] --START--
INFO: Run Behavior\ReadHtmlCacheBehavior [ RunTime:0.000479s ]
INFO: [ app_begin ] --END-- [ RunTime:0.000529s ]
SQL: SHOW COLUMNS FROM `party_member2` [ RunTime:0.0007s ]
SQL: SELECT * FROM `party_member2` WHERE `md5` = 'd9c4af185da5d5bf17bd21370828551e' LIMIT 1   [ RunTime:0.0001s ]
SQL: SHOW COLUMNS FROM `party_picture` [ RunTime:0.0004s ]
SQL: SELECT * FROM `party_picture` WHERE `id` = 1 LIMIT 1   [ RunTime:0.0001s ]
SQL: SHOW COLUMNS FROM `party_config` [ RunTime:0.0005s ]
SQL: SELECT * FROM `party_config` WHERE `name` = 'QRCODE_BASE_HOST' LIMIT 1   [ RunTime:0.0001s ]

[ 2016-04-10T23:19:24+08:00 ] 101.226.125.115 /party/index.php?m=home&c=index&a=qrcode&md5=d9c4af185da5d5bf17bd21370828551e
INFO: [ app_init ] --START--
INFO: Run Behavior\BuildLiteBehavior [ RunTime:0.000009s ]
INFO: [ app_init ] --END-- [ RunTime:0.000271s ]
INFO: [ app_begin ] --START--
INFO: Run Behavior\ReadHtmlCacheBehavior [ RunTime:0.000659s ]
INFO: [ app_begin ] --END-- [ RunTime:0.000688s ]
SQL: SHOW COLUMNS FROM `party_config` [ RunTime:0.0006s ]
SQL: SELECT * FROM `party_config` WHERE `name` = 'QRCODE_BASE_HOST' LIMIT 1   [ RunTime:0.0001s ]
INFO: [ app_end ] --START--
INFO: Run Behavior\ShowPageTraceBehavior [ RunTime:0.000493s ]
INFO: [ app_end ] --END-- [ RunTime:0.000545s ]

[ 2016-04-10T23:19:30+08:00 ] 101.245.184.19 /party/index.php?m=Home&c=Index&a=member
INFO: [ app_init ] --START--
INFO: Run Behavior\BuildLiteBehavior [ RunTime:0.000014s ]
INFO: [ app_init ] --END-- [ RunTime:0.000282s ]
INFO: [ app_begin ] --START--
INFO: Run Behavior\ReadHtmlCacheBehavior [ RunTime:0.000295s ]
INFO: [ app_begin ] --END-- [ RunTime:0.000324s ]
SQL: SHOW COLUMNS FROM `party_member2` [ RunTime:0.0008s ]
SQL: SELECT * FROM `party_member2` WHERE `md5` = 'd9c4af185da5d5bf17bd21370828551e' LIMIT 1   [ RunTime:0.0001s ]
SQL: SHOW COLUMNS FROM `party_picture` [ RunTime:0.0005s ]
SQL: SELECT * FROM `party_picture` WHERE `id` = 1 LIMIT 1   [ RunTime:0.0001s ]
SQL: SHOW COLUMNS FROM `party_config` [ RunTime:0.0005s ]
SQL: SELECT * FROM `party_config` WHERE `name` = 'QRCODE_BASE_HOST' LIMIT 1   [ RunTime:0.0001s ]
SQL: SELECT * FROM `party_member2` WHERE `id` = 1 LIMIT 1   [ RunTime:0.0001s ]

[ 2016-04-10T23:19:30+08:00 ] 101.245.184.19 /party/index.php?m=home&c=index&a=qrcode&md5=d9c4af185da5d5bf17bd21370828551e
INFO: [ app_init ] --START--
INFO: Run Behavior\BuildLiteBehavior [ RunTime:0.000012s ]
INFO: [ app_init ] --END-- [ RunTime:0.000381s ]
INFO: [ app_begin ] --START--
INFO: Run Behavior\ReadHtmlCacheBehavior [ RunTime:0.000424s ]
INFO: [ app_begin ] --END-- [ RunTime:0.000462s ]
SQL: SHOW COLUMNS FROM `party_config` [ RunTime:0.0008s ]
SQL: SELECT * FROM `party_config` WHERE `name` = 'QRCODE_BASE_HOST' LIMIT 1   [ RunTime:0.0001s ]
INFO: [ app_end ] --START--
INFO: Run Behavior\ShowPageTraceBehavior [ RunTime:0.000670s ]
INFO: [ app_end ] --END-- [ RunTime:0.000723s ]

[ 2016-04-10T23:19:32+08:00 ] 101.245.184.19 /party/index.php?m=Home&c=Index&a=score_record
INFO: [ app_init ] --START--
INFO: Run Behavior\BuildLiteBehavior [ RunTime:0.000009s ]
INFO: [ app_init ] --END-- [ RunTime:0.000221s ]
INFO: [ app_begin ] --START--
INFO: Run Behavior\ReadHtmlCacheBehavior [ RunTime:0.000378s ]
INFO: [ app_begin ] --END-- [ RunTime:0.000407s ]
SQL: SHOW COLUMNS FROM `party_member2` [ RunTime:0.0007s ]
SQL: SELECT * FROM `party_member2` WHERE `md5` = 'd9c4af185da5d5bf17bd21370828551e' LIMIT 1   [ RunTime:0.0001s ]
SQL: select * from (
select a.*,b.name from party_user_event a 
left join party_event b on a.third_id=b.id
where a.uid=1 and a.type=0
union all
select a.*,b.name from party_user_event a 
left join party_task b on a.third_id=b.id
where a.uid=1 and a.type=1
) x where x.status in (0,1) order by x.addtime desc limit 0,10 [ RunTime:0.0010s ]

[ 2016-04-10T23:19:32+08:00 ] 101.245.184.19 /party/index.php?m=Home&c=Index&a=score_record
INFO: [ app_init ] --START--
INFO: Run Behavior\BuildLiteBehavior [ RunTime:0.000012s ]
INFO: [ app_init ] --END-- [ RunTime:0.000302s ]
INFO: [ app_begin ] --START--
INFO: Run Behavior\ReadHtmlCacheBehavior [ RunTime:0.000294s ]
INFO: [ app_begin ] --END-- [ RunTime:0.000322s ]
SQL: SHOW COLUMNS FROM `party_member2` [ RunTime:0.0006s ]
SQL: SELECT * FROM `party_member2` WHERE `md5` = 'd9c4af185da5d5bf17bd21370828551e' LIMIT 1   [ RunTime:0.0001s ]
SQL: select * from (
select a.*,b.name from party_user_event a 
left join party_event b on a.third_id=b.id
where a.uid=1 and a.type=0
union all
select a.*,b.name from party_user_event a 
left join party_task b on a.third_id=b.id
where a.uid=1 and a.type=1
) x where x.status in (0,1) order by x.addtime desc limit 0,10 [ RunTime:0.0001s ]

[ 2016-04-10T23:19:34+08:00 ] 101.245.184.19 /party/index.php?m=Home&c=Index&a=news
INFO: [ app_init ] --START--
INFO: Run Behavior\BuildLiteBehavior [ RunTime:0.000011s ]
INFO: [ app_init ] --END-- [ RunTime:0.000321s ]
INFO: [ app_begin ] --START--
INFO: Run Behavior\ReadHtmlCacheBehavior [ RunTime:0.000339s ]
INFO: [ app_begin ] --END-- [ RunTime:0.000368s ]
SQL: SHOW COLUMNS FROM `party_news` [ RunTime:0.0009s ]
SQL: SELECT * FROM `party_news` WHERE ( publishtime<now() and type=2 ) LIMIT 0,10   [ RunTime:0.0003s ]
SQL: SHOW COLUMNS FROM `party_picture` [ RunTime:0.0005s ]
SQL: SELECT * FROM `party_picture` WHERE `id` = 0 LIMIT 1   [ RunTime:0.0002s ]
SQL: SELECT * FROM `party_picture` WHERE `id` = 2 LIMIT 1   [ RunTime:0.0002s ]

[ 2016-04-10T23:19:35+08:00 ] 101.245.184.19 /party/index.php?m=Home&c=Index&a=news
INFO: [ app_init ] --START--
INFO: Run Behavior\BuildLiteBehavior [ RunTime:0.000008s ]
INFO: [ app_init ] --END-- [ RunTime:0.000237s ]
INFO: [ app_begin ] --START--
INFO: Run Behavior\ReadHtmlCacheBehavior [ RunTime:0.000388s ]
INFO: [ app_begin ] --END-- [ RunTime:0.000422s ]
SQL: SHOW COLUMNS FROM `party_news` [ RunTime:0.0006s ]
SQL: SELECT * FROM `party_news` WHERE ( publishtime<now() and type=2 ) LIMIT 10,10   [ RunTime:0.0003s ]

[ 2016-04-10T23:19:38+08:00 ] 101.245.184.19 /party/index.php?m=Home&c=Index&a=task
INFO: [ app_init ] --START--
INFO: Run Behavior\BuildLiteBehavior [ RunTime:0.000008s ]
INFO: [ app_init ] --END-- [ RunTime:0.000221s ]
INFO: [ app_begin ] --START--
INFO: Run Behavior\ReadHtmlCacheBehavior [ RunTime:0.000334s ]
INFO: [ app_begin ] --END-- [ RunTime:0.000364s ]
SQL: SHOW COLUMNS FROM `party_member2` [ RunTime:0.0007s ]
SQL: SELECT * FROM `party_member2` WHERE `id` = 1 LIMIT 1   [ RunTime:0.0001s ]
SQL: SHOW COLUMNS FROM `party_task` [ RunTime:0.0005s ]
SQL: SELECT * FROM `party_task` WHERE ( status=0 and (gid=0 or gid=2) ) ORDER BY id desc  [ RunTime:0.0003s ]

[ 2016-04-10T23:19:40+08:00 ] 101.245.184.19 /party/index.php?m=Home&c=Index&a=topn
INFO: [ app_init ] --START--
INFO: Run Behavior\BuildLiteBehavior [ RunTime:0.000013s ]
INFO: [ app_init ] --END-- [ RunTime:0.000337s ]
INFO: [ app_begin ] --START--
INFO: Run Behavior\ReadHtmlCacheBehavior [ RunTime:0.000501s ]
INFO: [ app_begin ] --END-- [ RunTime:0.000542s ]
SQL: SHOW COLUMNS FROM `party_member2` [ RunTime:0.0006s ]
SQL: SELECT * FROM `party_member2` ORDER BY score desc,id asc LIMIT 10   [ RunTime:0.0003s ]
SQL: SHOW COLUMNS FROM `party_picture` [ RunTime:0.0004s ]
SQL: SELECT * FROM `party_picture` WHERE `id` = 1 LIMIT 1   [ RunTime:0.0001s ]
SQL: SHOW COLUMNS FROM `party_config` [ RunTime:0.0004s ]
SQL: SELECT * FROM `party_config` WHERE `name` = 'QRCODE_BASE_HOST' LIMIT 1   [ RunTime:0.0001s ]
SQL: SELECT * FROM `party_picture` WHERE `id` = 2 LIMIT 1   [ RunTime:0.0001s ]
SQL: SELECT * FROM `party_config` WHERE `name` = 'QRCODE_BASE_HOST' LIMIT 1   [ RunTime:0.0001s ]
SQL: SELECT * FROM `party_picture` WHERE `id` = 1 LIMIT 1   [ RunTime:0.0001s ]
SQL: SELECT * FROM `party_config` WHERE `name` = 'QRCODE_BASE_HOST' LIMIT 1   [ RunTime:0.0001s ]
SQL: SELECT * FROM `party_picture` WHERE `id` = 1 LIMIT 1   [ RunTime:0.0001s ]
SQL: SELECT * FROM `party_config` WHERE `name` = 'QRCODE_BASE_HOST' LIMIT 1   [ RunTime:0.0001s ]
SQL: SELECT * FROM `party_picture` WHERE `id` = 1 LIMIT 1   [ RunTime:0.0001s ]
SQL: SELECT * FROM `party_config` WHERE `name` = 'QRCODE_BASE_HOST' LIMIT 1   [ RunTime:0.0001s ]
SQL: SELECT * FROM `party_picture` WHERE `id` = 9 LIMIT 1   [ RunTime:0.0002s ]
SQL: SELECT * FROM `party_config` WHERE `name` = 'QRCODE_BASE_HOST' LIMIT 1   [ RunTime:0.0001s ]

[ 2016-04-10T23:19:45+08:00 ] 101.245.184.19 /party/index.php?m=Home&c=Index&a=score_record
INFO: [ app_init ] --START--
INFO: Run Behavior\BuildLiteBehavior [ RunTime:0.000009s ]
INFO: [ app_init ] --END-- [ RunTime:0.000247s ]
INFO: [ app_begin ] --START--
INFO: Run Behavior\ReadHtmlCacheBehavior [ RunTime:0.000279s ]
INFO: [ app_begin ] --END-- [ RunTime:0.000308s ]
SQL: SHOW COLUMNS FROM `party_member2` [ RunTime:0.0006s ]
SQL: SELECT * FROM `party_member2` WHERE `md5` = 'd9c4af185da5d5bf17bd21370828551e' LIMIT 1   [ RunTime:0.0001s ]
SQL: select * from (
select a.*,b.name from party_user_event a 
left join party_event b on a.third_id=b.id
where a.uid=1 and a.type=0
union all
select a.*,b.name from party_user_event a 
left join party_task b on a.third_id=b.id
where a.uid=1 and a.type=1
) x where x.status in (0,1) order by x.addtime desc limit 0,10 [ RunTime:0.0001s ]

[ 2016-04-10T23:19:45+08:00 ] 101.245.184.19 /party/index.php?m=Home&c=Index&a=score_record
INFO: [ app_init ] --START--
INFO: Run Behavior\BuildLiteBehavior [ RunTime:0.000009s ]
INFO: [ app_init ] --END-- [ RunTime:0.000279s ]
INFO: [ app_begin ] --START--
INFO: Run Behavior\ReadHtmlCacheBehavior [ RunTime:0.000323s ]
INFO: [ app_begin ] --END-- [ RunTime:0.000351s ]
SQL: SHOW COLUMNS FROM `party_member2` [ RunTime:0.0006s ]
SQL: SELECT * FROM `party_member2` WHERE `md5` = 'd9c4af185da5d5bf17bd21370828551e' LIMIT 1   [ RunTime:0.0001s ]
SQL: select * from (
select a.*,b.name from party_user_event a 
left join party_event b on a.third_id=b.id
where a.uid=1 and a.type=0
union all
select a.*,b.name from party_user_event a 
left join party_task b on a.third_id=b.id
where a.uid=1 and a.type=1
) x where x.status in (0,1) order by x.addtime desc limit 0,10 [ RunTime:0.0001s ]

[ 2016-04-10T23:19:49+08:00 ] 101.245.184.19 /party/index.php?m=Home&c=Index&a=score_record
INFO: [ app_init ] --START--
INFO: Run Behavior\BuildLiteBehavior [ RunTime:0.000011s ]
INFO: [ app_init ] --END-- [ RunTime:0.000338s ]
INFO: [ app_begin ] --START--
INFO: Run Behavior\ReadHtmlCacheBehavior [ RunTime:0.000296s ]
INFO: [ app_begin ] --END-- [ RunTime:0.000324s ]
SQL: SHOW COLUMNS FROM `party_member2` [ RunTime:0.0008s ]
SQL: SELECT * FROM `party_member2` WHERE `md5` = 'd9c4af185da5d5bf17bd21370828551e' LIMIT 1   [ RunTime:0.0001s ]
SQL: select * from (
select a.*,b.name from party_user_event a 
left join party_event b on a.third_id=b.id
where a.uid=1 and a.type=0
union all
select a.*,b.name from party_user_event a 
left join party_task b on a.third_id=b.id
where a.uid=1 and a.type=1
) x where x.status in (0,1) order by x.addtime desc limit 20,10 [ RunTime:0.0011s ]

[ 2016-04-10T23:19:55+08:00 ] 101.245.184.19 /party/index.php?m=Home&c=Index&a=member
INFO: [ app_init ] --START--
INFO: Run Behavior\BuildLiteBehavior [ RunTime:0.000010s ]
INFO: [ app_init ] --END-- [ RunTime:0.000231s ]
INFO: [ app_begin ] --START--
INFO: Run Behavior\ReadHtmlCacheBehavior [ RunTime:0.000287s ]
INFO: [ app_begin ] --END-- [ RunTime:0.000315s ]
SQL: SHOW COLUMNS FROM `party_member2` [ RunTime:0.0007s ]
SQL: SELECT * FROM `party_member2` WHERE `md5` = 'd9c4af185da5d5bf17bd21370828551e' LIMIT 1   [ RunTime:0.0002s ]
SQL: SHOW COLUMNS FROM `party_picture` [ RunTime:0.0004s ]
SQL: SELECT * FROM `party_picture` WHERE `id` = 1 LIMIT 1   [ RunTime:0.0001s ]
SQL: SHOW COLUMNS FROM `party_config` [ RunTime:0.0005s ]
SQL: SELECT * FROM `party_config` WHERE `name` = 'QRCODE_BASE_HOST' LIMIT 1   [ RunTime:0.0001s ]
SQL: SELECT * FROM `party_member2` WHERE `id` = 1 LIMIT 1   [ RunTime:0.0001s ]

[ 2016-04-10T23:19:56+08:00 ] 101.245.184.19 /party/index.php?m=home&c=index&a=qrcode&md5=d9c4af185da5d5bf17bd21370828551e
INFO: [ app_init ] --START--
INFO: Run Behavior\BuildLiteBehavior [ RunTime:0.000014s ]
INFO: [ app_init ] --END-- [ RunTime:0.000386s ]
INFO: [ app_begin ] --START--
INFO: Run Behavior\ReadHtmlCacheBehavior [ RunTime:0.000394s ]
INFO: [ app_begin ] --END-- [ RunTime:0.000433s ]
SQL: SHOW COLUMNS FROM `party_config` [ RunTime:0.0006s ]
SQL: SELECT * FROM `party_config` WHERE `name` = 'QRCODE_BASE_HOST' LIMIT 1   [ RunTime:0.0001s ]
INFO: [ app_end ] --START--
INFO: Run Behavior\ShowPageTraceBehavior [ RunTime:0.000416s ]
INFO: [ app_end ] --END-- [ RunTime:0.000460s ]

[ 2016-04-10T23:19:57+08:00 ] 101.245.184.19 /party/index.php?m=Home&c=Index&a=score_record
INFO: [ app_init ] --START--
INFO: Run Behavior\BuildLiteBehavior [ RunTime:0.000014s ]
INFO: [ app_init ] --END-- [ RunTime:0.000348s ]
INFO: [ app_begin ] --START--
INFO: Run Behavior\ReadHtmlCacheBehavior [ RunTime:0.000417s ]
INFO: [ app_begin ] --END-- [ RunTime:0.000460s ]
SQL: SHOW COLUMNS FROM `party_member2` [ RunTime:0.0007s ]
SQL: SELECT * FROM `party_member2` WHERE `md5` = 'd9c4af185da5d5bf17bd21370828551e' LIMIT 1   [ RunTime:0.0001s ]
SQL: select * from (
select a.*,b.name from party_user_event a 
left join party_event b on a.third_id=b.id
where a.uid=1 and a.type=0
union all
select a.*,b.name from party_user_event a 
left join party_task b on a.third_id=b.id
where a.uid=1 and a.type=1
) x where x.status in (0,1) order by x.addtime desc limit 0,10 [ RunTime:0.0001s ]

[ 2016-04-10T23:19:57+08:00 ] 101.245.184.19 /party/index.php?m=Home&c=Index&a=score_record
INFO: [ app_init ] --START--
INFO: Run Behavior\BuildLiteBehavior [ RunTime:0.000010s ]
INFO: [ app_init ] --END-- [ RunTime:0.000232s ]
INFO: [ app_begin ] --START--
INFO: Run Behavior\ReadHtmlCacheBehavior [ RunTime:0.000339s ]
INFO: [ app_begin ] --END-- [ RunTime:0.000367s ]
SQL: SHOW COLUMNS FROM `party_member2` [ RunTime:0.0006s ]
SQL: SELECT * FROM `party_member2` WHERE `md5` = 'd9c4af185da5d5bf17bd21370828551e' LIMIT 1   [ RunTime:0.0001s ]
SQL: select * from (
select a.*,b.name from party_user_event a 
left join party_event b on a.third_id=b.id
where a.uid=1 and a.type=0
union all
select a.*,b.name from party_user_event a 
left join party_task b on a.third_id=b.id
where a.uid=1 and a.type=1
) x where x.status in (0,1) order by x.addtime desc limit 0,10 [ RunTime:0.0001s ]

[ 2016-04-10T23:19:59+08:00 ] 101.245.184.19 /party/index.php?m=Home&c=Index&a=task
INFO: [ app_init ] --START--
INFO: Run Behavior\BuildLiteBehavior [ RunTime:0.000012s ]
INFO: [ app_init ] --END-- [ RunTime:0.000295s ]
INFO: [ app_begin ] --START--
INFO: Run Behavior\ReadHtmlCacheBehavior [ RunTime:0.000292s ]
INFO: [ app_begin ] --END-- [ RunTime:0.000320s ]
SQL: SHOW COLUMNS FROM `party_member2` [ RunTime:0.0008s ]
SQL: SELECT * FROM `party_member2` WHERE `id` = 1 LIMIT 1   [ RunTime:0.0001s ]
SQL: SHOW COLUMNS FROM `party_task` [ RunTime:0.0006s ]
SQL: SELECT * FROM `party_task` WHERE ( status=0 and (gid=0 or gid=2) ) ORDER BY id desc  [ RunTime:0.0001s ]

[ 2016-04-10T23:20:02+08:00 ] 101.245.184.19 /party/index.php?m=Home&c=Index&a=news
INFO: [ app_init ] --START--
INFO: Run Behavior\BuildLiteBehavior [ RunTime:0.000012s ]
INFO: [ app_init ] --END-- [ RunTime:0.000315s ]
INFO: [ app_begin ] --START--
INFO: Run Behavior\ReadHtmlCacheBehavior [ RunTime:0.000379s ]
INFO: [ app_begin ] --END-- [ RunTime:0.000411s ]
SQL: SHOW COLUMNS FROM `party_news` [ RunTime:0.0008s ]
SQL: SELECT * FROM `party_news` WHERE ( publishtime<now() and type=1 ) LIMIT 0,10   [ RunTime:0.0005s ]
SQL: SHOW COLUMNS FROM `party_picture` [ RunTime:0.0006s ]
SQL: SELECT * FROM `party_picture` WHERE `id` = 2 LIMIT 1   [ RunTime:0.0001s ]
SQL: SELECT * FROM `party_picture` WHERE `id` = 0 LIMIT 1   [ RunTime:0.0001s ]
SQL: SELECT * FROM `party_picture` WHERE `id` = 2 LIMIT 1   [ RunTime:0.0001s ]
SQL: SELECT * FROM `party_picture` WHERE `id` = 0 LIMIT 1   [ RunTime:0.0001s ]
SQL: SELECT * FROM `party_picture` WHERE `id` = 2 LIMIT 1   [ RunTime:0.0001s ]
SQL: SELECT * FROM `party_picture` WHERE `id` = 0 LIMIT 1   [ RunTime:0.0001s ]
SQL: SELECT * FROM `party_picture` WHERE `id` = 2 LIMIT 1   [ RunTime:0.0001s ]
SQL: SELECT * FROM `party_picture` WHERE `id` = 0 LIMIT 1   [ RunTime:0.0001s ]
SQL: SELECT * FROM `party_picture` WHERE `id` = 2 LIMIT 1   [ RunTime:0.0001s ]
SQL: SELECT * FROM `party_picture` WHERE `id` = 0 LIMIT 1   [ RunTime:0.0001s ]

[ 2016-04-10T23:20:03+08:00 ] 101.245.184.19 /party/index.php?m=Home&c=Index&a=newdetail
INFO: [ app_init ] --START--
INFO: Run Behavior\BuildLiteBehavior [ RunTime:0.000010s ]
INFO: [ app_init ] --END-- [ RunTime:0.000223s ]
INFO: [ app_begin ] --START--
INFO: Run Behavior\ReadHtmlCacheBehavior [ RunTime:0.000277s ]
INFO: [ app_begin ] --END-- [ RunTime:0.000305s ]
SQL: SHOW COLUMNS FROM `party_news` [ RunTime:0.0005s ]
SQL: SELECT * FROM `party_news` WHERE `id` = 1 LIMIT 1   [ RunTime:0.0003s ]
SQL: SHOW COLUMNS FROM `party_picture` [ RunTime:0.0004s ]
SQL: SELECT * FROM `party_picture` WHERE `id` = 2 LIMIT 1   [ RunTime:0.0001s ]

[ 2016-04-10T23:20:06+08:00 ] 101.245.184.19 /party/index.php?m=Home&c=Index&a=news
INFO: [ app_init ] --START--
INFO: Run Behavior\BuildLiteBehavior [ RunTime:0.000009s ]
INFO: [ app_init ] --END-- [ RunTime:0.000235s ]
INFO: [ app_begin ] --START--
INFO: Run Behavior\ReadHtmlCacheBehavior [ RunTime:0.000321s ]
INFO: [ app_begin ] --END-- [ RunTime:0.000350s ]
SQL: SHOW COLUMNS FROM `party_news` [ RunTime:0.0008s ]
SQL: SELECT * FROM `party_news` WHERE ( publishtime<now() and type=1 ) LIMIT 0,10   [ RunTime:0.0004s ]
SQL: SHOW COLUMNS FROM `party_picture` [ RunTime:0.0004s ]
SQL: SELECT * FROM `party_picture` WHERE `id` = 2 LIMIT 1   [ RunTime:0.0001s ]
SQL: SELECT * FROM `party_picture` WHERE `id` = 0 LIMIT 1   [ RunTime:0.0001s ]
SQL: SELECT * FROM `party_picture` WHERE `id` = 2 LIMIT 1   [ RunTime:0.0001s ]
SQL: SELECT * FROM `party_picture` WHERE `id` = 0 LIMIT 1   [ RunTime:0.0001s ]
SQL: SELECT * FROM `party_picture` WHERE `id` = 2 LIMIT 1   [ RunTime:0.0001s ]
SQL: SELECT * FROM `party_picture` WHERE `id` = 0 LIMIT 1   [ RunTime:0.0001s ]
SQL: SELECT * FROM `party_picture` WHERE `id` = 2 LIMIT 1   [ RunTime:0.0001s ]
SQL: SELECT * FROM `party_picture` WHERE `id` = 0 LIMIT 1   [ RunTime:0.0001s ]
SQL: SELECT * FROM `party_picture` WHERE `id` = 2 LIMIT 1   [ RunTime:0.0001s ]
SQL: SELECT * FROM `party_picture` WHERE `id` = 0 LIMIT 1   [ RunTime:0.0001s ]

[ 2016-04-10T23:20:09+08:00 ] 101.245.184.19 /party/index.php?m=Home&c=Index&a=newdetail
INFO: [ app_init ] --START--
INFO: Run Behavior\BuildLiteBehavior [ RunTime:0.000015s ]
INFO: [ app_init ] --END-- [ RunTime:0.000346s ]
INFO: [ app_begin ] --START--
INFO: Run Behavior\ReadHtmlCacheBehavior [ RunTime:0.000302s ]
INFO: [ app_begin ] --END-- [ RunTime:0.000340s ]
SQL: SHOW COLUMNS FROM `party_news` [ RunTime:0.0010s ]
SQL: SELECT * FROM `party_news` WHERE `id` = 5 LIMIT 1   [ RunTime:0.0003s ]
SQL: SHOW COLUMNS FROM `party_picture` [ RunTime:0.0006s ]
SQL: SELECT * FROM `party_picture` WHERE `id` = 2 LIMIT 1   [ RunTime:0.0001s ]

[ 2016-04-10T23:20:10+08:00 ] 101.245.184.19 /party/index.php?m=Home&c=Index&a=news
INFO: [ app_init ] --START--
INFO: Run Behavior\BuildLiteBehavior [ RunTime:0.000012s ]
INFO: [ app_init ] --END-- [ RunTime:0.000237s ]
INFO: [ app_begin ] --START--
INFO: Run Behavior\ReadHtmlCacheBehavior [ RunTime:0.000336s ]
INFO: [ app_begin ] --END-- [ RunTime:0.000370s ]
SQL: SHOW COLUMNS FROM `party_news` [ RunTime:0.0006s ]
SQL: SELECT * FROM `party_news` WHERE ( publishtime<now() and type=1 ) LIMIT 0,10   [ RunTime:0.0004s ]
SQL: SHOW COLUMNS FROM `party_picture` [ RunTime:0.0004s ]
SQL: SELECT * FROM `party_picture` WHERE `id` = 2 LIMIT 1   [ RunTime:0.0001s ]
SQL: SELECT * FROM `party_picture` WHERE `id` = 0 LIMIT 1   [ RunTime:0.0001s ]
SQL: SELECT * FROM `party_picture` WHERE `id` = 2 LIMIT 1   [ RunTime:0.0001s ]
SQL: SELECT * FROM `party_picture` WHERE `id` = 0 LIMIT 1   [ RunTime:0.0001s ]
SQL: SELECT * FROM `party_picture` WHERE `id` = 2 LIMIT 1   [ RunTime:0.0001s ]
SQL: SELECT * FROM `party_picture` WHERE `id` = 0 LIMIT 1   [ RunTime:0.0001s ]
SQL: SELECT * FROM `party_picture` WHERE `id` = 2 LIMIT 1   [ RunTime:0.0001s ]
SQL: SELECT * FROM `party_picture` WHERE `id` = 0 LIMIT 1   [ RunTime:0.0001s ]
SQL: SELECT * FROM `party_picture` WHERE `id` = 2 LIMIT 1   [ RunTime:0.0001s ]
SQL: SELECT * FROM `party_picture` WHERE `id` = 0 LIMIT 1   [ RunTime:0.0001s ]

[ 2016-04-10T23:20:12+08:00 ] 101.245.184.19 /party/index.php?m=Home&c=Index&a=task
INFO: [ app_init ] --START--
INFO: Run Behavior\BuildLiteBehavior [ RunTime:0.000012s ]
INFO: [ app_init ] --END-- [ RunTime:0.000259s ]
INFO: [ app_begin ] --START--
INFO: Run Behavior\ReadHtmlCacheBehavior [ RunTime:0.000298s ]
INFO: [ app_begin ] --END-- [ RunTime:0.000328s ]
SQL: SHOW COLUMNS FROM `party_member2` [ RunTime:0.0006s ]
SQL: SELECT * FROM `party_member2` WHERE `id` = 1 LIMIT 1   [ RunTime:0.0001s ]
SQL: SHOW COLUMNS FROM `party_task` [ RunTime:0.0004s ]
SQL: SELECT * FROM `party_task` WHERE ( status=0 and (gid=0 or gid=2) ) ORDER BY id desc  [ RunTime:0.0001s ]

[ 2016-04-10T23:20:14+08:00 ] 101.245.184.19 /party/index.php?m=Home&c=Index&a=score_record
INFO: [ app_init ] --START--
INFO: Run Behavior\BuildLiteBehavior [ RunTime:0.000016s ]
INFO: [ app_init ] --END-- [ RunTime:0.000457s ]
INFO: [ app_begin ] --START--
INFO: Run Behavior\ReadHtmlCacheBehavior [ RunTime:0.000454s ]
INFO: [ app_begin ] --END-- [ RunTime:0.000496s ]
SQL: SHOW COLUMNS FROM `party_member2` [ RunTime:0.0008s ]
SQL: SELECT * FROM `party_member2` WHERE `md5` = 'd9c4af185da5d5bf17bd21370828551e' LIMIT 1   [ RunTime:0.0002s ]
SQL: select * from (
select a.*,b.name from party_user_event a 
left join party_event b on a.third_id=b.id
where a.uid=1 and a.type=0
union all
select a.*,b.name from party_user_event a 
left join party_task b on a.third_id=b.id
where a.uid=1 and a.type=1
) x where x.status in (0,1) order by x.addtime desc limit 0,10 [ RunTime:0.0001s ]

[ 2016-04-10T23:20:16+08:00 ] 101.245.184.19 /party/index.php?m=Home&c=Index&a=task
INFO: [ app_init ] --START--
INFO: Run Behavior\BuildLiteBehavior [ RunTime:0.000011s ]
INFO: [ app_init ] --END-- [ RunTime:0.000261s ]
INFO: [ app_begin ] --START--
INFO: Run Behavior\ReadHtmlCacheBehavior [ RunTime:0.000299s ]
INFO: [ app_begin ] --END-- [ RunTime:0.000329s ]
SQL: SHOW COLUMNS FROM `party_member2` [ RunTime:0.0006s ]
SQL: SELECT * FROM `party_member2` WHERE `id` = 1 LIMIT 1   [ RunTime:0.0001s ]
SQL: SHOW COLUMNS FROM `party_task` [ RunTime:0.0004s ]
SQL: SELECT * FROM `party_task` WHERE ( status=0 and (gid=0 or gid=2) ) ORDER BY id desc  [ RunTime:0.0001s ]

[ 2016-04-10T23:20:17+08:00 ] 101.245.184.19 /party/index.php?m=Home&c=Index&a=score_record
INFO: [ app_init ] --START--
INFO: Run Behavior\BuildLiteBehavior [ RunTime:0.000009s ]
INFO: [ app_init ] --END-- [ RunTime:0.000223s ]
INFO: [ app_begin ] --START--
INFO: Run Behavior\ReadHtmlCacheBehavior [ RunTime:0.000276s ]
INFO: [ app_begin ] --END-- [ RunTime:0.000304s ]
SQL: SHOW COLUMNS FROM `party_member2` [ RunTime:0.0006s ]
SQL: SELECT * FROM `party_member2` WHERE `md5` = 'd9c4af185da5d5bf17bd21370828551e' LIMIT 1   [ RunTime:0.0001s ]
SQL: select * from (
select a.*,b.name from party_user_event a 
left join party_event b on a.third_id=b.id
where a.uid=1 and a.type=0
union all
select a.*,b.name from party_user_event a 
left join party_task b on a.third_id=b.id
where a.uid=1 and a.type=1
) x where x.status in (0,1) order by x.addtime desc limit 0,10 [ RunTime:0.0001s ]

[ 2016-04-10T23:20:18+08:00 ] 101.245.184.19 /party/index.php?m=Home&c=Index&a=member
INFO: [ app_init ] --START--
INFO: Run Behavior\BuildLiteBehavior [ RunTime:0.000017s ]
INFO: [ app_init ] --END-- [ RunTime:0.000416s ]
INFO: [ app_begin ] --START--
INFO: Run Behavior\ReadHtmlCacheBehavior [ RunTime:0.000414s ]
INFO: [ app_begin ] --END-- [ RunTime:0.000453s ]
SQL: SHOW COLUMNS FROM `party_member2` [ RunTime:0.0008s ]
SQL: SELECT * FROM `party_member2` WHERE `md5` = 'd9c4af185da5d5bf17bd21370828551e' LIMIT 1   [ RunTime:0.0001s ]
SQL: SHOW COLUMNS FROM `party_picture` [ RunTime:0.0005s ]
SQL: SELECT * FROM `party_picture` WHERE `id` = 1 LIMIT 1   [ RunTime:0.0001s ]
SQL: SHOW COLUMNS FROM `party_config` [ RunTime:0.0005s ]
SQL: SELECT * FROM `party_config` WHERE `name` = 'QRCODE_BASE_HOST' LIMIT 1   [ RunTime:0.0001s ]
SQL: SELECT * FROM `party_member2` WHERE `id` = 1 LIMIT 1   [ RunTime:0.0001s ]

[ 2016-04-10T23:20:18+08:00 ] 101.245.184.19 /party/index.php?m=home&c=index&a=qrcode&md5=d9c4af185da5d5bf17bd21370828551e
INFO: [ app_init ] --START--
INFO: Run Behavior\BuildLiteBehavior [ RunTime:0.000012s ]
INFO: [ app_init ] --END-- [ RunTime:0.000287s ]
INFO: [ app_begin ] --START--
INFO: Run Behavior\ReadHtmlCacheBehavior [ RunTime:0.000298s ]
INFO: [ app_begin ] --END-- [ RunTime:0.000329s ]
SQL: SHOW COLUMNS FROM `party_config` [ RunTime:0.0006s ]
SQL: SELECT * FROM `party_config` WHERE `name` = 'QRCODE_BASE_HOST' LIMIT 1   [ RunTime:0.0001s ]
INFO: [ app_end ] --START--
INFO: Run Behavior\ShowPageTraceBehavior [ RunTime:0.000532s ]
INFO: [ app_end ] --END-- [ RunTime:0.000621s ]

[ 2016-04-10T23:20:19+08:00 ] 101.245.184.19 /party/index.php?m=Home&c=Index&a=score_record
INFO: [ app_init ] --START--
INFO: Run Behavior\BuildLiteBehavior [ RunTime:0.000009s ]
INFO: [ app_init ] --END-- [ RunTime:0.000225s ]
INFO: [ app_begin ] --START--
INFO: Run Behavior\ReadHtmlCacheBehavior [ RunTime:0.000332s ]
INFO: [ app_begin ] --END-- [ RunTime:0.000361s ]
SQL: SHOW COLUMNS FROM `party_member2` [ RunTime:0.0007s ]
SQL: SELECT * FROM `party_member2` WHERE `md5` = 'd9c4af185da5d5bf17bd21370828551e' LIMIT 1   [ RunTime:0.0001s ]
SQL: select * from (
select a.*,b.name from party_user_event a 
left join party_event b on a.third_id=b.id
where a.uid=1 and a.type=0
union all
select a.*,b.name from party_user_event a 
left join party_task b on a.third_id=b.id
where a.uid=1 and a.type=1
) x where x.status in (0,1) order by x.addtime desc limit 0,10 [ RunTime:0.0001s ]

[ 2016-04-10T23:20:20+08:00 ] 101.245.184.19 /party/index.php?m=Home&c=Index&a=topn
INFO: [ app_init ] --START--
INFO: Run Behavior\BuildLiteBehavior [ RunTime:0.000009s ]
INFO: [ app_init ] --END-- [ RunTime:0.000227s ]
INFO: [ app_begin ] --START--
INFO: Run Behavior\ReadHtmlCacheBehavior [ RunTime:0.000297s ]
INFO: [ app_begin ] --END-- [ RunTime:0.000333s ]
SQL: SHOW COLUMNS FROM `party_member2` [ RunTime:0.0007s ]
SQL: SELECT * FROM `party_member2` ORDER BY score desc,id asc LIMIT 10   [ RunTime:0.0001s ]
SQL: SHOW COLUMNS FROM `party_picture` [ RunTime:0.0005s ]
SQL: SELECT * FROM `party_picture` WHERE `id` = 1 LIMIT 1   [ RunTime:0.0001s ]
SQL: SHOW COLUMNS FROM `party_config` [ RunTime:0.0004s ]
SQL: SELECT * FROM `party_config` WHERE `name` = 'QRCODE_BASE_HOST' LIMIT 1   [ RunTime:0.0001s ]
SQL: SELECT * FROM `party_picture` WHERE `id` = 2 LIMIT 1   [ RunTime:0.0001s ]
SQL: SELECT * FROM `party_config` WHERE `name` = 'QRCODE_BASE_HOST' LIMIT 1   [ RunTime:0.0001s ]
SQL: SELECT * FROM `party_picture` WHERE `id` = 1 LIMIT 1   [ RunTime:0.0001s ]
SQL: SELECT * FROM `party_config` WHERE `name` = 'QRCODE_BASE_HOST' LIMIT 1   [ RunTime:0.0001s ]
SQL: SELECT * FROM `party_picture` WHERE `id` = 1 LIMIT 1   [ RunTime:0.0001s ]
SQL: SELECT * FROM `party_config` WHERE `name` = 'QRCODE_BASE_HOST' LIMIT 1   [ RunTime:0.0001s ]
SQL: SELECT * FROM `party_picture` WHERE `id` = 1 LIMIT 1   [ RunTime:0.0001s ]
SQL: SELECT * FROM `party_config` WHERE `name` = 'QRCODE_BASE_HOST' LIMIT 1   [ RunTime:0.0001s ]
SQL: SELECT * FROM `party_picture` WHERE `id` = 9 LIMIT 1   [ RunTime:0.0001s ]
SQL: SELECT * FROM `party_config` WHERE `name` = 'QRCODE_BASE_HOST' LIMIT 1   [ RunTime:0.0001s ]

[ 2016-04-10T23:20:21+08:00 ] 101.245.184.19 /party/index.php?m=Home&c=Index&a=task
INFO: [ app_init ] --START--
INFO: Run Behavior\BuildLiteBehavior [ RunTime:0.000011s ]
INFO: [ app_init ] --END-- [ RunTime:0.000322s ]
INFO: [ app_begin ] --START--
INFO: Run Behavior\ReadHtmlCacheBehavior [ RunTime:0.000305s ]
INFO: [ app_begin ] --END-- [ RunTime:0.000333s ]
SQL: SHOW COLUMNS FROM `party_member2` [ RunTime:0.0006s ]
SQL: SELECT * FROM `party_member2` WHERE `id` = 1 LIMIT 1   [ RunTime:0.0001s ]
SQL: SHOW COLUMNS FROM `party_task` [ RunTime:0.0004s ]
SQL: SELECT * FROM `party_task` WHERE ( status=0 and (gid=0 or gid=2) ) ORDER BY id desc  [ RunTime:0.0001s ]

[ 2016-04-10T23:20:22+08:00 ] 101.245.184.19 /party/index.php?m=Home&c=Index&a=news
INFO: [ app_init ] --START--
INFO: Run Behavior\BuildLiteBehavior [ RunTime:0.000017s ]
INFO: [ app_init ] --END-- [ RunTime:0.000375s ]
INFO: [ app_begin ] --START--
INFO: Run Behavior\ReadHtmlCacheBehavior [ RunTime:0.000443s ]
INFO: [ app_begin ] --END-- [ RunTime:0.000486s ]
SQL: SHOW COLUMNS FROM `party_news` [ RunTime:0.0006s ]
SQL: SELECT * FROM `party_news` WHERE ( publishtime<now() and type=2 ) LIMIT 0,10   [ RunTime:0.0004s ]
SQL: SHOW COLUMNS FROM `party_picture` [ RunTime:0.0004s ]
SQL: SELECT * FROM `party_picture` WHERE `id` = 0 LIMIT 1   [ RunTime:0.0001s ]
SQL: SELECT * FROM `party_picture` WHERE `id` = 2 LIMIT 1   [ RunTime:0.0001s ]

[ 2016-04-10T23:20:22+08:00 ] 101.245.184.19 /party/index.php?m=Home&c=Index&a=news
INFO: [ app_init ] --START--
INFO: Run Behavior\BuildLiteBehavior [ RunTime:0.000009s ]
INFO: [ app_init ] --END-- [ RunTime:0.000226s ]
INFO: [ app_begin ] --START--
INFO: Run Behavior\ReadHtmlCacheBehavior [ RunTime:0.000401s ]
INFO: [ app_begin ] --END-- [ RunTime:0.000437s ]
SQL: SHOW COLUMNS FROM `party_news` [ RunTime:0.0006s ]
SQL: SELECT * FROM `party_news` WHERE ( publishtime<now() and type=2 ) LIMIT 10,10   [ RunTime:0.0003s ]

[ 2016-04-10T23:20:22+08:00 ] 101.245.184.19 /party/index.php?m=Home&c=Index&a=score_record
INFO: [ app_init ] --START--
INFO: Run Behavior\BuildLiteBehavior [ RunTime:0.000009s ]
INFO: [ app_init ] --END-- [ RunTime:0.000280s ]
INFO: [ app_begin ] --START--
INFO: Run Behavior\ReadHtmlCacheBehavior [ RunTime:0.000330s ]
INFO: [ app_begin ] --END-- [ RunTime:0.000359s ]
SQL: SHOW COLUMNS FROM `party_member2` [ RunTime:0.0006s ]
SQL: SELECT * FROM `party_member2` WHERE `md5` = 'd9c4af185da5d5bf17bd21370828551e' LIMIT 1   [ RunTime:0.0001s ]
SQL: select * from (
select a.*,b.name from party_user_event a 
left join party_event b on a.third_id=b.id
where a.uid=1 and a.type=0
union all
select a.*,b.name from party_user_event a 
left join party_task b on a.third_id=b.id
where a.uid=1 and a.type=1
) x where x.status in (0,1) order by x.addtime desc limit 0,10 [ RunTime:0.0001s ]

[ 2016-04-10T23:20:23+08:00 ] 101.245.184.19 /party/index.php?m=Home&c=Index&a=member
INFO: [ app_init ] --START--
INFO: Run Behavior\BuildLiteBehavior [ RunTime:0.000010s ]
INFO: [ app_init ] --END-- [ RunTime:0.000236s ]
INFO: [ app_begin ] --START--
INFO: Run Behavior\ReadHtmlCacheBehavior [ RunTime:0.000288s ]
INFO: [ app_begin ] --END-- [ RunTime:0.000319s ]
SQL: SHOW COLUMNS FROM `party_member2` [ RunTime:0.0006s ]
SQL: SELECT * FROM `party_member2` WHERE `md5` = 'd9c4af185da5d5bf17bd21370828551e' LIMIT 1   [ RunTime:0.0001s ]
SQL: SHOW COLUMNS FROM `party_picture` [ RunTime:0.0004s ]
SQL: SELECT * FROM `party_picture` WHERE `id` = 1 LIMIT 1   [ RunTime:0.0001s ]
SQL: SHOW COLUMNS FROM `party_config` [ RunTime:0.0005s ]
SQL: SELECT * FROM `party_config` WHERE `name` = 'QRCODE_BASE_HOST' LIMIT 1   [ RunTime:0.0001s ]
SQL: SELECT * FROM `party_member2` WHERE `id` = 1 LIMIT 1   [ RunTime:0.0001s ]

[ 2016-04-10T23:20:23+08:00 ] 101.245.184.19 /party/index.php?m=home&c=index&a=qrcode&md5=d9c4af185da5d5bf17bd21370828551e
INFO: [ app_init ] --START--
INFO: Run Behavior\BuildLiteBehavior [ RunTime:0.000008s ]
INFO: [ app_init ] --END-- [ RunTime:0.000221s ]
INFO: [ app_begin ] --START--
INFO: Run Behavior\ReadHtmlCacheBehavior [ RunTime:0.000285s ]
INFO: [ app_begin ] --END-- [ RunTime:0.000313s ]
SQL: SHOW COLUMNS FROM `party_config` [ RunTime:0.0006s ]
SQL: SELECT * FROM `party_config` WHERE `name` = 'QRCODE_BASE_HOST' LIMIT 1   [ RunTime:0.0001s ]
INFO: [ app_end ] --START--
INFO: Run Behavior\ShowPageTraceBehavior [ RunTime:0.000461s ]
INFO: [ app_end ] --END-- [ RunTime:0.000503s ]

[ 2016-04-10T23:20:23+08:00 ] 101.245.184.19 /party/index.php?m=Home&c=Index&a=member
INFO: [ app_init ] --START--
INFO: Run Behavior\BuildLiteBehavior [ RunTime:0.000009s ]
INFO: [ app_init ] --END-- [ RunTime:0.000314s ]
INFO: [ app_begin ] --START--
INFO: Run Behavior\ReadHtmlCacheBehavior [ RunTime:0.000317s ]
INFO: [ app_begin ] --END-- [ RunTime:0.000352s ]
SQL: SHOW COLUMNS FROM `party_member2` [ RunTime:0.0007s ]
SQL: SELECT * FROM `party_member2` WHERE `md5` = 'd9c4af185da5d5bf17bd21370828551e' LIMIT 1   [ RunTime:0.0001s ]
SQL: SHOW COLUMNS FROM `party_picture` [ RunTime:0.0005s ]
SQL: SELECT * FROM `party_picture` WHERE `id` = 1 LIMIT 1   [ RunTime:0.0001s ]
SQL: SHOW COLUMNS FROM `party_config` [ RunTime:0.0005s ]
SQL: SELECT * FROM `party_config` WHERE `name` = 'QRCODE_BASE_HOST' LIMIT 1   [ RunTime:0.0001s ]
SQL: SELECT * FROM `party_member2` WHERE `id` = 1 LIMIT 1   [ RunTime:0.0001s ]

[ 2016-04-10T23:20:23+08:00 ] 101.245.184.19 /party/index.php?m=home&c=index&a=qrcode&md5=d9c4af185da5d5bf17bd21370828551e
INFO: [ app_init ] --START--
INFO: Run Behavior\BuildLiteBehavior [ RunTime:0.000008s ]
INFO: [ app_init ] --END-- [ RunTime:0.000219s ]
INFO: [ app_begin ] --START--
INFO: Run Behavior\ReadHtmlCacheBehavior [ RunTime:0.000348s ]
INFO: [ app_begin ] --END-- [ RunTime:0.000375s ]
SQL: SHOW COLUMNS FROM `party_config` [ RunTime:0.0006s ]
SQL: SELECT * FROM `party_config` WHERE `name` = 'QRCODE_BASE_HOST' LIMIT 1   [ RunTime:0.0001s ]
INFO: [ app_end ] --START--
INFO: Run Behavior\ShowPageTraceBehavior [ RunTime:0.000423s ]
INFO: [ app_end ] --END-- [ RunTime:0.000466s ]

