[ 2016-04-18T13:46:05+08:00 ] 116.228.88.72 /party/index.php
INFO: [ app_init ] --START--
INFO: Run Behavior\BuildLiteBehavior [ RunTime:0.000014s ]
INFO: [ app_init ] --END-- [ RunTime:0.000347s ]
INFO: [ app_begin ] --START--
INFO: Run Behavior\ReadHtmlCacheBehavior [ RunTime:0.000433s ]
INFO: [ app_begin ] --END-- [ RunTime:0.000475s ]
ERR: 非法操作:index

[ 2016-04-18T13:46:50+08:00 ] 116.228.88.72 /party/index.php?m=home&c=index&a=qrcode&md5=1c13663359853d0145df5ce4c49706f9
INFO: [ app_init ] --START--
INFO: Run Behavior\BuildLiteBehavior [ RunTime:0.000008s ]
INFO: [ app_init ] --END-- [ RunTime:0.000223s ]
INFO: [ app_begin ] --START--
INFO: Run Behavior\ReadHtmlCacheBehavior [ RunTime:0.000334s ]
INFO: [ app_begin ] --END-- [ RunTime:0.000361s ]
SQL: SHOW COLUMNS FROM `party_config` [ RunTime:0.0006s ]
SQL: SELECT * FROM `party_config` WHERE `name` = 'QRCODE_BASE_HOST' LIMIT 1   [ RunTime:0.0001s ]
INFO: [ app_end ] --START--
INFO: Run Behavior\ShowPageTraceBehavior [ RunTime:0.000650s ]
INFO: [ app_end ] --END-- [ RunTime:0.000716s ]

[ 2016-04-18T13:54:20+08:00 ] 101.226.125.113 /party/index.php?m=Home&c=Index&a=is_login
INFO: [ app_init ] --START--
INFO: Run Behavior\BuildLiteBehavior [ RunTime:0.000015s ]
INFO: [ app_init ] --END-- [ RunTime:0.000333s ]
INFO: [ app_begin ] --START--
INFO: Run Behavior\ReadHtmlCacheBehavior [ RunTime:0.000476s ]
INFO: [ app_begin ] --END-- [ RunTime:0.000515s ]

[ 2016-04-18T13:54:20+08:00 ] 101.226.61.193 /party/index.php?m=Home&c=Index&a=member
INFO: [ app_init ] --START--
INFO: Run Behavior\BuildLiteBehavior [ RunTime:0.000009s ]
INFO: [ app_init ] --END-- [ RunTime:0.000281s ]
INFO: [ app_begin ] --START--
INFO: Run Behavior\ReadHtmlCacheBehavior [ RunTime:0.000281s ]
INFO: [ app_begin ] --END-- [ RunTime:0.000308s ]
SQL: SHOW COLUMNS FROM `party_member2` [ RunTime:0.0006s ]
SQL: SELECT * FROM `party_member2` WHERE `md5` = '1c13663359853d0145df5ce4c49706f9' LIMIT 1   [ RunTime:0.0001s ]
SQL: SHOW COLUMNS FROM `party_picture` [ RunTime:0.0004s ]
SQL: SELECT * FROM `party_picture` WHERE `id` = 3 LIMIT 1   [ RunTime:0.0001s ]
SQL: SHOW COLUMNS FROM `party_config` [ RunTime:0.0005s ]
SQL: SELECT * FROM `party_config` WHERE `name` = 'QRCODE_BASE_HOST' LIMIT 1   [ RunTime:0.0001s ]

[ 2016-04-18T13:54:21+08:00 ] 101.226.125.108 /party/index.php?m=home&c=index&a=qrcode&md5=1c13663359853d0145df5ce4c49706f9
INFO: [ app_init ] --START--
INFO: Run Behavior\BuildLiteBehavior [ RunTime:0.000011s ]
INFO: [ app_init ] --END-- [ RunTime:0.000269s ]
INFO: [ app_begin ] --START--
INFO: Run Behavior\ReadHtmlCacheBehavior [ RunTime:0.000295s ]
INFO: [ app_begin ] --END-- [ RunTime:0.000323s ]
SQL: SHOW COLUMNS FROM `party_config` [ RunTime:0.0006s ]
SQL: SELECT * FROM `party_config` WHERE `name` = 'QRCODE_BASE_HOST' LIMIT 1   [ RunTime:0.0001s ]
INFO: [ app_end ] --START--
INFO: Run Behavior\ShowPageTraceBehavior [ RunTime:0.000508s ]
INFO: [ app_end ] --END-- [ RunTime:0.000567s ]

[ 2016-04-18T13:54:34+08:00 ] 101.226.125.18 /party/index.php?m=Home&c=Index&a=is_login
INFO: [ app_init ] --START--
INFO: Run Behavior\BuildLiteBehavior [ RunTime:0.000011s ]
INFO: [ app_init ] --END-- [ RunTime:0.000256s ]
INFO: [ app_begin ] --START--
INFO: Run Behavior\ReadHtmlCacheBehavior [ RunTime:0.000332s ]
INFO: [ app_begin ] --END-- [ RunTime:0.000366s ]

[ 2016-04-18T13:54:34+08:00 ] 180.153.81.159 /party/index.php?m=Home&c=Index&a=member
INFO: [ app_init ] --START--
INFO: Run Behavior\BuildLiteBehavior [ RunTime:0.000009s ]
INFO: [ app_init ] --END-- [ RunTime:0.000275s ]
INFO: [ app_begin ] --START--
INFO: Run Behavior\ReadHtmlCacheBehavior [ RunTime:0.000278s ]
INFO: [ app_begin ] --END-- [ RunTime:0.000305s ]
SQL: SHOW COLUMNS FROM `party_member2` [ RunTime:0.0006s ]
SQL: SELECT * FROM `party_member2` WHERE `md5` = '1c13663359853d0145df5ce4c49706f9' LIMIT 1   [ RunTime:0.0002s ]
SQL: SHOW COLUMNS FROM `party_picture` [ RunTime:0.0004s ]
SQL: SELECT * FROM `party_picture` WHERE `id` = 3 LIMIT 1   [ RunTime:0.0001s ]
SQL: SHOW COLUMNS FROM `party_config` [ RunTime:0.0005s ]
SQL: SELECT * FROM `party_config` WHERE `name` = 'QRCODE_BASE_HOST' LIMIT 1   [ RunTime:0.0001s ]

[ 2016-04-18T13:54:36+08:00 ] 101.226.125.108 /party/index.php?m=home&c=index&a=qrcode&md5=1c13663359853d0145df5ce4c49706f9
INFO: [ app_init ] --START--
INFO: Run Behavior\BuildLiteBehavior [ RunTime:0.000008s ]
INFO: [ app_init ] --END-- [ RunTime:0.000221s ]
INFO: [ app_begin ] --START--
INFO: Run Behavior\ReadHtmlCacheBehavior [ RunTime:0.000335s ]
INFO: [ app_begin ] --END-- [ RunTime:0.000362s ]
SQL: SHOW COLUMNS FROM `party_config` [ RunTime:0.0006s ]
SQL: SELECT * FROM `party_config` WHERE `name` = 'QRCODE_BASE_HOST' LIMIT 1   [ RunTime:0.0001s ]
INFO: [ app_end ] --START--
INFO: Run Behavior\ShowPageTraceBehavior [ RunTime:0.000421s ]
INFO: [ app_end ] --END-- [ RunTime:0.000462s ]

[ 2016-04-18T13:55:00+08:00 ] 101.226.125.117 /party/index.php?m=Home&c=Index&a=is_login
INFO: [ app_init ] --START--
INFO: Run Behavior\BuildLiteBehavior [ RunTime:0.000011s ]
INFO: [ app_init ] --END-- [ RunTime:0.000269s ]
INFO: [ app_begin ] --START--
INFO: Run Behavior\ReadHtmlCacheBehavior [ RunTime:0.000292s ]
INFO: [ app_begin ] --END-- [ RunTime:0.000320s ]

[ 2016-04-18T13:55:00+08:00 ] 101.226.125.15 /party/index.php?m=Home&c=Index&a=member
INFO: [ app_init ] --START--
INFO: Run Behavior\BuildLiteBehavior [ RunTime:0.000011s ]
INFO: [ app_init ] --END-- [ RunTime:0.000251s ]
INFO: [ app_begin ] --START--
INFO: Run Behavior\ReadHtmlCacheBehavior [ RunTime:0.000389s ]
INFO: [ app_begin ] --END-- [ RunTime:0.000419s ]
SQL: SHOW COLUMNS FROM `party_member2` [ RunTime:0.0010s ]
SQL: SELECT * FROM `party_member2` WHERE `md5` = '1c13663359853d0145df5ce4c49706f9' LIMIT 1   [ RunTime:0.0001s ]
SQL: SHOW COLUMNS FROM `party_picture` [ RunTime:0.0005s ]
SQL: SELECT * FROM `party_picture` WHERE `id` = 3 LIMIT 1   [ RunTime:0.0001s ]
SQL: SHOW COLUMNS FROM `party_config` [ RunTime:0.0004s ]
SQL: SELECT * FROM `party_config` WHERE `name` = 'QRCODE_BASE_HOST' LIMIT 1   [ RunTime:0.0001s ]

[ 2016-04-18T13:55:01+08:00 ] 101.226.125.117 /party/index.php?m=home&c=index&a=qrcode&md5=1c13663359853d0145df5ce4c49706f9
INFO: [ app_init ] --START--
INFO: Run Behavior\BuildLiteBehavior [ RunTime:0.000009s ]
INFO: [ app_init ] --END-- [ RunTime:0.000252s ]
INFO: [ app_begin ] --START--
INFO: Run Behavior\ReadHtmlCacheBehavior [ RunTime:0.000339s ]
INFO: [ app_begin ] --END-- [ RunTime:0.000367s ]
SQL: SHOW COLUMNS FROM `party_config` [ RunTime:0.0006s ]
SQL: SELECT * FROM `party_config` WHERE `name` = 'QRCODE_BASE_HOST' LIMIT 1   [ RunTime:0.0001s ]
INFO: [ app_end ] --START--
INFO: Run Behavior\ShowPageTraceBehavior [ RunTime:0.000758s ]
INFO: [ app_end ] --END-- [ RunTime:0.000810s ]

[ 2016-04-18T13:55:06+08:00 ] 116.228.88.72 /party/index.php?m=Home&c=Index&a=is_login
INFO: [ app_init ] --START--
INFO: Run Behavior\BuildLiteBehavior [ RunTime:0.000010s ]
INFO: [ app_init ] --END-- [ RunTime:0.000266s ]
INFO: [ app_begin ] --START--
INFO: Run Behavior\ReadHtmlCacheBehavior [ RunTime:0.000422s ]
INFO: [ app_begin ] --END-- [ RunTime:0.000465s ]

[ 2016-04-18T13:55:07+08:00 ] 116.228.88.72 /party/index.php?m=Home&c=Index&a=member
INFO: [ app_init ] --START--
INFO: Run Behavior\BuildLiteBehavior [ RunTime:0.000010s ]
INFO: [ app_init ] --END-- [ RunTime:0.000235s ]
INFO: [ app_begin ] --START--
INFO: Run Behavior\ReadHtmlCacheBehavior [ RunTime:0.000289s ]
INFO: [ app_begin ] --END-- [ RunTime:0.000369s ]
SQL: SHOW COLUMNS FROM `party_member2` [ RunTime:0.0006s ]
SQL: SELECT * FROM `party_member2` WHERE `md5` = '1c13663359853d0145df5ce4c49706f9' LIMIT 1   [ RunTime:0.0001s ]
SQL: SHOW COLUMNS FROM `party_picture` [ RunTime:0.0004s ]
SQL: SELECT * FROM `party_picture` WHERE `id` = 3 LIMIT 1   [ RunTime:0.0001s ]
SQL: SHOW COLUMNS FROM `party_config` [ RunTime:0.0004s ]
SQL: SELECT * FROM `party_config` WHERE `name` = 'QRCODE_BASE_HOST' LIMIT 1   [ RunTime:0.0001s ]

[ 2016-04-18T13:55:07+08:00 ] 116.228.88.72 /party/index.php?m=home&c=index&a=qrcode&md5=1c13663359853d0145df5ce4c49706f9
INFO: [ app_init ] --START--
INFO: Run Behavior\BuildLiteBehavior [ RunTime:0.000015s ]
INFO: [ app_init ] --END-- [ RunTime:0.000401s ]
INFO: [ app_begin ] --START--
INFO: Run Behavior\ReadHtmlCacheBehavior [ RunTime:0.000727s ]
INFO: [ app_begin ] --END-- [ RunTime:0.000781s ]
SQL: SHOW COLUMNS FROM `party_config` [ RunTime:0.0007s ]
SQL: SELECT * FROM `party_config` WHERE `name` = 'QRCODE_BASE_HOST' LIMIT 1   [ RunTime:0.0001s ]
INFO: [ app_end ] --START--
INFO: Run Behavior\ShowPageTraceBehavior [ RunTime:0.000425s ]
INFO: [ app_end ] --END-- [ RunTime:0.000481s ]

[ 2016-04-18T14:37:43+08:00 ] 116.228.88.72 /party/index.php?m=home&c=index&a=qrcode&md5=1c13663359853d0145df5ce4c49706f9
INFO: [ app_init ] --START--
INFO: Run Behavior\BuildLiteBehavior [ RunTime:0.000012s ]
INFO: [ app_init ] --END-- [ RunTime:0.000292s ]
INFO: [ app_begin ] --START--
INFO: Run Behavior\ReadHtmlCacheBehavior [ RunTime:0.000383s ]
INFO: [ app_begin ] --END-- [ RunTime:0.000414s ]
SQL: SHOW COLUMNS FROM `party_config` [ RunTime:0.0007s ]
SQL: SELECT * FROM `party_config` WHERE `name` = 'QRCODE_BASE_HOST' LIMIT 1   [ RunTime:0.0001s ]
INFO: [ app_end ] --START--
INFO: Run Behavior\ShowPageTraceBehavior [ RunTime:0.000482s ]
INFO: [ app_end ] --END-- [ RunTime:0.000529s ]

[ 2016-04-18T15:01:57+08:00 ] 14.17.44.215 /party/index.php?m=Home&c=Index&a=is_login
INFO: [ app_init ] --START--
INFO: Run Behavior\BuildLiteBehavior [ RunTime:0.000010s ]
INFO: [ app_init ] --END-- [ RunTime:0.000235s ]
INFO: [ app_begin ] --START--
INFO: Run Behavior\ReadHtmlCacheBehavior [ RunTime:0.000292s ]
INFO: [ app_begin ] --END-- [ RunTime:0.000320s ]

[ 2016-04-18T15:01:58+08:00 ] 219.133.40.14 /party/index.php?m=Home&c=Index&a=member
INFO: [ app_init ] --START--
INFO: Run Behavior\BuildLiteBehavior [ RunTime:0.000012s ]
INFO: [ app_init ] --END-- [ RunTime:0.000338s ]
INFO: [ app_begin ] --START--
INFO: Run Behavior\ReadHtmlCacheBehavior [ RunTime:0.000494s ]
INFO: [ app_begin ] --END-- [ RunTime:0.000538s ]
SQL: SHOW COLUMNS FROM `party_member2` [ RunTime:0.0007s ]
SQL: SELECT * FROM `party_member2` WHERE `md5` = '1c13663359853d0145df5ce4c49706f9' LIMIT 1   [ RunTime:0.0001s ]
SQL: SHOW COLUMNS FROM `party_picture` [ RunTime:0.0005s ]
SQL: SELECT * FROM `party_picture` WHERE `id` = 3 LIMIT 1   [ RunTime:0.0001s ]
SQL: SHOW COLUMNS FROM `party_config` [ RunTime:0.0004s ]
SQL: SELECT * FROM `party_config` WHERE `name` = 'QRCODE_BASE_HOST' LIMIT 1   [ RunTime:0.0001s ]

[ 2016-04-18T15:01:58+08:00 ] 14.17.37.146 /party/index.php?m=home&c=index&a=qrcode&md5=1c13663359853d0145df5ce4c49706f9
INFO: [ app_init ] --START--
INFO: Run Behavior\BuildLiteBehavior [ RunTime:0.000013s ]
INFO: [ app_init ] --END-- [ RunTime:0.000338s ]
INFO: [ app_begin ] --START--
INFO: Run Behavior\ReadHtmlCacheBehavior [ RunTime:0.000443s ]
INFO: [ app_begin ] --END-- [ RunTime:0.000486s ]
SQL: SHOW COLUMNS FROM `party_config` [ RunTime:0.0006s ]
SQL: SELECT * FROM `party_config` WHERE `name` = 'QRCODE_BASE_HOST' LIMIT 1   [ RunTime:0.0001s ]
INFO: [ app_end ] --START--
INFO: Run Behavior\ShowPageTraceBehavior [ RunTime:0.000459s ]
INFO: [ app_end ] --END-- [ RunTime:0.000503s ]

[ 2016-04-18T15:02:03+08:00 ] 175.10.32.255 /party/index.php?m=Home&c=Index&a=is_login
INFO: [ app_init ] --START--
INFO: Run Behavior\BuildLiteBehavior [ RunTime:0.000012s ]
INFO: [ app_init ] --END-- [ RunTime:0.000250s ]
INFO: [ app_begin ] --START--
INFO: Run Behavior\ReadHtmlCacheBehavior [ RunTime:0.000302s ]
INFO: [ app_begin ] --END-- [ RunTime:0.000331s ]

[ 2016-04-18T15:02:04+08:00 ] 175.10.32.255 /party/index.php?m=Home&c=Index&a=member
INFO: [ app_init ] --START--
INFO: Run Behavior\BuildLiteBehavior [ RunTime:0.000011s ]
INFO: [ app_init ] --END-- [ RunTime:0.000233s ]
INFO: [ app_begin ] --START--
INFO: Run Behavior\ReadHtmlCacheBehavior [ RunTime:0.000296s ]
INFO: [ app_begin ] --END-- [ RunTime:0.000323s ]
SQL: SHOW COLUMNS FROM `party_member2` [ RunTime:0.0006s ]
SQL: SELECT * FROM `party_member2` WHERE `md5` = '1c13663359853d0145df5ce4c49706f9' LIMIT 1   [ RunTime:0.0001s ]
SQL: SHOW COLUMNS FROM `party_picture` [ RunTime:0.0005s ]
SQL: SELECT * FROM `party_picture` WHERE `id` = 3 LIMIT 1   [ RunTime:0.0001s ]
SQL: SHOW COLUMNS FROM `party_config` [ RunTime:0.0007s ]
SQL: SELECT * FROM `party_config` WHERE `name` = 'QRCODE_BASE_HOST' LIMIT 1   [ RunTime:0.0001s ]

[ 2016-04-18T15:02:04+08:00 ] 175.10.32.255 /party/index.php?m=home&c=index&a=qrcode&md5=1c13663359853d0145df5ce4c49706f9
INFO: [ app_init ] --START--
INFO: Run Behavior\BuildLiteBehavior [ RunTime:0.000009s ]
INFO: [ app_init ] --END-- [ RunTime:0.000277s ]
INFO: [ app_begin ] --START--
INFO: Run Behavior\ReadHtmlCacheBehavior [ RunTime:0.000281s ]
INFO: [ app_begin ] --END-- [ RunTime:0.000308s ]
SQL: SHOW COLUMNS FROM `party_config` [ RunTime:0.0007s ]
SQL: SELECT * FROM `party_config` WHERE `name` = 'QRCODE_BASE_HOST' LIMIT 1   [ RunTime:0.0002s ]
INFO: [ app_end ] --START--
INFO: Run Behavior\ShowPageTraceBehavior [ RunTime:0.000505s ]
INFO: [ app_end ] --END-- [ RunTime:0.000555s ]

[ 2016-04-18T15:02:33+08:00 ] 175.10.32.255 /party/index.php?m=Home&c=Index&a=login
INFO: [ app_init ] --START--
INFO: Run Behavior\BuildLiteBehavior [ RunTime:0.000010s ]
INFO: [ app_init ] --END-- [ RunTime:0.000251s ]
INFO: [ app_begin ] --START--
INFO: Run Behavior\ReadHtmlCacheBehavior [ RunTime:0.000336s ]
INFO: [ app_begin ] --END-- [ RunTime:0.000365s ]
SQL: SHOW COLUMNS FROM `party_member2` [ RunTime:0.0009s ]
SQL: SELECT * FROM `party_member2` WHERE `phone` = '18684841555' LIMIT 1   [ RunTime:0.0001s ]
SQL: SELECT * FROM `party_member2` WHERE `phone` = '18684841555' AND `password` = '63030a317341dfe77d9ae9822cb4fb26' LIMIT 1   [ RunTime:0.0001s ]

[ 2016-04-18T15:02:33+08:00 ] 175.10.32.255 /party/index.php?m=Home&c=Index&a=member
INFO: [ app_init ] --START--
INFO: Run Behavior\BuildLiteBehavior [ RunTime:0.000009s ]
INFO: [ app_init ] --END-- [ RunTime:0.000277s ]
INFO: [ app_begin ] --START--
INFO: Run Behavior\ReadHtmlCacheBehavior [ RunTime:0.000322s ]
INFO: [ app_begin ] --END-- [ RunTime:0.000351s ]
SQL: SHOW COLUMNS FROM `party_member2` [ RunTime:0.0006s ]
SQL: SELECT * FROM `party_member2` WHERE `md5` = '1c13663359853d0145df5ce4c49706f9' LIMIT 1   [ RunTime:0.0001s ]
SQL: SHOW COLUMNS FROM `party_picture` [ RunTime:0.0004s ]
SQL: SELECT * FROM `party_picture` WHERE `id` = 3 LIMIT 1   [ RunTime:0.0001s ]
SQL: SHOW COLUMNS FROM `party_config` [ RunTime:0.0005s ]
SQL: SELECT * FROM `party_config` WHERE `name` = 'QRCODE_BASE_HOST' LIMIT 1   [ RunTime:0.0001s ]
SQL: SELECT * FROM `party_member2` WHERE `id` = 17 LIMIT 1   [ RunTime:0.0001s ]

