[ 2016-03-27T11:47:21+08:00 ] 192.168.1.81 /
ERR: 非法操作:index

[ 2016-03-27T17:35:06+08:00 ] 192.168.1.187 /index.php?m=Home&c=Index&a=reset_pass
ERR: 非法操作:reset_pass

[ 2016-03-27T22:53:25+08:00 ] 117.185.27.144 /party/index.php?m=Home&c=Index&a=is_login
INFO: [ app_init ] --START--
INFO: Run Behavior\BuildLiteBehavior [ RunTime:0.000009s ]
INFO: [ app_init ] --END-- [ RunTime:0.000230s ]
INFO: [ app_begin ] --START--
INFO: Run Behavior\ReadHtmlCacheBehavior [ RunTime:0.000285s ]
INFO: [ app_begin ] --END-- [ RunTime:0.000312s ]

[ 2016-03-27T22:53:26+08:00 ] 117.185.27.147 /party/index.php?m=Home&c=Index&a=member
INFO: [ app_init ] --START--
INFO: Run Behavior\BuildLiteBehavior [ RunTime:0.000015s ]
INFO: [ app_init ] --END-- [ RunTime:0.000349s ]
INFO: [ app_begin ] --START--
INFO: Run Behavior\ReadHtmlCacheBehavior [ RunTime:0.000493s ]
INFO: [ app_begin ] --END-- [ RunTime:0.000535s ]
SQL: SHOW COLUMNS FROM `party_member2` [ RunTime:0.0006s ]
SQL: SELECT * FROM `party_member2` WHERE `md5` = 'd9c4af185da5d5bf17bd21370828551e' LIMIT 1   [ RunTime:0.0003s ]
SQL: SHOW COLUMNS FROM `party_picture` [ RunTime:0.0004s ]
SQL: SELECT * FROM `party_picture` WHERE `id` = 1 LIMIT 1   [ RunTime:0.0001s ]

[ 2016-03-27T22:53:28+08:00 ] 112.64.61.214 /party/index.php?m=Home&c=Index&a=is_login
INFO: [ app_init ] --START--
INFO: Run Behavior\BuildLiteBehavior [ RunTime:0.000010s ]
INFO: [ app_init ] --END-- [ RunTime:0.000236s ]
INFO: [ app_begin ] --START--
INFO: Run Behavior\ReadHtmlCacheBehavior [ RunTime:0.000280s ]
INFO: [ app_begin ] --END-- [ RunTime:0.000307s ]

[ 2016-03-27T22:53:28+08:00 ] 112.64.61.214 /party/index.php?m=Home&c=Index&a=member
INFO: [ app_init ] --START--
INFO: Run Behavior\BuildLiteBehavior [ RunTime:0.000010s ]
INFO: [ app_init ] --END-- [ RunTime:0.000228s ]
INFO: [ app_begin ] --START--
INFO: Run Behavior\ReadHtmlCacheBehavior [ RunTime:0.000293s ]
INFO: [ app_begin ] --END-- [ RunTime:0.000322s ]
SQL: SHOW COLUMNS FROM `party_member2` [ RunTime:0.0007s ]
SQL: SELECT * FROM `party_member2` WHERE `md5` = 'd9c4af185da5d5bf17bd21370828551e' LIMIT 1   [ RunTime:0.0001s ]
SQL: SHOW COLUMNS FROM `party_picture` [ RunTime:0.0005s ]
SQL: SELECT * FROM `party_picture` WHERE `id` = 1 LIMIT 1   [ RunTime:0.0001s ]

[ 2016-03-27T22:53:33+08:00 ] 112.64.61.214 /party/index.php?m=Home&c=Index&a=login
INFO: [ app_init ] --START--
INFO: Run Behavior\BuildLiteBehavior [ RunTime:0.000010s ]
INFO: [ app_init ] --END-- [ RunTime:0.000334s ]
INFO: [ app_begin ] --START--
INFO: Run Behavior\ReadHtmlCacheBehavior [ RunTime:0.000299s ]
INFO: [ app_begin ] --END-- [ RunTime:0.000378s ]
SQL: SHOW COLUMNS FROM `party_member2` [ RunTime:0.0006s ]
SQL: SELECT * FROM `party_member2` WHERE `phone` = '15652307765' LIMIT 1   [ RunTime:0.0003s ]
SQL: SELECT * FROM `party_member2` WHERE `phone` = '15652307765' AND `password` = 'e10adc3949ba59abbe56e057f20f883e' LIMIT 1   [ RunTime:0.0002s ]

[ 2016-03-27T22:53:33+08:00 ] 112.64.61.214 /party/index.php?m=Home&c=Index&a=member
INFO: [ app_init ] --START--
INFO: Run Behavior\BuildLiteBehavior [ RunTime:0.000009s ]
INFO: [ app_init ] --END-- [ RunTime:0.000225s ]
INFO: [ app_begin ] --START--
INFO: Run Behavior\ReadHtmlCacheBehavior [ RunTime:0.000282s ]
INFO: [ app_begin ] --END-- [ RunTime:0.000309s ]
SQL: SHOW COLUMNS FROM `party_member2` [ RunTime:0.0006s ]
SQL: SELECT * FROM `party_member2` WHERE `md5` = 'd9c4af185da5d5bf17bd21370828551e' LIMIT 1   [ RunTime:0.0001s ]
SQL: SHOW COLUMNS FROM `party_picture` [ RunTime:0.0004s ]
SQL: SELECT * FROM `party_picture` WHERE `id` = 1 LIMIT 1   [ RunTime:0.0001s ]
SQL: SELECT * FROM `party_member2` WHERE `id` = 1 LIMIT 1   [ RunTime:0.0003s ]

[ 2016-03-27T22:53:34+08:00 ] 112.64.61.214 /party/index.php?m=Home&c=Index&a=is_login
INFO: [ app_init ] --START--
INFO: Run Behavior\BuildLiteBehavior [ RunTime:0.000010s ]
INFO: [ app_init ] --END-- [ RunTime:0.000237s ]
INFO: [ app_begin ] --START--
INFO: Run Behavior\ReadHtmlCacheBehavior [ RunTime:0.000436s ]
INFO: [ app_begin ] --END-- [ RunTime:0.000467s ]
SQL: SHOW COLUMNS FROM `party_member2` [ RunTime:0.0008s ]
SQL: SELECT * FROM `party_member2` WHERE `id` = 1 LIMIT 1   [ RunTime:0.0001s ]

[ 2016-03-27T22:53:34+08:00 ] 112.64.61.214 /party/index.php?m=Home&c=Index&a=member
INFO: [ app_init ] --START--
INFO: Run Behavior\BuildLiteBehavior [ RunTime:0.000011s ]
INFO: [ app_init ] --END-- [ RunTime:0.000324s ]
INFO: [ app_begin ] --START--
INFO: Run Behavior\ReadHtmlCacheBehavior [ RunTime:0.000322s ]
INFO: [ app_begin ] --END-- [ RunTime:0.000351s ]
SQL: SHOW COLUMNS FROM `party_member2` [ RunTime:0.0009s ]
SQL: SELECT * FROM `party_member2` WHERE `md5` = 'd9c4af185da5d5bf17bd21370828551e' LIMIT 1   [ RunTime:0.0001s ]
SQL: SHOW COLUMNS FROM `party_picture` [ RunTime:0.0004s ]
SQL: SELECT * FROM `party_picture` WHERE `id` = 1 LIMIT 1   [ RunTime:0.0001s ]
SQL: SELECT * FROM `party_member2` WHERE `id` = 1 LIMIT 1   [ RunTime:0.0001s ]

[ 2016-03-27T22:53:40+08:00 ] 112.64.61.214 /party/index.php?m=Home&c=Index&a=score
INFO: [ app_init ] --START--
INFO: Run Behavior\BuildLiteBehavior [ RunTime:0.000010s ]
INFO: [ app_init ] --END-- [ RunTime:0.000241s ]
INFO: [ app_begin ] --START--
INFO: Run Behavior\ReadHtmlCacheBehavior [ RunTime:0.000399s ]
INFO: [ app_begin ] --END-- [ RunTime:0.000429s ]
SQL: SHOW COLUMNS FROM `party_event` [ RunTime:0.0005s ]
SQL: SELECT * FROM `party_event` WHERE `type` = 1  [ RunTime:0.0001s ]
SQL: SELECT * FROM `party_event` WHERE `type` = 2  [ RunTime:0.0001s ]
SQL: SELECT * FROM `party_event` WHERE `type` = 3  [ RunTime:0.0001s ]

[ 2016-03-27T22:53:43+08:00 ] 112.64.61.214 /party/index.php?m=Home&c=Index&a=group_member
INFO: [ app_init ] --START--
INFO: Run Behavior\BuildLiteBehavior [ RunTime:0.000008s ]
INFO: [ app_init ] --END-- [ RunTime:0.000270s ]
INFO: [ app_begin ] --START--
INFO: Run Behavior\ReadHtmlCacheBehavior [ RunTime:0.000274s ]
INFO: [ app_begin ] --END-- [ RunTime:0.000303s ]
SQL: SHOW COLUMNS FROM `party_member2` [ RunTime:0.0006s ]
SQL: SELECT * FROM `party_member2` WHERE ( id=1 ) LIMIT 1   [ RunTime:0.0003s ]
SQL: SELECT * FROM `party_member2` WHERE ( groupid=2 )  [ RunTime:0.0002s ]

[ 2016-03-27T22:53:45+08:00 ] 112.64.61.214 /party/index.php?m=Home&c=Index&a=add_score_event
INFO: [ app_init ] --START--
INFO: Run Behavior\BuildLiteBehavior [ RunTime:0.000010s ]
INFO: [ app_init ] --END-- [ RunTime:0.000283s ]
INFO: [ app_begin ] --START--
INFO: Run Behavior\ReadHtmlCacheBehavior [ RunTime:0.000324s ]
INFO: [ app_begin ] --END-- [ RunTime:0.000351s ]
SQL: SHOW COLUMNS FROM `party_member2` [ RunTime:0.0009s ]
SQL: SELECT * FROM `party_member2` WHERE `id` = 1 LIMIT 1   [ RunTime:0.0001s ]
SQL: SELECT * FROM `party_member2` WHERE `md5` = 'd9c4af185da5d5bf17bd21370828551e' LIMIT 1   [ RunTime:0.0001s ]
SQL: SHOW COLUMNS FROM `party_event` [ RunTime:0.0005s ]
SQL: SELECT * FROM `party_event` WHERE `id` = 13 LIMIT 1   [ RunTime:0.0001s ]
SQL: SHOW COLUMNS FROM `party_user_event` [ RunTime:0.0005s ]
SQL: INSERT INTO `party_user_event` (`uid`,`addtime`,`third_id`,`remark`,`type`,`score`,`status`,`mid`) VALUES ('1','2016-03-27 22:53:45','13','','0','6','0','1') [ RunTime:0.0253s ]
SQL: UPDATE `party_member2` SET `score`=score+6 WHERE `md5` = 'd9c4af185da5d5bf17bd21370828551e' [ RunTime:0.0091s ]

[ 2016-03-27T22:53:46+08:00 ] 112.64.61.214 /party/index.php?m=Home&c=Index&a=member
INFO: [ app_init ] --START--
INFO: Run Behavior\BuildLiteBehavior [ RunTime:0.000009s ]
INFO: [ app_init ] --END-- [ RunTime:0.000221s ]
INFO: [ app_begin ] --START--
INFO: Run Behavior\ReadHtmlCacheBehavior [ RunTime:0.000331s ]
INFO: [ app_begin ] --END-- [ RunTime:0.000360s ]
SQL: SHOW COLUMNS FROM `party_member2` [ RunTime:0.0006s ]
SQL: SELECT * FROM `party_member2` WHERE `md5` = 'd9c4af185da5d5bf17bd21370828551e' LIMIT 1   [ RunTime:0.0003s ]
SQL: SHOW COLUMNS FROM `party_picture` [ RunTime:0.0005s ]
SQL: SELECT * FROM `party_picture` WHERE `id` = 1 LIMIT 1   [ RunTime:0.0001s ]
SQL: SELECT * FROM `party_member2` WHERE `id` = 1 LIMIT 1   [ RunTime:0.0002s ]

[ 2016-03-27T22:53:47+08:00 ] 112.64.61.214 /party/index.php?m=Home&c=Index&a=is_login
INFO: [ app_init ] --START--
INFO: Run Behavior\BuildLiteBehavior [ RunTime:0.000010s ]
INFO: [ app_init ] --END-- [ RunTime:0.000313s ]
INFO: [ app_begin ] --START--
INFO: Run Behavior\ReadHtmlCacheBehavior [ RunTime:0.000295s ]
INFO: [ app_begin ] --END-- [ RunTime:0.000371s ]
SQL: SHOW COLUMNS FROM `party_member2` [ RunTime:0.0007s ]
SQL: SELECT * FROM `party_member2` WHERE `id` = 1 LIMIT 1   [ RunTime:0.0001s ]

[ 2016-03-27T22:53:48+08:00 ] 112.64.61.214 /party/index.php?m=Home&c=Index&a=member
INFO: [ app_init ] --START--
INFO: Run Behavior\BuildLiteBehavior [ RunTime:0.000009s ]
INFO: [ app_init ] --END-- [ RunTime:0.000225s ]
INFO: [ app_begin ] --START--
INFO: Run Behavior\ReadHtmlCacheBehavior [ RunTime:0.000275s ]
INFO: [ app_begin ] --END-- [ RunTime:0.000303s ]
SQL: SHOW COLUMNS FROM `party_member2` [ RunTime:0.0007s ]
SQL: SELECT * FROM `party_member2` WHERE `md5` = 'd9c4af185da5d5bf17bd21370828551e' LIMIT 1   [ RunTime:0.0001s ]
SQL: SHOW COLUMNS FROM `party_picture` [ RunTime:0.0004s ]
SQL: SELECT * FROM `party_picture` WHERE `id` = 1 LIMIT 1   [ RunTime:0.0001s ]
SQL: SELECT * FROM `party_member2` WHERE `id` = 1 LIMIT 1   [ RunTime:0.0001s ]

[ 2016-03-27T22:53:52+08:00 ] 112.64.61.214 /party/index.php?m=Home&c=Index&a=member
INFO: [ app_init ] --START--
INFO: Run Behavior\BuildLiteBehavior [ RunTime:0.000009s ]
INFO: [ app_init ] --END-- [ RunTime:0.000289s ]
INFO: [ app_begin ] --START--
INFO: Run Behavior\ReadHtmlCacheBehavior [ RunTime:0.000277s ]
INFO: [ app_begin ] --END-- [ RunTime:0.000306s ]
SQL: SHOW COLUMNS FROM `party_member2` [ RunTime:0.0006s ]
SQL: SELECT * FROM `party_member2` WHERE `md5` = 'd9c4af185da5d5bf17bd21370828551e' LIMIT 1   [ RunTime:0.0001s ]
SQL: SHOW COLUMNS FROM `party_picture` [ RunTime:0.0004s ]
SQL: SELECT * FROM `party_picture` WHERE `id` = 1 LIMIT 1   [ RunTime:0.0001s ]
SQL: SELECT * FROM `party_member2` WHERE `id` = 1 LIMIT 1   [ RunTime:0.0001s ]

[ 2016-03-27T22:53:54+08:00 ] 112.64.61.214 /party/index.php?m=Home&c=Index&a=score_record
INFO: [ app_init ] --START--
INFO: Run Behavior\BuildLiteBehavior [ RunTime:0.000010s ]
INFO: [ app_init ] --END-- [ RunTime:0.000241s ]
INFO: [ app_begin ] --START--
INFO: Run Behavior\ReadHtmlCacheBehavior [ RunTime:0.000281s ]
INFO: [ app_begin ] --END-- [ RunTime:0.000310s ]
SQL: SHOW COLUMNS FROM `party_member2` [ RunTime:0.0008s ]
SQL: SELECT * FROM `party_member2` WHERE `md5` = 'd9c4af185da5d5bf17bd21370828551e' LIMIT 1   [ RunTime:0.0001s ]
SQL: select * from (
select a.*,b.name from party_user_event a 
left join party_event b on a.third_id=b.id
where a.uid=1 and a.type=0
union all
select a.*,b.name from party_user_event a 
left join party_task b on a.third_id=b.id
where a.uid=1 and a.type=1
) x where x.status in (0,1) order by x.addtime desc limit 0,10 [ RunTime:0.0009s ]

[ 2016-03-27T22:53:56+08:00 ] 112.64.61.214 /party/index.php?m=Home&c=Index&a=score_record
INFO: [ app_init ] --START--
INFO: Run Behavior\BuildLiteBehavior [ RunTime:0.000009s ]
INFO: [ app_init ] --END-- [ RunTime:0.000226s ]
INFO: [ app_begin ] --START--
INFO: Run Behavior\ReadHtmlCacheBehavior [ RunTime:0.000333s ]
INFO: [ app_begin ] --END-- [ RunTime:0.000369s ]
SQL: SHOW COLUMNS FROM `party_member2` [ RunTime:0.0007s ]
SQL: SELECT * FROM `party_member2` WHERE `md5` = 'd9c4af185da5d5bf17bd21370828551e' LIMIT 1   [ RunTime:0.0001s ]
SQL: select * from (
select a.*,b.name from party_user_event a 
left join party_event b on a.third_id=b.id
where a.uid=1 and a.type=0
union all
select a.*,b.name from party_user_event a 
left join party_task b on a.third_id=b.id
where a.uid=1 and a.type=1
) x where x.status in (0,1) order by x.addtime desc limit 10,10 [ RunTime:0.0008s ]

[ 2016-03-27T22:53:57+08:00 ] 112.64.61.214 /party/index.php?m=Home&c=Index&a=score_record
INFO: [ app_init ] --START--
INFO: Run Behavior\BuildLiteBehavior [ RunTime:0.000017s ]
INFO: [ app_init ] --END-- [ RunTime:0.000344s ]
INFO: [ app_begin ] --START--
INFO: Run Behavior\ReadHtmlCacheBehavior [ RunTime:0.000471s ]
INFO: [ app_begin ] --END-- [ RunTime:0.000509s ]
SQL: SHOW COLUMNS FROM `party_member2` [ RunTime:0.0007s ]
SQL: SELECT * FROM `party_member2` WHERE `md5` = 'd9c4af185da5d5bf17bd21370828551e' LIMIT 1   [ RunTime:0.0001s ]
SQL: select * from (
select a.*,b.name from party_user_event a 
left join party_event b on a.third_id=b.id
where a.uid=1 and a.type=0
union all
select a.*,b.name from party_user_event a 
left join party_task b on a.third_id=b.id
where a.uid=1 and a.type=1
) x where x.status in (0,1) order by x.addtime desc limit 20,10 [ RunTime:0.0009s ]

[ 2016-03-27T22:54:01+08:00 ] 112.64.61.214 /party/index.php?m=Home&c=Index&a=score_record
INFO: [ app_init ] --START--
INFO: Run Behavior\BuildLiteBehavior [ RunTime:0.000009s ]
INFO: [ app_init ] --END-- [ RunTime:0.000222s ]
INFO: [ app_begin ] --START--
INFO: Run Behavior\ReadHtmlCacheBehavior [ RunTime:0.000327s ]
INFO: [ app_begin ] --END-- [ RunTime:0.000356s ]
SQL: SHOW COLUMNS FROM `party_member2` [ RunTime:0.0006s ]
SQL: SELECT * FROM `party_member2` WHERE `md5` = 'd9c4af185da5d5bf17bd21370828551e' LIMIT 1   [ RunTime:0.0001s ]
SQL: select * from (
select a.*,b.name from party_user_event a 
left join party_event b on a.third_id=b.id
where a.uid=1 and a.type=0
union all
select a.*,b.name from party_user_event a 
left join party_task b on a.third_id=b.id
where a.uid=1 and a.type=1
) x where x.status in (0,1) order by x.addtime desc limit 30,10 [ RunTime:0.0008s ]

[ 2016-03-27T22:54:03+08:00 ] 112.64.61.214 /party/index.php?m=Home&c=Index&a=score_record
INFO: [ app_init ] --START--
INFO: Run Behavior\BuildLiteBehavior [ RunTime:0.000013s ]
INFO: [ app_init ] --END-- [ RunTime:0.000303s ]
INFO: [ app_begin ] --START--
INFO: Run Behavior\ReadHtmlCacheBehavior [ RunTime:0.000480s ]
INFO: [ app_begin ] --END-- [ RunTime:0.000510s ]
SQL: SHOW COLUMNS FROM `party_member2` [ RunTime:0.0007s ]
SQL: SELECT * FROM `party_member2` WHERE `md5` = 'd9c4af185da5d5bf17bd21370828551e' LIMIT 1   [ RunTime:0.0001s ]
SQL: select * from (
select a.*,b.name from party_user_event a 
left join party_event b on a.third_id=b.id
where a.uid=1 and a.type=0
union all
select a.*,b.name from party_user_event a 
left join party_task b on a.third_id=b.id
where a.uid=1 and a.type=1
) x where x.status in (0,1) order by x.addtime desc limit 40,10 [ RunTime:0.0013s ]

[ 2016-03-27T22:54:09+08:00 ] 112.64.61.214 /party/index.php?m=Home&c=Index&a=score_record
INFO: [ app_init ] --START--
INFO: Run Behavior\BuildLiteBehavior [ RunTime:0.000009s ]
INFO: [ app_init ] --END-- [ RunTime:0.000281s ]
INFO: [ app_begin ] --START--
INFO: Run Behavior\ReadHtmlCacheBehavior [ RunTime:0.000278s ]
INFO: [ app_begin ] --END-- [ RunTime:0.000307s ]
SQL: SHOW COLUMNS FROM `party_member2` [ RunTime:0.0007s ]
SQL: SELECT * FROM `party_member2` WHERE `md5` = 'd9c4af185da5d5bf17bd21370828551e' LIMIT 1   [ RunTime:0.0001s ]
SQL: select * from (
select a.*,b.name from party_user_event a 
left join party_event b on a.third_id=b.id
where a.uid=1 and a.type=0
union all
select a.*,b.name from party_user_event a 
left join party_task b on a.third_id=b.id
where a.uid=1 and a.type=1
) x where x.status in (0,1) order by x.addtime desc limit 50,10 [ RunTime:0.0007s ]

[ 2016-03-27T22:54:13+08:00 ] 112.64.61.214 /party/index.php?m=Home&c=Index&a=task
INFO: [ app_init ] --START--
INFO: Run Behavior\BuildLiteBehavior [ RunTime:0.000009s ]
INFO: [ app_init ] --END-- [ RunTime:0.000268s ]
INFO: [ app_begin ] --START--
INFO: Run Behavior\ReadHtmlCacheBehavior [ RunTime:0.000340s ]
INFO: [ app_begin ] --END-- [ RunTime:0.000375s ]
SQL: SHOW COLUMNS FROM `party_member2` [ RunTime:0.0009s ]
SQL: SELECT * FROM `party_member2` WHERE `id` = 1 LIMIT 1   [ RunTime:0.0002s ]
SQL: SHOW COLUMNS FROM `party_task` [ RunTime:0.0005s ]
SQL: SELECT * FROM `party_task` WHERE ( status=0 and (gid=0 or gid=2) ) ORDER BY id desc  [ RunTime:0.0003s ]

[ 2016-03-27T22:54:25+08:00 ] 112.64.61.214 /party/index.php?m=Home&c=Index&a=member
INFO: [ app_init ] --START--
INFO: Run Behavior\BuildLiteBehavior [ RunTime:0.000008s ]
INFO: [ app_init ] --END-- [ RunTime:0.000219s ]
INFO: [ app_begin ] --START--
INFO: Run Behavior\ReadHtmlCacheBehavior [ RunTime:0.000335s ]
INFO: [ app_begin ] --END-- [ RunTime:0.000364s ]
SQL: SHOW COLUMNS FROM `party_member2` [ RunTime:0.0007s ]
SQL: SELECT * FROM `party_member2` WHERE `md5` = 'd9c4af185da5d5bf17bd21370828551e' LIMIT 1   [ RunTime:0.0001s ]
SQL: SHOW COLUMNS FROM `party_picture` [ RunTime:0.0004s ]
SQL: SELECT * FROM `party_picture` WHERE `id` = 1 LIMIT 1   [ RunTime:0.0001s ]
SQL: SELECT * FROM `party_member2` WHERE `id` = 1 LIMIT 1   [ RunTime:0.0001s ]

[ 2016-03-27T22:54:45+08:00 ] 112.64.61.214 /party/index.php?m=Home&c=Index&a=score
INFO: [ app_init ] --START--
INFO: Run Behavior\BuildLiteBehavior [ RunTime:0.000010s ]
INFO: [ app_init ] --END-- [ RunTime:0.000281s ]
INFO: [ app_begin ] --START--
INFO: Run Behavior\ReadHtmlCacheBehavior [ RunTime:0.000385s ]
INFO: [ app_begin ] --END-- [ RunTime:0.000415s ]
SQL: SHOW COLUMNS FROM `party_event` [ RunTime:0.0007s ]
SQL: SELECT * FROM `party_event` WHERE `type` = 1  [ RunTime:0.0001s ]
SQL: SELECT * FROM `party_event` WHERE `type` = 2  [ RunTime:0.0001s ]
SQL: SELECT * FROM `party_event` WHERE `type` = 3  [ RunTime:0.0001s ]

[ 2016-03-27T22:54:48+08:00 ] 112.64.61.214 /party/index.php?m=Home&c=Index&a=group_member
INFO: [ app_init ] --START--
INFO: Run Behavior\BuildLiteBehavior [ RunTime:0.000011s ]
INFO: [ app_init ] --END-- [ RunTime:0.000294s ]
INFO: [ app_begin ] --START--
INFO: Run Behavior\ReadHtmlCacheBehavior [ RunTime:0.000289s ]
INFO: [ app_begin ] --END-- [ RunTime:0.000325s ]
SQL: SHOW COLUMNS FROM `party_member2` [ RunTime:0.0007s ]
SQL: SELECT * FROM `party_member2` WHERE ( id=1 ) LIMIT 1   [ RunTime:0.0003s ]
SQL: SELECT * FROM `party_member2` WHERE ( groupid=2 )  [ RunTime:0.0002s ]

[ 2016-03-27T22:54:51+08:00 ] 112.64.61.214 /party/index.php?m=Home&c=Index&a=group_member
INFO: [ app_init ] --START--
INFO: Run Behavior\BuildLiteBehavior [ RunTime:0.000008s ]
INFO: [ app_init ] --END-- [ RunTime:0.000217s ]
INFO: [ app_begin ] --START--
INFO: Run Behavior\ReadHtmlCacheBehavior [ RunTime:0.000334s ]
INFO: [ app_begin ] --END-- [ RunTime:0.000362s ]
SQL: SHOW COLUMNS FROM `party_member2` [ RunTime:0.0008s ]
SQL: SELECT * FROM `party_member2` WHERE ( id=1 ) LIMIT 1   [ RunTime:0.0001s ]
SQL: SELECT * FROM `party_member2` WHERE ( groupid=2 )  [ RunTime:0.0001s ]

[ 2016-03-27T22:54:54+08:00 ] 112.64.61.214 /party/index.php?m=Home&c=Index&a=group_member
INFO: [ app_init ] --START--
INFO: Run Behavior\BuildLiteBehavior [ RunTime:0.000010s ]
INFO: [ app_init ] --END-- [ RunTime:0.000379s ]
INFO: [ app_begin ] --START--
INFO: Run Behavior\ReadHtmlCacheBehavior [ RunTime:0.000327s ]
INFO: [ app_begin ] --END-- [ RunTime:0.000356s ]
SQL: SHOW COLUMNS FROM `party_member2` [ RunTime:0.0007s ]
SQL: SELECT * FROM `party_member2` WHERE ( id=1 ) LIMIT 1   [ RunTime:0.0001s ]
SQL: SELECT * FROM `party_member2` WHERE ( groupid=2 )  [ RunTime:0.0001s ]

[ 2016-03-27T22:55:01+08:00 ] 112.64.61.214 /party/index.php?m=Home&c=Index&a=group_member
INFO: [ app_init ] --START--
INFO: Run Behavior\BuildLiteBehavior [ RunTime:0.000011s ]
INFO: [ app_init ] --END-- [ RunTime:0.000267s ]
INFO: [ app_begin ] --START--
INFO: Run Behavior\ReadHtmlCacheBehavior [ RunTime:0.000351s ]
INFO: [ app_begin ] --END-- [ RunTime:0.000380s ]
SQL: SHOW COLUMNS FROM `party_member2` [ RunTime:0.0007s ]
SQL: SELECT * FROM `party_member2` WHERE ( id=1 ) LIMIT 1   [ RunTime:0.0001s ]
SQL: SELECT * FROM `party_member2` WHERE ( groupid=2 )  [ RunTime:0.0001s ]

[ 2016-03-27T22:55:06+08:00 ] 112.64.61.214 /party/index.php?m=Home&c=Index&a=add_score_event
INFO: [ app_init ] --START--
INFO: Run Behavior\BuildLiteBehavior [ RunTime:0.000014s ]
INFO: [ app_init ] --END-- [ RunTime:0.000278s ]
INFO: [ app_begin ] --START--
INFO: Run Behavior\ReadHtmlCacheBehavior [ RunTime:0.000299s ]
INFO: [ app_begin ] --END-- [ RunTime:0.000335s ]
SQL: SHOW COLUMNS FROM `party_member2` [ RunTime:0.0006s ]
SQL: SELECT * FROM `party_member2` WHERE `id` = 1 LIMIT 1   [ RunTime:0.0001s ]
SQL: SELECT * FROM `party_member2` WHERE `md5` = '0b3bb4aaead7b4be0c0d6406618a1979' LIMIT 1   [ RunTime:0.0003s ]
SQL: SHOW COLUMNS FROM `party_event` [ RunTime:0.0005s ]
SQL: SELECT * FROM `party_event` WHERE `id` = 24 LIMIT 1   [ RunTime:0.0001s ]
SQL: SHOW COLUMNS FROM `party_user_event` [ RunTime:0.0004s ]
SQL: INSERT INTO `party_user_event` (`uid`,`addtime`,`third_id`,`remark`,`type`,`score`,`status`,`mid`) VALUES ('14','2016-03-27 22:55:06','24','','0','-1','0','1') [ RunTime:0.0359s ]
SQL: UPDATE `party_member2` SET `score`=score+-1 WHERE `md5` = '0b3bb4aaead7b4be0c0d6406618a1979' [ RunTime:0.0093s ]

[ 2016-03-27T22:55:07+08:00 ] 112.64.61.214 /party/index.php?m=Home&c=Index&a=member
INFO: [ app_init ] --START--
INFO: Run Behavior\BuildLiteBehavior [ RunTime:0.000014s ]
INFO: [ app_init ] --END-- [ RunTime:0.000293s ]
INFO: [ app_begin ] --START--
INFO: Run Behavior\ReadHtmlCacheBehavior [ RunTime:0.000418s ]
INFO: [ app_begin ] --END-- [ RunTime:0.000453s ]
SQL: SHOW COLUMNS FROM `party_member2` [ RunTime:0.0008s ]
SQL: SELECT * FROM `party_member2` WHERE `md5` = 'd9c4af185da5d5bf17bd21370828551e' LIMIT 1   [ RunTime:0.0003s ]
SQL: SHOW COLUMNS FROM `party_picture` [ RunTime:0.0005s ]
SQL: SELECT * FROM `party_picture` WHERE `id` = 1 LIMIT 1   [ RunTime:0.0001s ]
SQL: SELECT * FROM `party_member2` WHERE `id` = 1 LIMIT 1   [ RunTime:0.0003s ]

[ 2016-03-27T22:55:09+08:00 ] 112.64.61.214 /party/index.php?m=Home&c=Index&a=is_login
INFO: [ app_init ] --START--
INFO: Run Behavior\BuildLiteBehavior [ RunTime:0.000010s ]
INFO: [ app_init ] --END-- [ RunTime:0.000266s ]
INFO: [ app_begin ] --START--
INFO: Run Behavior\ReadHtmlCacheBehavior [ RunTime:0.000379s ]
INFO: [ app_begin ] --END-- [ RunTime:0.000409s ]
SQL: SHOW COLUMNS FROM `party_member2` [ RunTime:0.0008s ]
SQL: SELECT * FROM `party_member2` WHERE `id` = 1 LIMIT 1   [ RunTime:0.0001s ]

[ 2016-03-27T22:55:09+08:00 ] 112.64.61.214 /party/index.php?m=Home&c=Index&a=member
INFO: [ app_init ] --START--
INFO: Run Behavior\BuildLiteBehavior [ RunTime:0.000010s ]
INFO: [ app_init ] --END-- [ RunTime:0.000297s ]
INFO: [ app_begin ] --START--
INFO: Run Behavior\ReadHtmlCacheBehavior [ RunTime:0.000292s ]
INFO: [ app_begin ] --END-- [ RunTime:0.000319s ]
SQL: SHOW COLUMNS FROM `party_member2` [ RunTime:0.0007s ]
SQL: SELECT * FROM `party_member2` WHERE `md5` = 'd9c4af185da5d5bf17bd21370828551e' LIMIT 1   [ RunTime:0.0001s ]
SQL: SHOW COLUMNS FROM `party_picture` [ RunTime:0.0004s ]
SQL: SELECT * FROM `party_picture` WHERE `id` = 1 LIMIT 1   [ RunTime:0.0001s ]
SQL: SELECT * FROM `party_member2` WHERE `id` = 1 LIMIT 1   [ RunTime:0.0001s ]

[ 2016-03-27T23:36:36+08:00 ] 112.64.61.214 /party/index.php?m=Home&c=Index&a=is_login
INFO: [ app_init ] --START--
INFO: Run Behavior\BuildLiteBehavior [ RunTime:0.000013s ]
INFO: [ app_init ] --END-- [ RunTime:0.000330s ]
INFO: [ app_begin ] --START--
INFO: Run Behavior\ReadHtmlCacheBehavior [ RunTime:0.000350s ]
INFO: [ app_begin ] --END-- [ RunTime:0.000384s ]
SQL: SHOW COLUMNS FROM `party_member2` [ RunTime:0.0006s ]
SQL: SELECT * FROM `party_member2` WHERE `id` = 1 LIMIT 1   [ RunTime:0.0002s ]

[ 2016-03-27T23:36:37+08:00 ] 112.64.61.214 /party/index.php?m=Home&c=Index&a=member
INFO: [ app_init ] --START--
INFO: Run Behavior\BuildLiteBehavior [ RunTime:0.000008s ]
INFO: [ app_init ] --END-- [ RunTime:0.000223s ]
INFO: [ app_begin ] --START--
INFO: Run Behavior\ReadHtmlCacheBehavior [ RunTime:0.000346s ]
INFO: [ app_begin ] --END-- [ RunTime:0.000374s ]
SQL: SHOW COLUMNS FROM `party_member2` [ RunTime:0.0010s ]
SQL: SELECT * FROM `party_member2` WHERE `md5` = 'd9c4af185da5d5bf17bd21370828551e' LIMIT 1   [ RunTime:0.0001s ]
SQL: SHOW COLUMNS FROM `party_picture` [ RunTime:0.0006s ]
SQL: SELECT * FROM `party_picture` WHERE `id` = 1 LIMIT 1   [ RunTime:0.0001s ]
SQL: SELECT * FROM `party_member2` WHERE `id` = 1 LIMIT 1   [ RunTime:0.0001s ]

