[ 2016-04-13T20:24:37+08:00 ] 101.226.61.193 /party/index.php?m=Home&c=Index&a=is_login
INFO: [ app_init ] --START--
INFO: Run Behavior\BuildLiteBehavior [ RunTime:0.000011s ]
INFO: [ app_init ] --END-- [ RunTime:0.003668s ]
INFO: [ app_begin ] --START--
INFO: Run Behavior\ReadHtmlCacheBehavior [ RunTime:0.000867s ]
INFO: [ app_begin ] --END-- [ RunTime:0.000896s ]

[ 2016-04-13T20:24:37+08:00 ] 101.226.125.115 /party/index.php?m=Home&c=Index&a=member
INFO: [ app_init ] --START--
INFO: Run Behavior\BuildLiteBehavior [ RunTime:0.000014s ]
INFO: [ app_init ] --END-- [ RunTime:0.003455s ]
INFO: [ app_begin ] --START--
INFO: Run Behavior\ReadHtmlCacheBehavior [ RunTime:0.001398s ]
INFO: [ app_begin ] --END-- [ RunTime:0.001432s ]
SQL: SHOW COLUMNS FROM `party_member2` [ RunTime:0.0377s ]
SQL: SELECT * FROM `party_member2` WHERE `md5` = 'd9c4af185da5d5bf17bd21370828551e' LIMIT 1   [ RunTime:0.0078s ]
SQL: SHOW COLUMNS FROM `party_picture` [ RunTime:0.0009s ]
SQL: SELECT * FROM `party_picture` WHERE `id` = 1 LIMIT 1   [ RunTime:0.0001s ]
SQL: SHOW COLUMNS FROM `party_config` [ RunTime:0.0007s ]
SQL: SELECT * FROM `party_config` WHERE `name` = 'QRCODE_BASE_HOST' LIMIT 1   [ RunTime:0.0001s ]

[ 2016-04-13T20:24:37+08:00 ] 101.226.125.114 /party/index.php?m=home&c=index&a=qrcode&md5=d9c4af185da5d5bf17bd21370828551e
INFO: [ app_init ] --START--
INFO: Run Behavior\BuildLiteBehavior [ RunTime:0.000018s ]
INFO: [ app_init ] --END-- [ RunTime:0.000292s ]
INFO: [ app_begin ] --START--
INFO: Run Behavior\ReadHtmlCacheBehavior [ RunTime:0.000342s ]
INFO: [ app_begin ] --END-- [ RunTime:0.000370s ]
SQL: SHOW COLUMNS FROM `party_config` [ RunTime:0.0006s ]
SQL: SELECT * FROM `party_config` WHERE `name` = 'QRCODE_BASE_HOST' LIMIT 1   [ RunTime:0.0001s ]
INFO: [ app_end ] --START--
INFO: Run Behavior\ShowPageTraceBehavior [ RunTime:0.001499s ]
INFO: [ app_end ] --END-- [ RunTime:0.001569s ]

[ 2016-04-13T20:24:45+08:00 ] 114.242.248.3 /party/index.php?m=Home&c=Index&a=is_login
INFO: [ app_init ] --START--
INFO: Run Behavior\BuildLiteBehavior [ RunTime:0.000012s ]
INFO: [ app_init ] --END-- [ RunTime:0.000241s ]
INFO: [ app_begin ] --START--
INFO: Run Behavior\ReadHtmlCacheBehavior [ RunTime:0.000277s ]
INFO: [ app_begin ] --END-- [ RunTime:0.000305s ]

[ 2016-04-13T20:24:46+08:00 ] 114.242.248.3 /party/index.php?m=Home&c=Index&a=member
INFO: [ app_init ] --START--
INFO: Run Behavior\BuildLiteBehavior [ RunTime:0.000018s ]
INFO: [ app_init ] --END-- [ RunTime:0.000436s ]
INFO: [ app_begin ] --START--
INFO: Run Behavior\ReadHtmlCacheBehavior [ RunTime:0.000333s ]
INFO: [ app_begin ] --END-- [ RunTime:0.000369s ]
SQL: SHOW COLUMNS FROM `party_member2` [ RunTime:0.0008s ]
SQL: SELECT * FROM `party_member2` WHERE `md5` = 'd9c4af185da5d5bf17bd21370828551e' LIMIT 1   [ RunTime:0.0001s ]
SQL: SHOW COLUMNS FROM `party_picture` [ RunTime:0.0005s ]
SQL: SELECT * FROM `party_picture` WHERE `id` = 1 LIMIT 1   [ RunTime:0.0001s ]
SQL: SHOW COLUMNS FROM `party_config` [ RunTime:0.0004s ]
SQL: SELECT * FROM `party_config` WHERE `name` = 'QRCODE_BASE_HOST' LIMIT 1   [ RunTime:0.0001s ]

[ 2016-04-13T20:24:47+08:00 ] 123.103.8.138 /party/index.php?m=home&c=index&a=qrcode&md5=d9c4af185da5d5bf17bd21370828551e
INFO: [ app_init ] --START--
INFO: Run Behavior\BuildLiteBehavior [ RunTime:0.000013s ]
INFO: [ app_init ] --END-- [ RunTime:0.000310s ]
INFO: [ app_begin ] --START--
INFO: Run Behavior\ReadHtmlCacheBehavior [ RunTime:0.000343s ]
INFO: [ app_begin ] --END-- [ RunTime:0.000380s ]
SQL: SHOW COLUMNS FROM `party_config` [ RunTime:0.0008s ]
SQL: SELECT * FROM `party_config` WHERE `name` = 'QRCODE_BASE_HOST' LIMIT 1   [ RunTime:0.0001s ]
INFO: [ app_end ] --START--
INFO: Run Behavior\ShowPageTraceBehavior [ RunTime:0.000521s ]
INFO: [ app_end ] --END-- [ RunTime:0.000572s ]

[ 2016-04-13T20:24:57+08:00 ] 114.242.248.3 /party/index.php?m=Home&c=Index&a=score_record
INFO: [ app_init ] --START--
INFO: Run Behavior\BuildLiteBehavior [ RunTime:0.000012s ]
INFO: [ app_init ] --END-- [ RunTime:0.000241s ]
INFO: [ app_begin ] --START--
INFO: Run Behavior\ReadHtmlCacheBehavior [ RunTime:0.000283s ]
INFO: [ app_begin ] --END-- [ RunTime:0.000310s ]
SQL: SHOW COLUMNS FROM `party_member2` [ RunTime:0.0009s ]
SQL: SELECT * FROM `party_member2` WHERE `md5` = 'undefined' LIMIT 1   [ RunTime:0.0344s ]

[ 2016-04-13T20:24:59+08:00 ] 114.242.248.3 /party/index.php?m=Home&c=Index&a=login
INFO: [ app_init ] --START--
INFO: Run Behavior\BuildLiteBehavior [ RunTime:0.000012s ]
INFO: [ app_init ] --END-- [ RunTime:0.000244s ]
INFO: [ app_begin ] --START--
INFO: Run Behavior\ReadHtmlCacheBehavior [ RunTime:0.000280s ]
INFO: [ app_begin ] --END-- [ RunTime:0.000308s ]
SQL: SHOW COLUMNS FROM `party_member2` [ RunTime:0.0007s ]
SQL: SELECT * FROM `party_member2` WHERE `phone` = '15652307765' LIMIT 1   [ RunTime:0.0001s ]
SQL: SELECT * FROM `party_member2` WHERE `phone` = '15652307765' AND `password` = 'e10adc3949ba59abbe56e057f20f883e' LIMIT 1   [ RunTime:0.0001s ]

[ 2016-04-13T20:24:59+08:00 ] 114.242.248.3 /party/index.php?m=Home&c=Index&a=score_record
INFO: [ app_init ] --START--
INFO: Run Behavior\BuildLiteBehavior [ RunTime:0.000013s ]
INFO: [ app_init ] --END-- [ RunTime:0.000259s ]
INFO: [ app_begin ] --START--
INFO: Run Behavior\ReadHtmlCacheBehavior [ RunTime:0.000296s ]
INFO: [ app_begin ] --END-- [ RunTime:0.000377s ]
SQL: SHOW COLUMNS FROM `party_member2` [ RunTime:0.0007s ]
SQL: SELECT * FROM `party_member2` WHERE `md5` = 'd9c4af185da5d5bf17bd21370828551e' LIMIT 1   [ RunTime:0.0001s ]
SQL: select * from (
select a.*,b.name from party_user_event a 
left join party_event b on a.third_id=b.id
where a.uid=1 and a.type=0
union all
select a.*,b.name from party_user_event a 
left join party_task b on a.third_id=b.id
where a.uid=1 and a.type=1
) x where x.status in (0,1) order by x.addtime desc limit 0,10 [ RunTime:0.0001s ]

[ 2016-04-13T20:24:59+08:00 ] 114.242.248.3 /party/index.php?m=Home&c=Index&a=score_record
INFO: [ app_init ] --START--
INFO: Run Behavior\BuildLiteBehavior [ RunTime:0.000010s ]
INFO: [ app_init ] --END-- [ RunTime:0.000285s ]
INFO: [ app_begin ] --START--
INFO: Run Behavior\ReadHtmlCacheBehavior [ RunTime:0.000279s ]
INFO: [ app_begin ] --END-- [ RunTime:0.000308s ]
SQL: SHOW COLUMNS FROM `party_member2` [ RunTime:0.0006s ]
SQL: SELECT * FROM `party_member2` WHERE `md5` = 'd9c4af185da5d5bf17bd21370828551e' LIMIT 1   [ RunTime:0.0001s ]
SQL: select * from (
select a.*,b.name from party_user_event a 
left join party_event b on a.third_id=b.id
where a.uid=1 and a.type=0
union all
select a.*,b.name from party_user_event a 
left join party_task b on a.third_id=b.id
where a.uid=1 and a.type=1
) x where x.status in (0,1) order by x.addtime desc limit 0,10 [ RunTime:0.0001s ]

[ 2016-04-13T20:25:03+08:00 ] 114.242.248.3 /party/index.php?m=Home&c=Index&a=score_record
INFO: [ app_init ] --START--
INFO: Run Behavior\BuildLiteBehavior [ RunTime:0.000010s ]
INFO: [ app_init ] --END-- [ RunTime:0.000257s ]
INFO: [ app_begin ] --START--
INFO: Run Behavior\ReadHtmlCacheBehavior [ RunTime:0.000337s ]
INFO: [ app_begin ] --END-- [ RunTime:0.000365s ]
SQL: SHOW COLUMNS FROM `party_member2` [ RunTime:0.0007s ]
SQL: SELECT * FROM `party_member2` WHERE `md5` = 'd9c4af185da5d5bf17bd21370828551e' LIMIT 1   [ RunTime:0.0001s ]
SQL: select * from (
select a.*,b.name from party_user_event a 
left join party_event b on a.third_id=b.id
where a.uid=1 and a.type=0
union all
select a.*,b.name from party_user_event a 
left join party_task b on a.third_id=b.id
where a.uid=1 and a.type=1
) x where x.status in (0,1) order by x.addtime desc limit 20,10 [ RunTime:0.0001s ]

[ 2016-04-13T20:25:05+08:00 ] 114.242.248.3 /party/index.php?m=Home&c=Index&a=score_record
INFO: [ app_init ] --START--
INFO: Run Behavior\BuildLiteBehavior [ RunTime:0.000009s ]
INFO: [ app_init ] --END-- [ RunTime:0.000220s ]
INFO: [ app_begin ] --START--
INFO: Run Behavior\ReadHtmlCacheBehavior [ RunTime:0.000276s ]
INFO: [ app_begin ] --END-- [ RunTime:0.000304s ]
SQL: SHOW COLUMNS FROM `party_member2` [ RunTime:0.0006s ]
SQL: SELECT * FROM `party_member2` WHERE `md5` = 'd9c4af185da5d5bf17bd21370828551e' LIMIT 1   [ RunTime:0.0001s ]
SQL: select * from (
select a.*,b.name from party_user_event a 
left join party_event b on a.third_id=b.id
where a.uid=1 and a.type=0
union all
select a.*,b.name from party_user_event a 
left join party_task b on a.third_id=b.id
where a.uid=1 and a.type=1
) x where x.status in (0,1) order by x.addtime desc limit 30,10 [ RunTime:0.0042s ]

[ 2016-04-13T20:25:08+08:00 ] 114.242.248.3 /party/index.php?m=Home&c=Index&a=score_record
INFO: [ app_init ] --START--
INFO: Run Behavior\BuildLiteBehavior [ RunTime:0.000011s ]
INFO: [ app_init ] --END-- [ RunTime:0.000238s ]
INFO: [ app_begin ] --START--
INFO: Run Behavior\ReadHtmlCacheBehavior [ RunTime:0.000401s ]
INFO: [ app_begin ] --END-- [ RunTime:0.000435s ]
SQL: SHOW COLUMNS FROM `party_member2` [ RunTime:0.0008s ]
SQL: SELECT * FROM `party_member2` WHERE `md5` = 'd9c4af185da5d5bf17bd21370828551e' LIMIT 1   [ RunTime:0.0001s ]
SQL: select * from (
select a.*,b.name from party_user_event a 
left join party_event b on a.third_id=b.id
where a.uid=1 and a.type=0
union all
select a.*,b.name from party_user_event a 
left join party_task b on a.third_id=b.id
where a.uid=1 and a.type=1
) x where x.status in (0,1) order by x.addtime desc limit 40,10 [ RunTime:0.0011s ]

[ 2016-04-13T20:25:12+08:00 ] 114.242.248.3 /party/index.php?m=Home&c=Index&a=member
INFO: [ app_init ] --START--
INFO: Run Behavior\BuildLiteBehavior [ RunTime:0.000013s ]
INFO: [ app_init ] --END-- [ RunTime:0.000334s ]
INFO: [ app_begin ] --START--
INFO: Run Behavior\ReadHtmlCacheBehavior [ RunTime:0.000420s ]
INFO: [ app_begin ] --END-- [ RunTime:0.000458s ]
SQL: SHOW COLUMNS FROM `party_member2` [ RunTime:0.0007s ]
SQL: SELECT * FROM `party_member2` WHERE `md5` = 'd9c4af185da5d5bf17bd21370828551e' LIMIT 1   [ RunTime:0.0001s ]
SQL: SHOW COLUMNS FROM `party_picture` [ RunTime:0.0004s ]
SQL: SELECT * FROM `party_picture` WHERE `id` = 1 LIMIT 1   [ RunTime:0.0001s ]
SQL: SHOW COLUMNS FROM `party_config` [ RunTime:0.0004s ]
SQL: SELECT * FROM `party_config` WHERE `name` = 'QRCODE_BASE_HOST' LIMIT 1   [ RunTime:0.0001s ]
SQL: SELECT * FROM `party_member2` WHERE `id` = 1 LIMIT 1   [ RunTime:0.0001s ]

[ 2016-04-13T20:25:21+08:00 ] 114.242.248.3 /party/index.php?m=Home&c=Index&a=task
INFO: [ app_init ] --START--
INFO: Run Behavior\BuildLiteBehavior [ RunTime:0.000009s ]
INFO: [ app_init ] --END-- [ RunTime:0.000326s ]
INFO: [ app_begin ] --START--
INFO: Run Behavior\ReadHtmlCacheBehavior [ RunTime:0.000588s ]
INFO: [ app_begin ] --END-- [ RunTime:0.000630s ]
SQL: SHOW COLUMNS FROM `party_member2` [ RunTime:0.0008s ]
SQL: SELECT * FROM `party_member2` WHERE `id` = 1 LIMIT 1   [ RunTime:0.0001s ]
SQL: SHOW COLUMNS FROM `party_task` [ RunTime:0.0006s ]
SQL: SELECT * FROM `party_task` WHERE ( status=0 and (gid=0 or gid=2) ) ORDER BY id desc  [ RunTime:0.0001s ]

[ 2016-04-13T20:25:28+08:00 ] 114.242.248.3 /party/index.php?m=Home&c=Index&a=news
INFO: [ app_init ] --START--
INFO: Run Behavior\BuildLiteBehavior [ RunTime:0.000009s ]
INFO: [ app_init ] --END-- [ RunTime:0.000221s ]
INFO: [ app_begin ] --START--
INFO: Run Behavior\ReadHtmlCacheBehavior [ RunTime:0.000338s ]
INFO: [ app_begin ] --END-- [ RunTime:0.000366s ]
SQL: SHOW COLUMNS FROM `party_news` [ RunTime:0.0006s ]
SQL: SELECT * FROM `party_news` WHERE ( publishtime<now() and type=2 ) LIMIT 0,10   [ RunTime:0.0020s ]
SQL: SHOW COLUMNS FROM `party_picture` [ RunTime:0.0005s ]
SQL: SELECT * FROM `party_picture` WHERE `id` = 0 LIMIT 1   [ RunTime:0.0001s ]
SQL: SELECT * FROM `party_picture` WHERE `id` = 2 LIMIT 1   [ RunTime:0.0001s ]

[ 2016-04-13T20:25:28+08:00 ] 114.242.248.3 /party/index.php?m=Home&c=Index&a=news
INFO: [ app_init ] --START--
INFO: Run Behavior\BuildLiteBehavior [ RunTime:0.000009s ]
INFO: [ app_init ] --END-- [ RunTime:0.000282s ]
INFO: [ app_begin ] --START--
INFO: Run Behavior\ReadHtmlCacheBehavior [ RunTime:0.000351s ]
INFO: [ app_begin ] --END-- [ RunTime:0.000388s ]
SQL: SHOW COLUMNS FROM `party_news` [ RunTime:0.0005s ]
SQL: SELECT * FROM `party_news` WHERE ( publishtime<now() and type=2 ) LIMIT 10,10   [ RunTime:0.0003s ]

[ 2016-04-13T20:25:30+08:00 ] 114.242.248.3 /party/index.php?m=Home&c=Index&a=newdetail
INFO: [ app_init ] --START--
INFO: Run Behavior\BuildLiteBehavior [ RunTime:0.000010s ]
INFO: [ app_init ] --END-- [ RunTime:0.000238s ]
INFO: [ app_begin ] --START--
INFO: Run Behavior\ReadHtmlCacheBehavior [ RunTime:0.000290s ]
INFO: [ app_begin ] --END-- [ RunTime:0.000318s ]
SQL: SHOW COLUMNS FROM `party_news` [ RunTime:0.0006s ]
SQL: SELECT * FROM `party_news` WHERE `id` = 3 LIMIT 1   [ RunTime:0.0003s ]
SQL: SHOW COLUMNS FROM `party_picture` [ RunTime:0.0004s ]
SQL: SELECT * FROM `party_picture` WHERE `id` = 2 LIMIT 1   [ RunTime:0.0001s ]

[ 2016-04-13T20:25:31+08:00 ] 114.242.248.3 /party/index.php?m=Home&c=Index&a=news
INFO: [ app_init ] --START--
INFO: Run Behavior\BuildLiteBehavior [ RunTime:0.000010s ]
INFO: [ app_init ] --END-- [ RunTime:0.000287s ]
INFO: [ app_begin ] --START--
INFO: Run Behavior\ReadHtmlCacheBehavior [ RunTime:0.000300s ]
INFO: [ app_begin ] --END-- [ RunTime:0.000336s ]
SQL: SHOW COLUMNS FROM `party_news` [ RunTime:0.0007s ]
SQL: SELECT * FROM `party_news` WHERE ( publishtime<now() and type=2 ) LIMIT 0,10   [ RunTime:0.0004s ]
SQL: SHOW COLUMNS FROM `party_picture` [ RunTime:0.0005s ]
SQL: SELECT * FROM `party_picture` WHERE `id` = 0 LIMIT 1   [ RunTime:0.0001s ]
SQL: SELECT * FROM `party_picture` WHERE `id` = 2 LIMIT 1   [ RunTime:0.0001s ]

[ 2016-04-13T20:25:31+08:00 ] 114.242.248.3 /party/index.php?m=Home&c=Index&a=news
INFO: [ app_init ] --START--
INFO: Run Behavior\BuildLiteBehavior [ RunTime:0.000009s ]
INFO: [ app_init ] --END-- [ RunTime:0.000276s ]
INFO: [ app_begin ] --START--
INFO: Run Behavior\ReadHtmlCacheBehavior [ RunTime:0.000277s ]
INFO: [ app_begin ] --END-- [ RunTime:0.000304s ]
SQL: SHOW COLUMNS FROM `party_news` [ RunTime:0.0005s ]
SQL: SELECT * FROM `party_news` WHERE ( publishtime<now() and type=2 ) LIMIT 10,10   [ RunTime:0.0003s ]

[ 2016-04-13T20:25:34+08:00 ] 114.242.248.3 /party/index.php?m=Home&c=Index&a=topn
INFO: [ app_init ] --START--
INFO: Run Behavior\BuildLiteBehavior [ RunTime:0.000009s ]
INFO: [ app_init ] --END-- [ RunTime:0.000270s ]
INFO: [ app_begin ] --START--
INFO: Run Behavior\ReadHtmlCacheBehavior [ RunTime:0.000280s ]
INFO: [ app_begin ] --END-- [ RunTime:0.000307s ]
SQL: SHOW COLUMNS FROM `party_member2` [ RunTime:0.0006s ]
SQL: SELECT * FROM `party_member2` ORDER BY score desc,id asc LIMIT 10   [ RunTime:0.0001s ]
SQL: SHOW COLUMNS FROM `party_picture` [ RunTime:0.0005s ]
SQL: SELECT * FROM `party_picture` WHERE `id` = 1 LIMIT 1   [ RunTime:0.0001s ]
SQL: SHOW COLUMNS FROM `party_config` [ RunTime:0.0005s ]
SQL: SELECT * FROM `party_config` WHERE `name` = 'QRCODE_BASE_HOST' LIMIT 1   [ RunTime:0.0001s ]
SQL: SELECT * FROM `party_picture` WHERE `id` = 2 LIMIT 1   [ RunTime:0.0001s ]
SQL: SELECT * FROM `party_config` WHERE `name` = 'QRCODE_BASE_HOST' LIMIT 1   [ RunTime:0.0001s ]
SQL: SELECT * FROM `party_picture` WHERE `id` = 1 LIMIT 1   [ RunTime:0.0001s ]
SQL: SELECT * FROM `party_config` WHERE `name` = 'QRCODE_BASE_HOST' LIMIT 1   [ RunTime:0.0001s ]
SQL: SELECT * FROM `party_picture` WHERE `id` = 1 LIMIT 1   [ RunTime:0.0001s ]
SQL: SELECT * FROM `party_config` WHERE `name` = 'QRCODE_BASE_HOST' LIMIT 1   [ RunTime:0.0001s ]
SQL: SELECT * FROM `party_picture` WHERE `id` = 1 LIMIT 1   [ RunTime:0.0001s ]
SQL: SELECT * FROM `party_config` WHERE `name` = 'QRCODE_BASE_HOST' LIMIT 1   [ RunTime:0.0001s ]
SQL: SELECT * FROM `party_picture` WHERE `id` = 9 LIMIT 1   [ RunTime:0.0001s ]
SQL: SELECT * FROM `party_config` WHERE `name` = 'QRCODE_BASE_HOST' LIMIT 1   [ RunTime:0.0001s ]

[ 2016-04-13T20:25:39+08:00 ] 114.242.248.3 /party/index.php?m=Home&c=Index&a=member
INFO: [ app_init ] --START--
INFO: Run Behavior\BuildLiteBehavior [ RunTime:0.000010s ]
INFO: [ app_init ] --END-- [ RunTime:0.000253s ]
INFO: [ app_begin ] --START--
INFO: Run Behavior\ReadHtmlCacheBehavior [ RunTime:0.000342s ]
INFO: [ app_begin ] --END-- [ RunTime:0.000379s ]
SQL: SHOW COLUMNS FROM `party_member2` [ RunTime:0.0011s ]
SQL: SELECT * FROM `party_member2` WHERE `md5` = 'd9c4af185da5d5bf17bd21370828551e' LIMIT 1   [ RunTime:0.0001s ]
SQL: SHOW COLUMNS FROM `party_picture` [ RunTime:0.0006s ]
SQL: SELECT * FROM `party_picture` WHERE `id` = 1 LIMIT 1   [ RunTime:0.0001s ]
SQL: SHOW COLUMNS FROM `party_config` [ RunTime:0.0006s ]
SQL: SELECT * FROM `party_config` WHERE `name` = 'QRCODE_BASE_HOST' LIMIT 1   [ RunTime:0.0001s ]
SQL: SELECT * FROM `party_member2` WHERE `id` = 1 LIMIT 1   [ RunTime:0.0001s ]

[ 2016-04-13T20:25:43+08:00 ] 114.242.248.3 /party/index.php?m=Home&c=Index&a=news
INFO: [ app_init ] --START--
INFO: Run Behavior\BuildLiteBehavior [ RunTime:0.000009s ]
INFO: [ app_init ] --END-- [ RunTime:0.000274s ]
INFO: [ app_begin ] --START--
INFO: Run Behavior\ReadHtmlCacheBehavior [ RunTime:0.000280s ]
INFO: [ app_begin ] --END-- [ RunTime:0.000308s ]
SQL: SHOW COLUMNS FROM `party_news` [ RunTime:0.0007s ]
SQL: SELECT * FROM `party_news` WHERE ( publishtime<now() and type=1 ) LIMIT 0,10   [ RunTime:0.0004s ]
SQL: SHOW COLUMNS FROM `party_picture` [ RunTime:0.0004s ]
SQL: SELECT * FROM `party_picture` WHERE `id` = 2 LIMIT 1   [ RunTime:0.0001s ]
SQL: SELECT * FROM `party_picture` WHERE `id` = 0 LIMIT 1   [ RunTime:0.0001s ]
SQL: SELECT * FROM `party_picture` WHERE `id` = 2 LIMIT 1   [ RunTime:0.0001s ]
SQL: SELECT * FROM `party_picture` WHERE `id` = 0 LIMIT 1   [ RunTime:0.0001s ]
SQL: SELECT * FROM `party_picture` WHERE `id` = 2 LIMIT 1   [ RunTime:0.0001s ]
SQL: SELECT * FROM `party_picture` WHERE `id` = 0 LIMIT 1   [ RunTime:0.0001s ]
SQL: SELECT * FROM `party_picture` WHERE `id` = 2 LIMIT 1   [ RunTime:0.0001s ]
SQL: SELECT * FROM `party_picture` WHERE `id` = 0 LIMIT 1   [ RunTime:0.0001s ]
SQL: SELECT * FROM `party_picture` WHERE `id` = 2 LIMIT 1   [ RunTime:0.0001s ]
SQL: SELECT * FROM `party_picture` WHERE `id` = 0 LIMIT 1   [ RunTime:0.0001s ]

[ 2016-04-13T20:25:45+08:00 ] 114.242.248.3 /party/index.php?m=Home&c=Index&a=news
INFO: [ app_init ] --START--
INFO: Run Behavior\BuildLiteBehavior [ RunTime:0.000009s ]
INFO: [ app_init ] --END-- [ RunTime:0.000220s ]
INFO: [ app_begin ] --START--
INFO: Run Behavior\ReadHtmlCacheBehavior [ RunTime:0.000281s ]
INFO: [ app_begin ] --END-- [ RunTime:0.000309s ]
SQL: SHOW COLUMNS FROM `party_news` [ RunTime:0.0005s ]
SQL: SELECT * FROM `party_news` WHERE ( publishtime<now() and type=2 ) LIMIT 0,10   [ RunTime:0.0004s ]
SQL: SHOW COLUMNS FROM `party_picture` [ RunTime:0.0004s ]
SQL: SELECT * FROM `party_picture` WHERE `id` = 0 LIMIT 1   [ RunTime:0.0001s ]
SQL: SELECT * FROM `party_picture` WHERE `id` = 2 LIMIT 1   [ RunTime:0.0001s ]

[ 2016-04-13T20:25:45+08:00 ] 114.242.248.3 /party/index.php?m=Home&c=Index&a=news
INFO: [ app_init ] --START--
INFO: Run Behavior\BuildLiteBehavior [ RunTime:0.000009s ]
INFO: [ app_init ] --END-- [ RunTime:0.000218s ]
INFO: [ app_begin ] --START--
INFO: Run Behavior\ReadHtmlCacheBehavior [ RunTime:0.000276s ]
INFO: [ app_begin ] --END-- [ RunTime:0.000305s ]
SQL: SHOW COLUMNS FROM `party_news` [ RunTime:0.0005s ]
SQL: SELECT * FROM `party_news` WHERE ( publishtime<now() and type=2 ) LIMIT 10,10   [ RunTime:0.0003s ]

[ 2016-04-13T20:25:55+08:00 ] 114.242.248.3 /party/index.php?m=Home&c=Index&a=member
INFO: [ app_init ] --START--
INFO: Run Behavior\BuildLiteBehavior [ RunTime:0.000009s ]
INFO: [ app_init ] --END-- [ RunTime:0.000222s ]
INFO: [ app_begin ] --START--
INFO: Run Behavior\ReadHtmlCacheBehavior [ RunTime:0.000277s ]
INFO: [ app_begin ] --END-- [ RunTime:0.000305s ]
SQL: SHOW COLUMNS FROM `party_member2` [ RunTime:0.0007s ]
SQL: SELECT * FROM `party_member2` WHERE `md5` = 'd9c4af185da5d5bf17bd21370828551e' LIMIT 1   [ RunTime:0.0001s ]
SQL: SHOW COLUMNS FROM `party_picture` [ RunTime:0.0004s ]
SQL: SELECT * FROM `party_picture` WHERE `id` = 1 LIMIT 1   [ RunTime:0.0001s ]
SQL: SHOW COLUMNS FROM `party_config` [ RunTime:0.0004s ]
SQL: SELECT * FROM `party_config` WHERE `name` = 'QRCODE_BASE_HOST' LIMIT 1   [ RunTime:0.0001s ]
SQL: SELECT * FROM `party_member2` WHERE `id` = 1 LIMIT 1   [ RunTime:0.0001s ]

[ 2016-04-13T20:26:49+08:00 ] 114.242.248.3 /party/index.php?m=Home&c=Index&a=score_record
INFO: [ app_init ] --START--
INFO: Run Behavior\BuildLiteBehavior [ RunTime:0.000015s ]
INFO: [ app_init ] --END-- [ RunTime:0.000328s ]
INFO: [ app_begin ] --START--
INFO: Run Behavior\ReadHtmlCacheBehavior [ RunTime:0.000342s ]
INFO: [ app_begin ] --END-- [ RunTime:0.000372s ]
SQL: SHOW COLUMNS FROM `party_member2` [ RunTime:0.0008s ]
SQL: SELECT * FROM `party_member2` WHERE `md5` = 'd9c4af185da5d5bf17bd21370828551e' LIMIT 1   [ RunTime:0.0001s ]
SQL: select * from (
select a.*,b.name from party_user_event a 
left join party_event b on a.third_id=b.id
where a.uid=1 and a.type=0
union all
select a.*,b.name from party_user_event a 
left join party_task b on a.third_id=b.id
where a.uid=1 and a.type=1
) x where x.status in (0,1) order by x.addtime desc limit 0,10 [ RunTime:0.0001s ]

[ 2016-04-13T20:26:49+08:00 ] 114.242.248.3 /party/index.php?m=Home&c=Index&a=score_record
INFO: [ app_init ] --START--
INFO: Run Behavior\BuildLiteBehavior [ RunTime:0.000009s ]
INFO: [ app_init ] --END-- [ RunTime:0.000274s ]
INFO: [ app_begin ] --START--
INFO: Run Behavior\ReadHtmlCacheBehavior [ RunTime:0.000280s ]
INFO: [ app_begin ] --END-- [ RunTime:0.000308s ]
SQL: SHOW COLUMNS FROM `party_member2` [ RunTime:0.0006s ]
SQL: SELECT * FROM `party_member2` WHERE `md5` = 'd9c4af185da5d5bf17bd21370828551e' LIMIT 1   [ RunTime:0.0001s ]
SQL: select * from (
select a.*,b.name from party_user_event a 
left join party_event b on a.third_id=b.id
where a.uid=1 and a.type=0
union all
select a.*,b.name from party_user_event a 
left join party_task b on a.third_id=b.id
where a.uid=1 and a.type=1
) x where x.status in (0,1) order by x.addtime desc limit 0,10 [ RunTime:0.0001s ]

[ 2016-04-13T20:26:51+08:00 ] 114.242.248.3 /party/index.php?m=Home&c=Index&a=score_record
INFO: [ app_init ] --START--
INFO: Run Behavior\BuildLiteBehavior [ RunTime:0.000010s ]
INFO: [ app_init ] --END-- [ RunTime:0.000232s ]
INFO: [ app_begin ] --START--
INFO: Run Behavior\ReadHtmlCacheBehavior [ RunTime:0.000283s ]
INFO: [ app_begin ] --END-- [ RunTime:0.000310s ]
SQL: SHOW COLUMNS FROM `party_member2` [ RunTime:0.0007s ]
SQL: SELECT * FROM `party_member2` WHERE `md5` = 'd9c4af185da5d5bf17bd21370828551e' LIMIT 1   [ RunTime:0.0001s ]
SQL: select * from (
select a.*,b.name from party_user_event a 
left join party_event b on a.third_id=b.id
where a.uid=1 and a.type=0
union all
select a.*,b.name from party_user_event a 
left join party_task b on a.third_id=b.id
where a.uid=1 and a.type=1
) x where x.status in (0,1) order by x.addtime desc limit 20,10 [ RunTime:0.0001s ]

[ 2016-04-13T20:26:52+08:00 ] 114.242.248.3 /party/index.php?m=Home&c=Index&a=score_record
INFO: [ app_init ] --START--
INFO: Run Behavior\BuildLiteBehavior [ RunTime:0.000010s ]
INFO: [ app_init ] --END-- [ RunTime:0.000243s ]
INFO: [ app_begin ] --START--
INFO: Run Behavior\ReadHtmlCacheBehavior [ RunTime:0.000339s ]
INFO: [ app_begin ] --END-- [ RunTime:0.000369s ]
SQL: SHOW COLUMNS FROM `party_member2` [ RunTime:0.0008s ]
SQL: SELECT * FROM `party_member2` WHERE `md5` = 'd9c4af185da5d5bf17bd21370828551e' LIMIT 1   [ RunTime:0.0002s ]
SQL: select * from (
select a.*,b.name from party_user_event a 
left join party_event b on a.third_id=b.id
where a.uid=1 and a.type=0
union all
select a.*,b.name from party_user_event a 
left join party_task b on a.third_id=b.id
where a.uid=1 and a.type=1
) x where x.status in (0,1) order by x.addtime desc limit 30,10 [ RunTime:0.0001s ]

[ 2016-04-13T20:26:59+08:00 ] 114.242.248.3 /party/index.php?m=Home&c=Index&a=task
INFO: [ app_init ] --START--
INFO: Run Behavior\BuildLiteBehavior [ RunTime:0.000013s ]
INFO: [ app_init ] --END-- [ RunTime:0.000310s ]
INFO: [ app_begin ] --START--
INFO: Run Behavior\ReadHtmlCacheBehavior [ RunTime:0.000330s ]
INFO: [ app_begin ] --END-- [ RunTime:0.000367s ]
SQL: SHOW COLUMNS FROM `party_member2` [ RunTime:0.0006s ]
SQL: SELECT * FROM `party_member2` WHERE `id` = 1 LIMIT 1   [ RunTime:0.0001s ]
SQL: SHOW COLUMNS FROM `party_task` [ RunTime:0.0004s ]
SQL: SELECT * FROM `party_task` WHERE ( status=0 and (gid=0 or gid=2) ) ORDER BY id desc  [ RunTime:0.0001s ]

[ 2016-04-13T20:27:19+08:00 ] 114.242.248.3 /party/index.php?m=Home&c=Index&a=news
INFO: [ app_init ] --START--
INFO: Run Behavior\BuildLiteBehavior [ RunTime:0.000009s ]
INFO: [ app_init ] --END-- [ RunTime:0.000332s ]
INFO: [ app_begin ] --START--
INFO: Run Behavior\ReadHtmlCacheBehavior [ RunTime:0.000286s ]
INFO: [ app_begin ] --END-- [ RunTime:0.000320s ]
SQL: SHOW COLUMNS FROM `party_news` [ RunTime:0.0005s ]
SQL: SELECT * FROM `party_news` WHERE ( publishtime<now() and type=1 ) LIMIT 0,10   [ RunTime:0.0003s ]
SQL: SHOW COLUMNS FROM `party_picture` [ RunTime:0.0004s ]
SQL: SELECT * FROM `party_picture` WHERE `id` = 2 LIMIT 1   [ RunTime:0.0001s ]
SQL: SELECT * FROM `party_picture` WHERE `id` = 0 LIMIT 1   [ RunTime:0.0001s ]
SQL: SELECT * FROM `party_picture` WHERE `id` = 2 LIMIT 1   [ RunTime:0.0001s ]
SQL: SELECT * FROM `party_picture` WHERE `id` = 0 LIMIT 1   [ RunTime:0.0001s ]
SQL: SELECT * FROM `party_picture` WHERE `id` = 2 LIMIT 1   [ RunTime:0.0001s ]
SQL: SELECT * FROM `party_picture` WHERE `id` = 0 LIMIT 1   [ RunTime:0.0001s ]
SQL: SELECT * FROM `party_picture` WHERE `id` = 2 LIMIT 1   [ RunTime:0.0001s ]
SQL: SELECT * FROM `party_picture` WHERE `id` = 0 LIMIT 1   [ RunTime:0.0001s ]
SQL: SELECT * FROM `party_picture` WHERE `id` = 2 LIMIT 1   [ RunTime:0.0001s ]
SQL: SELECT * FROM `party_picture` WHERE `id` = 0 LIMIT 1   [ RunTime:0.0001s ]

[ 2016-04-13T20:27:24+08:00 ] 114.242.248.3 /party/index.php?m=Home&c=Index&a=newdetail
INFO: [ app_init ] --START--
INFO: Run Behavior\BuildLiteBehavior [ RunTime:0.000013s ]
INFO: [ app_init ] --END-- [ RunTime:0.000319s ]
INFO: [ app_begin ] --START--
INFO: Run Behavior\ReadHtmlCacheBehavior [ RunTime:0.000489s ]
INFO: [ app_begin ] --END-- [ RunTime:0.000553s ]
SQL: SHOW COLUMNS FROM `party_news` [ RunTime:0.0006s ]
SQL: SELECT * FROM `party_news` WHERE `id` = 1 LIMIT 1   [ RunTime:0.0001s ]
SQL: SHOW COLUMNS FROM `party_picture` [ RunTime:0.0005s ]
SQL: SELECT * FROM `party_picture` WHERE `id` = 2 LIMIT 1   [ RunTime:0.0001s ]

[ 2016-04-13T20:27:26+08:00 ] 114.242.248.3 /party/index.php?m=Home&c=Index&a=news
INFO: [ app_init ] --START--
INFO: Run Behavior\BuildLiteBehavior [ RunTime:0.000014s ]
INFO: [ app_init ] --END-- [ RunTime:0.000290s ]
INFO: [ app_begin ] --START--
INFO: Run Behavior\ReadHtmlCacheBehavior [ RunTime:0.000348s ]
INFO: [ app_begin ] --END-- [ RunTime:0.000382s ]
SQL: SHOW COLUMNS FROM `party_news` [ RunTime:0.0008s ]
SQL: SELECT * FROM `party_news` WHERE ( publishtime<now() and type=1 ) LIMIT 0,10   [ RunTime:0.0007s ]
SQL: SHOW COLUMNS FROM `party_picture` [ RunTime:0.0005s ]
SQL: SELECT * FROM `party_picture` WHERE `id` = 2 LIMIT 1   [ RunTime:0.0001s ]
SQL: SELECT * FROM `party_picture` WHERE `id` = 0 LIMIT 1   [ RunTime:0.0001s ]
SQL: SELECT * FROM `party_picture` WHERE `id` = 2 LIMIT 1   [ RunTime:0.0001s ]
SQL: SELECT * FROM `party_picture` WHERE `id` = 0 LIMIT 1   [ RunTime:0.0001s ]
SQL: SELECT * FROM `party_picture` WHERE `id` = 2 LIMIT 1   [ RunTime:0.0001s ]
SQL: SELECT * FROM `party_picture` WHERE `id` = 0 LIMIT 1   [ RunTime:0.0001s ]
SQL: SELECT * FROM `party_picture` WHERE `id` = 2 LIMIT 1   [ RunTime:0.0001s ]
SQL: SELECT * FROM `party_picture` WHERE `id` = 0 LIMIT 1   [ RunTime:0.0001s ]
SQL: SELECT * FROM `party_picture` WHERE `id` = 2 LIMIT 1   [ RunTime:0.0001s ]
SQL: SELECT * FROM `party_picture` WHERE `id` = 0 LIMIT 1   [ RunTime:0.0001s ]

[ 2016-04-13T20:27:39+08:00 ] 114.242.248.3 /party/index.php?m=Home&c=Index&a=topn
INFO: [ app_init ] --START--
INFO: Run Behavior\BuildLiteBehavior [ RunTime:0.000013s ]
INFO: [ app_init ] --END-- [ RunTime:0.000319s ]
INFO: [ app_begin ] --START--
INFO: Run Behavior\ReadHtmlCacheBehavior [ RunTime:0.000410s ]
INFO: [ app_begin ] --END-- [ RunTime:0.000450s ]
SQL: SHOW COLUMNS FROM `party_member2` [ RunTime:0.0007s ]
SQL: SELECT * FROM `party_member2` ORDER BY score desc,id asc LIMIT 10   [ RunTime:0.0001s ]
SQL: SHOW COLUMNS FROM `party_picture` [ RunTime:0.0005s ]
SQL: SELECT * FROM `party_picture` WHERE `id` = 1 LIMIT 1   [ RunTime:0.0001s ]
SQL: SHOW COLUMNS FROM `party_config` [ RunTime:0.0005s ]
SQL: SELECT * FROM `party_config` WHERE `name` = 'QRCODE_BASE_HOST' LIMIT 1   [ RunTime:0.0001s ]
SQL: SELECT * FROM `party_picture` WHERE `id` = 2 LIMIT 1   [ RunTime:0.0001s ]
SQL: SELECT * FROM `party_config` WHERE `name` = 'QRCODE_BASE_HOST' LIMIT 1   [ RunTime:0.0001s ]
SQL: SELECT * FROM `party_picture` WHERE `id` = 1 LIMIT 1   [ RunTime:0.0001s ]
SQL: SELECT * FROM `party_config` WHERE `name` = 'QRCODE_BASE_HOST' LIMIT 1   [ RunTime:0.0001s ]
SQL: SELECT * FROM `party_picture` WHERE `id` = 1 LIMIT 1   [ RunTime:0.0001s ]
SQL: SELECT * FROM `party_config` WHERE `name` = 'QRCODE_BASE_HOST' LIMIT 1   [ RunTime:0.0001s ]
SQL: SELECT * FROM `party_picture` WHERE `id` = 1 LIMIT 1   [ RunTime:0.0001s ]
SQL: SELECT * FROM `party_config` WHERE `name` = 'QRCODE_BASE_HOST' LIMIT 1   [ RunTime:0.0001s ]
SQL: SELECT * FROM `party_picture` WHERE `id` = 9 LIMIT 1   [ RunTime:0.0001s ]
SQL: SELECT * FROM `party_config` WHERE `name` = 'QRCODE_BASE_HOST' LIMIT 1   [ RunTime:0.0001s ]

[ 2016-04-13T20:28:06+08:00 ] 114.242.248.3 /party/index.php?m=Home&c=Index&a=member
INFO: [ app_init ] --START--
INFO: Run Behavior\BuildLiteBehavior [ RunTime:0.000008s ]
INFO: [ app_init ] --END-- [ RunTime:0.000230s ]
INFO: [ app_begin ] --START--
INFO: Run Behavior\ReadHtmlCacheBehavior [ RunTime:0.000280s ]
INFO: [ app_begin ] --END-- [ RunTime:0.000309s ]
SQL: SHOW COLUMNS FROM `party_member2` [ RunTime:0.0008s ]
SQL: SELECT * FROM `party_member2` WHERE `md5` = 'd9c4af185da5d5bf17bd21370828551e' LIMIT 1   [ RunTime:0.0001s ]
SQL: SHOW COLUMNS FROM `party_picture` [ RunTime:0.0005s ]
SQL: SELECT * FROM `party_picture` WHERE `id` = 1 LIMIT 1   [ RunTime:0.0001s ]
SQL: SHOW COLUMNS FROM `party_config` [ RunTime:0.0005s ]
SQL: SELECT * FROM `party_config` WHERE `name` = 'QRCODE_BASE_HOST' LIMIT 1   [ RunTime:0.0001s ]
SQL: SELECT * FROM `party_member2` WHERE `id` = 1 LIMIT 1   [ RunTime:0.0001s ]

[ 2016-04-13T20:28:45+08:00 ] 114.242.248.3 /party/index.php?m=Home&c=Index&a=score
INFO: [ app_init ] --START--
INFO: Run Behavior\BuildLiteBehavior [ RunTime:0.000009s ]
INFO: [ app_init ] --END-- [ RunTime:0.000228s ]
INFO: [ app_begin ] --START--
INFO: Run Behavior\ReadHtmlCacheBehavior [ RunTime:0.000300s ]
INFO: [ app_begin ] --END-- [ RunTime:0.000335s ]
SQL: SHOW COLUMNS FROM `party_event` [ RunTime:0.0006s ]
SQL: SELECT * FROM `party_event` WHERE `type` = 1  [ RunTime:0.0001s ]
SQL: SELECT * FROM `party_event` WHERE `type` = 2  [ RunTime:0.0001s ]
SQL: SELECT * FROM `party_event` WHERE `type` = 3  [ RunTime:0.0001s ]

[ 2016-04-13T20:28:56+08:00 ] 114.242.248.3 /party/index.php?m=Home&c=Index&a=group_member
INFO: [ app_init ] --START--
INFO: Run Behavior\BuildLiteBehavior [ RunTime:0.000011s ]
INFO: [ app_init ] --END-- [ RunTime:0.000305s ]
INFO: [ app_begin ] --START--
INFO: Run Behavior\ReadHtmlCacheBehavior [ RunTime:0.000500s ]
INFO: [ app_begin ] --END-- [ RunTime:0.000538s ]
SQL: SHOW COLUMNS FROM `party_member2` [ RunTime:0.0006s ]
SQL: SELECT * FROM `party_member2` WHERE ( id=1 ) LIMIT 1   [ RunTime:0.0003s ]
SQL: SELECT * FROM `party_member2` WHERE ( groupid=2 )  [ RunTime:0.0002s ]

[ 2016-04-13T20:29:12+08:00 ] 114.242.248.3 /party/index.php?m=Home&c=Index&a=add_score_event
INFO: [ app_init ] --START--
INFO: Run Behavior\BuildLiteBehavior [ RunTime:0.000011s ]
INFO: [ app_init ] --END-- [ RunTime:0.000308s ]
INFO: [ app_begin ] --START--
INFO: Run Behavior\ReadHtmlCacheBehavior [ RunTime:0.000324s ]
INFO: [ app_begin ] --END-- [ RunTime:0.000352s ]
SQL: SHOW COLUMNS FROM `party_member2` [ RunTime:0.0006s ]
SQL: SELECT * FROM `party_member2` WHERE `id` = 1 LIMIT 1   [ RunTime:0.0001s ]
SQL: SELECT * FROM `party_member2` WHERE `md5` = '0b3bb4aaead7b4be0c0d6406618a1979' LIMIT 1   [ RunTime:0.0003s ]
SQL: SHOW COLUMNS FROM `party_event` [ RunTime:0.0004s ]
SQL: SELECT * FROM `party_event` WHERE `id` = 25 LIMIT 1   [ RunTime:0.0002s ]
SQL: SHOW COLUMNS FROM `party_user_event` [ RunTime:0.0004s ]
SQL: INSERT INTO `party_user_event` (`uid`,`addtime`,`third_id`,`remark`,`type`,`score`,`status`,`mid`) VALUES ('14','2016-04-13 20:29:12','25','','0','-2','0','1') [ RunTime:0.1924s ]
SQL: UPDATE `party_member2` SET `score`=score+-2 WHERE `md5` = '0b3bb4aaead7b4be0c0d6406618a1979' [ RunTime:0.0254s ]

[ 2016-04-13T20:29:15+08:00 ] 114.242.248.3 /party/index.php?m=Home&c=Index&a=member
INFO: [ app_init ] --START--
INFO: Run Behavior\BuildLiteBehavior [ RunTime:0.000011s ]
INFO: [ app_init ] --END-- [ RunTime:0.000291s ]
INFO: [ app_begin ] --START--
INFO: Run Behavior\ReadHtmlCacheBehavior [ RunTime:0.000296s ]
INFO: [ app_begin ] --END-- [ RunTime:0.000323s ]
SQL: SHOW COLUMNS FROM `party_member2` [ RunTime:0.0006s ]
SQL: SELECT * FROM `party_member2` WHERE `md5` = 'd9c4af185da5d5bf17bd21370828551e' LIMIT 1   [ RunTime:0.0003s ]
SQL: SHOW COLUMNS FROM `party_picture` [ RunTime:0.0004s ]
SQL: SELECT * FROM `party_picture` WHERE `id` = 1 LIMIT 1   [ RunTime:0.0001s ]
SQL: SHOW COLUMNS FROM `party_config` [ RunTime:0.0005s ]
SQL: SELECT * FROM `party_config` WHERE `name` = 'QRCODE_BASE_HOST' LIMIT 1   [ RunTime:0.0001s ]
SQL: SELECT * FROM `party_member2` WHERE `id` = 1 LIMIT 1   [ RunTime:0.0002s ]

[ 2016-04-13T20:29:36+08:00 ] 114.242.248.3 /party/index.php?m=Home&c=Index&a=score_record
INFO: [ app_init ] --START--
INFO: Run Behavior\BuildLiteBehavior [ RunTime:0.000011s ]
INFO: [ app_init ] --END-- [ RunTime:0.000234s ]
INFO: [ app_begin ] --START--
INFO: Run Behavior\ReadHtmlCacheBehavior [ RunTime:0.001346s ]
INFO: [ app_begin ] --END-- [ RunTime:0.001374s ]
SQL: SHOW COLUMNS FROM `party_member2` [ RunTime:0.0007s ]
SQL: SELECT * FROM `party_member2` WHERE `md5` = 'd9c4af185da5d5bf17bd21370828551e' LIMIT 1   [ RunTime:0.0001s ]
SQL: select * from (
select a.*,b.name from party_user_event a 
left join party_event b on a.third_id=b.id
where a.uid=1 and a.type=0
union all
select a.*,b.name from party_user_event a 
left join party_task b on a.third_id=b.id
where a.uid=1 and a.type=1
) x where x.status in (0,1) order by x.addtime desc limit 0,10 [ RunTime:0.0010s ]

[ 2016-04-13T20:29:36+08:00 ] 114.242.248.3 /party/index.php?m=Home&c=Index&a=score_record
INFO: [ app_init ] --START--
INFO: Run Behavior\BuildLiteBehavior [ RunTime:0.000008s ]
INFO: [ app_init ] --END-- [ RunTime:0.000213s ]
INFO: [ app_begin ] --START--
INFO: Run Behavior\ReadHtmlCacheBehavior [ RunTime:0.000311s ]
INFO: [ app_begin ] --END-- [ RunTime:0.000340s ]
SQL: SHOW COLUMNS FROM `party_member2` [ RunTime:0.0005s ]
SQL: SELECT * FROM `party_member2` WHERE `md5` = 'd9c4af185da5d5bf17bd21370828551e' LIMIT 1   [ RunTime:0.0001s ]
SQL: select * from (
select a.*,b.name from party_user_event a 
left join party_event b on a.third_id=b.id
where a.uid=1 and a.type=0
union all
select a.*,b.name from party_user_event a 
left join party_task b on a.third_id=b.id
where a.uid=1 and a.type=1
) x where x.status in (0,1) order by x.addtime desc limit 0,10 [ RunTime:0.0001s ]

[ 2016-04-13T20:31:17+08:00 ] 114.242.248.3 /party/index.php?m=Home&c=Index&a=member
INFO: [ app_init ] --START--
INFO: Run Behavior\BuildLiteBehavior [ RunTime:0.000010s ]
INFO: [ app_init ] --END-- [ RunTime:0.000238s ]
INFO: [ app_begin ] --START--
INFO: Run Behavior\ReadHtmlCacheBehavior [ RunTime:0.000309s ]
INFO: [ app_begin ] --END-- [ RunTime:0.000338s ]
SQL: SHOW COLUMNS FROM `party_member2` [ RunTime:0.0006s ]
SQL: SELECT * FROM `party_member2` WHERE `md5` = 'd9c4af185da5d5bf17bd21370828551e' LIMIT 1   [ RunTime:0.0001s ]
SQL: SHOW COLUMNS FROM `party_picture` [ RunTime:0.0004s ]
SQL: SELECT * FROM `party_picture` WHERE `id` = 1 LIMIT 1   [ RunTime:0.0001s ]
SQL: SHOW COLUMNS FROM `party_config` [ RunTime:0.0004s ]
SQL: SELECT * FROM `party_config` WHERE `name` = 'QRCODE_BASE_HOST' LIMIT 1   [ RunTime:0.0001s ]
SQL: SELECT * FROM `party_member2` WHERE `id` = 1 LIMIT 1   [ RunTime:0.0001s ]

