[ 2016-03-24T14:00:55+08:00 ] 127.0.0.1 /index.php?m=Home&c=Index&a=member
INFO: [ app_init ] --START--
INFO: Run Behavior\BuildLiteBehavior [ RunTime:0.000000s ]
INFO: [ app_init ] --END-- [ RunTime:0.087005s ]
INFO: [ app_begin ] --START--
INFO: Run Behavior\ReadHtmlCacheBehavior [ RunTime:0.059003s ]
INFO: [ app_begin ] --END-- [ RunTime:0.059003s ]
NOTIC: [8192] mysql_connect(): The mysql extension is deprecated and will be removed in the future: use mysqli or PDO instead C:\Users\xumingxun\Desktop\tg\ThinkPHP\Library\Think\Session\Driver\Db.class.php 第 95 行.
ERR: 非法操作:member

[ 2016-03-24T15:30:20+08:00 ] 127.0.0.1 /index.php?m=Admin&c=Index&a=login
INFO: [ app_init ] --START--
INFO: Run Behavior\BuildLiteBehavior [ RunTime:0.000000s ]
INFO: [ app_init ] --END-- [ RunTime:0.001000s ]
INFO: [ app_begin ] --START--
INFO: Run Behavior\ReadHtmlCacheBehavior [ RunTime:0.002000s ]
INFO: [ app_begin ] --END-- [ RunTime:0.002000s ]
NOTIC: [8192] mysql_connect(): The mysql extension is deprecated and will be removed in the future: use mysqli or PDO instead C:\Users\xumingxun\Desktop\tg\ThinkPHP\Library\Think\Session\Driver\Db.class.php 第 95 行.
ERR: 非法操作:login

[ 2016-03-24T15:33:41+08:00 ] 127.0.0.1 /index.php?m=Admin&c=Index&a=login
INFO: [ app_init ] --START--
INFO: Run Behavior\BuildLiteBehavior [ RunTime:0.000000s ]
INFO: [ app_init ] --END-- [ RunTime:0.001000s ]
INFO: [ app_begin ] --START--
INFO: Run Behavior\ReadHtmlCacheBehavior [ RunTime:0.002000s ]
INFO: [ app_begin ] --END-- [ RunTime:0.002000s ]
NOTIC: [8192] mysql_connect(): The mysql extension is deprecated and will be removed in the future: use mysqli or PDO instead C:\Users\xumingxun\Desktop\tg\ThinkPHP\Library\Think\Session\Driver\Db.class.php 第 95 行.
ERR: 非法操作:login

[ 2016-03-24T15:34:53+08:00 ] 127.0.0.1 /index.php?m=Admin&c=Auth&a=login
INFO: [ app_init ] --START--
INFO: Run Behavior\BuildLiteBehavior [ RunTime:0.000000s ]
INFO: [ app_init ] --END-- [ RunTime:0.001000s ]
INFO: [ app_begin ] --START--
INFO: Run Behavior\ReadHtmlCacheBehavior [ RunTime:0.001000s ]
INFO: [ app_begin ] --END-- [ RunTime:0.001000s ]
NOTIC: [8192] mysql_connect(): The mysql extension is deprecated and will be removed in the future: use mysqli or PDO instead C:\Users\xumingxun\Desktop\tg\ThinkPHP\Library\Think\Session\Driver\Db.class.php 第 95 行.
INFO: [ view_parse ] --START--
INFO: [ template_filter ] --START--
INFO: Run Behavior\ContentReplaceBehavior [ RunTime:0.034002s ]
INFO: [ template_filter ] --END-- [ RunTime:0.036002s ]
INFO: Run Behavior\ParseTemplateBehavior [ RunTime:0.222013s ]
INFO: [ view_parse ] --END-- [ RunTime:0.223013s ]
INFO: [ view_filter ] --START--
INFO: Run Behavior\WriteHtmlCacheBehavior [ RunTime:0.053003s ]
INFO: [ view_filter ] --END-- [ RunTime:0.055003s ]
INFO: [ app_end ] --START--
INFO: Run Behavior\ShowPageTraceBehavior [ RunTime:0.016001s ]
INFO: [ app_end ] --END-- [ RunTime:0.017001s ]

[ 2016-03-24T17:05:26+08:00 ] 127.0.0.1 /index.php?m=Home&c=Index&a=member
INFO: [ app_init ] --START--
INFO: Run Behavior\BuildLiteBehavior [ RunTime:0.000000s ]
INFO: [ app_init ] --END-- [ RunTime:0.001000s ]
INFO: [ app_begin ] --START--
INFO: Run Behavior\ReadHtmlCacheBehavior [ RunTime:0.003000s ]
INFO: [ app_begin ] --END-- [ RunTime:0.004000s ]
NOTIC: [8192] mysql_connect(): The mysql extension is deprecated and will be removed in the future: use mysqli or PDO instead C:\Users\xumingxun\Desktop\tg\ThinkPHP\Library\Think\Session\Driver\Db.class.php 第 95 行.
ERR: 非法操作:member

[ 2016-03-24T17:05:40+08:00 ] 127.0.0.1 /index.php?m=Home&c=Index&a=member
INFO: [ app_init ] --START--
INFO: Run Behavior\BuildLiteBehavior [ RunTime:0.001000s ]
INFO: [ app_init ] --END-- [ RunTime:0.001000s ]
INFO: [ app_begin ] --START--
INFO: Run Behavior\ReadHtmlCacheBehavior [ RunTime:0.001000s ]
INFO: [ app_begin ] --END-- [ RunTime:0.002000s ]
NOTIC: [8192] mysql_connect(): The mysql extension is deprecated and will be removed in the future: use mysqli or PDO instead C:\Users\xumingxun\Desktop\tg\ThinkPHP\Library\Think\Session\Driver\Db.class.php 第 95 行.
ERR: 非法操作:member

[ 2016-03-24T17:08:59+08:00 ] 127.0.0.1 /index.php?m=Home&c=Index&a=member
INFO: [ app_init ] --START--
INFO: Run Behavior\BuildLiteBehavior [ RunTime:0.000000s ]
INFO: [ app_init ] --END-- [ RunTime:0.000000s ]
INFO: [ app_begin ] --START--
INFO: Run Behavior\ReadHtmlCacheBehavior [ RunTime:0.001000s ]
INFO: [ app_begin ] --END-- [ RunTime:0.001000s ]
NOTIC: [8192] mysql_connect(): The mysql extension is deprecated and will be removed in the future: use mysqli or PDO instead C:\Users\xumingxun\Desktop\tg\ThinkPHP\Library\Think\Session\Driver\Db.class.php 第 95 行.
ERR: 非法操作:member

[ 2016-03-24T17:09:01+08:00 ] 127.0.0.1 /index.php?m=Home&c=Index&a=member
INFO: [ app_init ] --START--
INFO: Run Behavior\BuildLiteBehavior [ RunTime:0.000000s ]
INFO: [ app_init ] --END-- [ RunTime:0.002000s ]
INFO: [ app_begin ] --START--
INFO: Run Behavior\ReadHtmlCacheBehavior [ RunTime:0.001000s ]
INFO: [ app_begin ] --END-- [ RunTime:0.002000s ]
NOTIC: [8192] mysql_connect(): The mysql extension is deprecated and will be removed in the future: use mysqli or PDO instead C:\Users\xumingxun\Desktop\tg\ThinkPHP\Library\Think\Session\Driver\Db.class.php 第 95 行.
ERR: 非法操作:member

[ 2016-03-24T17:10:04+08:00 ] 127.0.0.1 /index.php?m=Home&c=Index&a=member
INFO: [ app_init ] --START--
INFO: Run Behavior\BuildLiteBehavior [ RunTime:0.000000s ]
INFO: [ app_init ] --END-- [ RunTime:0.002000s ]
INFO: [ app_begin ] --START--
INFO: Run Behavior\ReadHtmlCacheBehavior [ RunTime:0.002000s ]
INFO: [ app_begin ] --END-- [ RunTime:0.002000s ]
NOTIC: [8192] mysql_connect(): The mysql extension is deprecated and will be removed in the future: use mysqli or PDO instead C:\Users\xumingxun\Desktop\tg\ThinkPHP\Library\Think\Session\Driver\Db.class.php 第 95 行.
ERR: 非法操作:member

[ 2016-03-24T17:11:07+08:00 ] 127.0.0.1 /index.php?m=Home&c=Index&a=member
INFO: [ app_init ] --START--
INFO: Run Behavior\BuildLiteBehavior [ RunTime:0.000000s ]
INFO: [ app_init ] --END-- [ RunTime:0.001000s ]
INFO: [ app_begin ] --START--
INFO: Run Behavior\ReadHtmlCacheBehavior [ RunTime:0.001000s ]
INFO: [ app_begin ] --END-- [ RunTime:0.002000s ]
NOTIC: [8192] mysql_connect(): The mysql extension is deprecated and will be removed in the future: use mysqli or PDO instead C:\Users\xumingxun\Desktop\tg\ThinkPHP\Library\Think\Session\Driver\Db.class.php 第 95 行.
ERR: 非法操作:member

[ 2016-03-24T17:11:54+08:00 ] 127.0.0.1 /index.php?m=Home&c=Index&a=member
INFO: [ app_init ] --START--
INFO: Run Behavior\BuildLiteBehavior [ RunTime:0.000000s ]
INFO: [ app_init ] --END-- [ RunTime:0.000000s ]
INFO: [ app_begin ] --START--
INFO: Run Behavior\ReadHtmlCacheBehavior [ RunTime:0.001000s ]
INFO: [ app_begin ] --END-- [ RunTime:0.002000s ]
NOTIC: [8192] mysql_connect(): The mysql extension is deprecated and will be removed in the future: use mysqli or PDO instead C:\Users\xumingxun\Desktop\tg\ThinkPHP\Library\Think\Session\Driver\Db.class.php 第 95 行.
ERR: 非法操作:member

[ 2016-03-24T17:13:29+08:00 ] 127.0.0.1 /index.php?m=Home&c=Index&a=member
ERR: 非法操作:member

[ 2016-03-24T17:13:44+08:00 ] 127.0.0.1 /index.php?m=Home&c=Index&a=member
ERR: 非法操作:member

[ 2016-03-24T17:13:50+08:00 ] 127.0.0.1 /index.php?m=Home&c=Index&a=member&md5=xx
ERR: 非法操作:member

[ 2016-03-24T17:14:09+08:00 ] 127.0.0.1 /index.php?m=Home&c=Index&a=member&md5=d9c4af185da5d5bf17bd21370828551e
ERR: 非法操作:member

[ 2016-03-24T17:14:12+08:00 ] 127.0.0.1 /index.php?m=Home&c=Index&a=member&md5=d9c4af185da5d5bf17bd21370828551e
ERR: 非法操作:member

[ 2016-03-24T17:14:38+08:00 ] 127.0.0.1 /index.php?m=Home&c=Index&a=member&md5=d9c4af185da5d5bf17bd21370828551e
ERR: 非法操作:member

[ 2016-03-24T17:14:39+08:00 ] 127.0.0.1 /index.php?m=Home&c=Index&a=member&md5=d9c4af185da5d5bf17bd21370828551e
ERR: 非法操作:member

[ 2016-03-24T17:15:19+08:00 ] 127.0.0.1 /index.php?m=Home&c=Index&a=member&md=d9c4af185da5d5bf17bd21370828551e
ERR: 非法操作:member

[ 2016-03-24T17:15:20+08:00 ] 127.0.0.1 /index.php?m=Home&c=Index&a=member&md=d9c4af185da5d5bf17bd21370828551e
ERR: 非法操作:member

[ 2016-03-24T17:15:25+08:00 ] 127.0.0.1 /index.php?m=Home&c=Index&a=member&md=d9c4af185da5d5bf17bd21370828551e
ERR: 非法操作:member

[ 2016-03-24T17:15:26+08:00 ] 127.0.0.1 /index.php?m=Home&c=Index&a=member&md=d9c4af185da5d5bf17bd21370828551e
ERR: 非法操作:member

[ 2016-03-24T17:15:39+08:00 ] 127.0.0.1 /index.php?m=Home&c=Index&a=member&md=d9c4af185da5d5bf17bd21370828551e
ERR: 非法操作:member

[ 2016-03-24T17:15:48+08:00 ] 127.0.0.1 /index.php?m=Home&c=Index&a=member&md=d9c4af185da5d5bf17bd21370828551e
ERR: 非法操作:member

